<?xml version="1.0" encoding="UTF-8"?>
<testsuite name="controllers.ControllerTest" tests="28" skipped="0" failures="0" errors="0" timestamp="2023-02-05T21:20:44" hostname="LENOVO3212" time="5.637">
  <properties/>
  <testcase name="deleteTurno()" classname="controllers.ControllerTest" time="1.712"/>
  <testcase name="updatePedido()" classname="controllers.ControllerTest" time="0.128"/>
  <testcase name="deletePedido()" classname="controllers.ControllerTest" time="0.071"/>
  <testcase name="deleteMaquinaPersonalizar()" classname="controllers.ControllerTest" time="0.132"/>
  <testcase name="updateTareaPersonalizacion()" classname="controllers.ControllerTest" time="0.998"/>
  <testcase name="updateTurno()" classname="controllers.ControllerTest" time="0.051"/>
  <testcase name="createTurno()" classname="controllers.ControllerTest" time="0.042"/>
  <testcase name="updateUser()" classname="controllers.ControllerTest" time="0.036"/>
  <testcase name="findAllPedido()" classname="controllers.ControllerTest" time="0.037"/>
  <testcase name="updateProducto()" classname="controllers.ControllerTest" time="0.131"/>
  <testcase name="createMaquinaPersonalizar()" classname="controllers.ControllerTest" time="0.114"/>
  <testcase name="createProducto()" classname="controllers.ControllerTest" time="0.059"/>
  <testcase name="updateMaquinaPersonalizar()" classname="controllers.ControllerTest" time="0.088"/>
  <testcase name="deleteTareaPersonalizacion()" classname="controllers.ControllerTest" time="0.415"/>
  <testcase name="findAllProducto()" classname="controllers.ControllerTest" time="0.106"/>
  <testcase name="deleteMaquinaEncordar()" classname="controllers.ControllerTest" time="0.125"/>
  <testcase name="createMaquinaEncordar()" classname="controllers.ControllerTest" time="0.088"/>
  <testcase name="deleteProducto()" classname="controllers.ControllerTest" time="0.083"/>
  <testcase name="createUser()" classname="controllers.ControllerTest" time="0.026"/>
  <testcase name="createPedido()" classname="controllers.ControllerTest" time="0.036"/>
  <testcase name="deleteUser()" classname="controllers.ControllerTest" time="0.025"/>
  <testcase name="findAllMaquinaEncordarPersonalizar()" classname="controllers.ControllerTest" time="0.08"/>
  <testcase name="findAllTurno()" classname="controllers.ControllerTest" time="0.041"/>
  <testcase name="findAllUsers()" classname="controllers.ControllerTest" time="0.037"/>
  <testcase name="findAllTareaPersonalizar()" classname="controllers.ControllerTest" time="0.414"/>
  <testcase name="findAllMaquinaEncordarEncordar()" classname="controllers.ControllerTest" time="0.079"/>
  <testcase name="createTareaPersonalizar()" classname="controllers.ControllerTest" time="0.369"/>
  <testcase name="updateMaquinaEncordar()" classname="controllers.ControllerTest" time="0.098"/>
  <system-out><![CDATA[22:20:44.143 [Test worker] DEBUG services.cache.CacheClient - SqlDeLightClient.init() - Create Schemas
MongoDB -> mongodb://localhost/tenistas?authSource=admin
22:20:44.913 [Test worker @coroutine#1] DEBUG org.mongodb.driver.cluster - Updating cluster description to  {type=UNKNOWN, servers=[{address=localhost:27017, type=UNKNOWN, state=CONNECTING}]
22:20:44.953 [Test worker @coroutine#1] INFO org.mongodb.driver.client - MongoClient with metadata {"driver": {"name": "mongo-java-driver|reactive-streams|kmongo", "version": "4.7.2"}, "os": {"type": "Windows", "name": "Windows 11", "architecture": "amd64", "version": "10.0"}, "platform": "Java/BellSoft/17.0.3.1+2-LTS|Kotlin/1.7.21"} created with settings MongoClientSettings{readPreference=primary, writeConcern=WriteConcern{w=null, wTimeout=null ms, journal=null}, retryWrites=true, retryReads=true, readConcern=ReadConcern{level=null}, credential=null, streamFactoryFactory=null, commandListeners=[], codecRegistry=ProvidersCodecRegistry{codecProviders=[ProvidersCodecRegistry{codecProviders=[ValueCodecProvider{}, BsonValueCodecProvider{}, DBRefCodecProvider{}, DBObjectCodecProvider{}, DocumentCodecProvider{}, IterableCodecProvider{}, MapCodecProvider{}, GeoJsonCodecProvider{}, GridFSFileCodecProvider{}, Jsr310CodecProvider{}, JsonObjectCodecProvider{}, BsonCodecProvider{}, EnumCodecProvider{}, com.mongodb.Jep395RecordCodecProvider@35d5ac51]}, org.litote.kmongo.service.CustomCodecProvider@b606cb6, ProvidersCodecRegistry{codecProviders=[org.litote.kmongo.jackson.JacksonCodecProvider@2a3194c6]}]}, clusterSettings={hosts=[localhost:27017], srvServiceName=mongodb, mode=SINGLE, requiredClusterType=UNKNOWN, requiredReplicaSetName='null', serverSelector='null', clusterListeners='[]', serverSelectionTimeout='30000 ms', localThreshold='30000 ms'}, socketSettings=SocketSettings{connectTimeoutMS=10000, readTimeoutMS=0, receiveBufferSize=0, sendBufferSize=0}, heartbeatSocketSettings=SocketSettings{connectTimeoutMS=10000, readTimeoutMS=10000, receiveBufferSize=0, sendBufferSize=0}, connectionPoolSettings=ConnectionPoolSettings{maxSize=100, minSize=0, maxWaitTimeMS=120000, maxConnectionLifeTimeMS=0, maxConnectionIdleTimeMS=0, maintenanceInitialDelayMS=0, maintenanceFrequencyMS=60000, connectionPoolListeners=[], maxConnecting=2}, serverSettings=ServerSettings{heartbeatFrequencyMS=10000, minHeartbeatFrequencyMS=500, serverListeners='[]', serverMonitorListeners='[]'}, sslSettings=SslSettings{enabled=false, invalidHostNameAllowed=false, context=null}, applicationName='null', compressorList=[], uuidRepresentation=UNSPECIFIED, serverApi=null, autoEncryptionSettings=null, contextProvider=null}
22:20:44.968 [cluster-rtt-ClusterId{value='63e01daccc53d942a0b0e431', description='null'}-localhost:27017] INFO org.mongodb.driver.connection - Opened connection [connectionId{localValue:2, serverValue:1799}] to localhost:27017
22:20:44.968 [cluster-ClusterId{value='63e01daccc53d942a0b0e431', description='null'}-localhost:27017] INFO org.mongodb.driver.connection - Opened connection [connectionId{localValue:1, serverValue:1800}] to localhost:27017
22:20:44.968 [cluster-ClusterId{value='63e01daccc53d942a0b0e431', description='null'}-localhost:27017] INFO org.mongodb.driver.cluster - Monitor thread successfully connected to server with description ServerDescription{address=localhost:27017, type=STANDALONE, state=CONNECTED, ok=true, minWireVersion=0, maxWireVersion=17, maxDocumentSize=16777216, logicalSessionTimeoutMinutes=30, roundTripTimeNanos=29259900}
22:20:44.970 [cluster-ClusterId{value='63e01daccc53d942a0b0e431', description='null'}-localhost:27017] DEBUG org.mongodb.driver.connection - Marking the connection pool for ServerId{clusterId=ClusterId{value='63e01daccc53d942a0b0e431', description='null'}, address=localhost:27017} as 'ready'
22:20:44.971 [MaintenanceTimer-2-thread-1] DEBUG org.mongodb.driver.connection - Pruning pooled connections to localhost:27017
22:20:44.973 [cluster-ClusterId{value='63e01daccc53d942a0b0e431', description='null'}-localhost:27017] DEBUG org.mongodb.driver.cluster - Updating cluster description to  {type=STANDALONE, servers=[{address=localhost:27017, type=STANDALONE, roundTripTime=29.3 ms, state=CONNECTED}]
22:20:44.973 [cluster-ClusterId{value='63e01daccc53d942a0b0e431', description='null'}-localhost:27017] DEBUG org.mongodb.driver.cluster - Checking status of localhost:27017
22:20:45.011 [Test worker @coroutine#1] DEBUG reactor.util.Loggers$LoggerFactory - Using Slf4j logging framework
22:20:45.114 [Thread-9] INFO org.mongodb.driver.connection - Opened connection [connectionId{localValue:3, serverValue:1801}] to localhost:27017
22:20:45.138 [Thread-9] DEBUG org.mongodb.driver.protocol.command - Sending command '{"drop": "user", "$db": "tenistas", "lsid": {"id": {"$binary": {"base64": "N5Yve4NDRC6QI73/tH5BRA==", "subType": "04"}}}}' with request id 5 to database tenistas on connection [connectionId{localValue:3, serverValue:1801}] to server localhost:27017
22:20:45.140 [Thread-9] DEBUG org.mongodb.driver.protocol.command - Execution of command with request id 5 completed successfully in 7.59 ms on connection [connectionId{localValue:3, serverValue:1801}] to server localhost:27017
22:20:45.203 [AsyncGetter-3-thread-1] DEBUG org.mongodb.driver.protocol.command - Sending command '{"find": "user", "filter": {}, "batchSize": 64, "$db": "tenistas", "lsid": {"id": {"$binary": {"base64": "N5Yve4NDRC6QI73/tH5BRA==", "subType": "04"}}}}' with request id 6 to database tenistas on connection [connectionId{localValue:3, serverValue:1801}] to server localhost:27017
22:20:45.204 [Thread-10] DEBUG org.mongodb.driver.protocol.command - Execution of command with request id 6 completed successfully in 1.66 ms on connection [connectionId{localValue:3, serverValue:1801}] to server localhost:27017
22:20:45.207 [Thread-10] DEBUG org.mongodb.driver.operation - Received batch of 0 documents with cursorId 0 from server localhost:27017
22:20:45.673 [AsyncGetter-3-thread-1] DEBUG org.mongodb.driver.operation - retryWrites set to true but the server is a standalone server.
22:20:45.698 [AsyncGetter-3-thread-1] DEBUG org.mongodb.driver.protocol.command - Sending command '{"update": "user", "ordered": true, "$db": "tenistas", "lsid": {"id": {"$binary": {"base64": "N5Yve4NDRC6QI73/tH5BRA==", "subType": "04"}}}, "updates": [{"q": {"_id": "32"}, "u": {"id": "37", "name": "dsgs", "username": "e23d", "email": "juan", "password": "974f3036f39834082e23f4d70f1feba9d4805b3ee2cedb50b6f1f49f72dd83616c2155f9ff6e08a1cefbf9e6ba2f4aaa45233c8c066a65e002924abfa51590c4", "tipoUser": "CLIENTE", "phone": "3453", "website": "http://www.gfgd"}, "upsert": true}]}' with request id 7 to database tenistas on connection [connectionId{localValue:3, serverValue:1801}] to server localhost:27017
22:20:45.710 [Thread-9] DEBUG org.mongodb.driver.protocol.command - Execution of command with request id 7 completed successfully in 16.67 ms on connection [connectionId{localValue:3, serverValue:1801}] to server localhost:27017
22:20:45.723 [AsyncGetter-3-thread-1] DEBUG org.mongodb.driver.protocol.command - Sending command '{"find": "user", "filter": {"_id": "32"}, "limit": 1, "singleBatch": true, "$db": "tenistas", "lsid": {"id": {"$binary": {"base64": "N5Yve4NDRC6QI73/tH5BRA==", "subType": "04"}}}}' with request id 8 to database tenistas on connection [connectionId{localValue:3, serverValue:1801}] to server localhost:27017
22:20:45.724 [Thread-10] DEBUG org.mongodb.driver.protocol.command - Execution of command with request id 8 completed successfully in 2.14 ms on connection [connectionId{localValue:3, serverValue:1801}] to server localhost:27017
22:20:45.785 [Thread-10] DEBUG org.mongodb.driver.operation - Received batch of 1 documents with cursorId 0 from server localhost:27017
22:20:45.818 [AsyncGetter-3-thread-1] DEBUG org.mongodb.driver.operation - retryWrites set to true but the server is a standalone server.
22:20:45.820 [AsyncGetter-3-thread-1] DEBUG org.mongodb.driver.protocol.command - Sending command '{"update": "turno", "ordered": true, "$db": "tenistas", "lsid": {"id": {"$binary": {"base64": "N5Yve4NDRC6QI73/tH5BRA==", "subType": "04"}}}, "updates": [{"q": {"_id": "123"}, "u": {"fechaInicio": {"$date": "2022-02-15T00:00:00Z"}, "fechaFinal": {"$date": "2024-12-16T00:00:00Z"}, "usuario_id": "32"}, "upsert": true}]}' with request id 9 to database tenistas on connection [connectionId{localValue:3, serverValue:1801}] to server localhost:27017
22:20:45.822 [Thread-9] DEBUG org.mongodb.driver.protocol.command - Execution of command with request id 9 completed successfully in 3.21 ms on connection [connectionId{localValue:3, serverValue:1801}] to server localhost:27017
22:20:45.838 [AsyncGetter-3-thread-1] DEBUG org.mongodb.driver.protocol.command - Sending command '{"find": "turno", "filter": {}, "batchSize": 64, "$db": "tenistas", "lsid": {"id": {"$binary": {"base64": "N5Yve4NDRC6QI73/tH5BRA==", "subType": "04"}}}}' with request id 10 to database tenistas on connection [connectionId{localValue:3, serverValue:1801}] to server localhost:27017
22:20:45.840 [Thread-10] DEBUG org.mongodb.driver.protocol.command - Execution of command with request id 10 completed successfully in 1.74 ms on connection [connectionId{localValue:3, serverValue:1801}] to server localhost:27017
22:20:45.843 [Thread-10] DEBUG org.mongodb.driver.operation - Received batch of 1 documents with cursorId 0 from server localhost:27017
22:20:45.861 [AsyncGetter-3-thread-1] DEBUG org.mongodb.driver.operation - retryWrites set to true but the server is a standalone server.
22:20:45.863 [AsyncGetter-3-thread-1] DEBUG org.mongodb.driver.protocol.command - Sending command '{"delete": "turno", "ordered": true, "$db": "tenistas", "lsid": {"id": {"$binary": {"base64": "N5Yve4NDRC6QI73/tH5BRA==", "subType": "04"}}}, "deletes": [{"q": {"_id": "123"}, "limit": 1}]}' with request id 11 to database tenistas on connection [connectionId{localValue:3, serverValue:1801}] to server localhost:27017
22:20:45.865 [Thread-9] DEBUG org.mongodb.driver.protocol.command - Execution of command with request id 11 completed successfully in 3.12 ms on connection [connectionId{localValue:3, serverValue:1801}] to server localhost:27017
22:20:45.869 [AsyncGetter-3-thread-1] DEBUG org.mongodb.driver.operation - retryWrites set to true but the server is a standalone server.
22:20:45.870 [AsyncGetter-3-thread-1] DEBUG org.mongodb.driver.protocol.command - Sending command '{"delete": "user", "ordered": true, "$db": "tenistas", "lsid": {"id": {"$binary": {"base64": "N5Yve4NDRC6QI73/tH5BRA==", "subType": "04"}}}, "deletes": [{"q": {"_id": "32"}, "limit": 1}]}' with request id 12 to database tenistas on connection [connectionId{localValue:3, serverValue:1801}] to server localhost:27017
22:20:45.871 [Thread-10] DEBUG org.mongodb.driver.protocol.command - Execution of command with request id 12 completed successfully in 1.47 ms on connection [connectionId{localValue:3, serverValue:1801}] to server localhost:27017
22:20:45.875 [AsyncGetter-3-thread-1] DEBUG org.mongodb.driver.protocol.command - Sending command '{"find": "turno", "filter": {}, "batchSize": 64, "$db": "tenistas", "lsid": {"id": {"$binary": {"base64": "N5Yve4NDRC6QI73/tH5BRA==", "subType": "04"}}}}' with request id 13 to database tenistas on connection [connectionId{localValue:3, serverValue:1801}] to server localhost:27017
22:20:45.878 [Thread-9] DEBUG org.mongodb.driver.protocol.command - Execution of command with request id 13 completed successfully in 3.03 ms on connection [connectionId{localValue:3, serverValue:1801}] to server localhost:27017
22:20:45.879 [Thread-9] DEBUG org.mongodb.driver.operation - Received batch of 0 documents with cursorId 0 from server localhost:27017
22:20:45.897 [AsyncGetter-3-thread-1] DEBUG org.mongodb.driver.protocol.command - Sending command '{"drop": "user", "$db": "tenistas", "lsid": {"id": {"$binary": {"base64": "N5Yve4NDRC6QI73/tH5BRA==", "subType": "04"}}}}' with request id 14 to database tenistas on connection [connectionId{localValue:3, serverValue:1801}] to server localhost:27017
22:20:45.899 [Thread-10] DEBUG org.mongodb.driver.protocol.command - Execution of command with request id 14 completed successfully in 2.82 ms on connection [connectionId{localValue:3, serverValue:1801}] to server localhost:27017
22:20:45.901 [AsyncGetter-3-thread-1] DEBUG org.mongodb.driver.protocol.command - Sending command '{"find": "user", "filter": {}, "batchSize": 64, "$db": "tenistas", "lsid": {"id": {"$binary": {"base64": "N5Yve4NDRC6QI73/tH5BRA==", "subType": "04"}}}}' with request id 15 to database tenistas on connection [connectionId{localValue:3, serverValue:1801}] to server localhost:27017
22:20:45.903 [Thread-9] DEBUG org.mongodb.driver.protocol.command - Execution of command with request id 15 completed successfully in 1.61 ms on connection [connectionId{localValue:3, serverValue:1801}] to server localhost:27017
22:20:45.903 [Thread-9] DEBUG org.mongodb.driver.operation - Received batch of 0 documents with cursorId 0 from server localhost:27017
22:20:45.904 [AsyncGetter-3-thread-1] DEBUG org.mongodb.driver.operation - retryWrites set to true but the server is a standalone server.
22:20:45.906 [AsyncGetter-3-thread-1] DEBUG org.mongodb.driver.protocol.command - Sending command '{"update": "user", "ordered": true, "$db": "tenistas", "lsid": {"id": {"$binary": {"base64": "N5Yve4NDRC6QI73/tH5BRA==", "subType": "04"}}}, "updates": [{"q": {"_id": "32"}, "u": {"id": "37", "name": "dsgs", "username": "e23d", "email": "juan", "password": "974f3036f39834082e23f4d70f1feba9d4805b3ee2cedb50b6f1f49f72dd83616c2155f9ff6e08a1cefbf9e6ba2f4aaa45233c8c066a65e002924abfa51590c4", "tipoUser": "CLIENTE", "phone": "3453", "website": "http://www.gfgd"}, "upsert": true}]}' with request id 16 to database tenistas on connection [connectionId{localValue:3, serverValue:1801}] to server localhost:27017
22:20:45.919 [Thread-10] DEBUG org.mongodb.driver.protocol.command - Execution of command with request id 16 completed successfully in 14.13 ms on connection [connectionId{localValue:3, serverValue:1801}] to server localhost:27017
22:20:45.923 [AsyncGetter-3-thread-1] DEBUG org.mongodb.driver.protocol.command - Sending command '{"find": "user", "filter": {"_id": "32"}, "limit": 1, "singleBatch": true, "$db": "tenistas", "lsid": {"id": {"$binary": {"base64": "N5Yve4NDRC6QI73/tH5BRA==", "subType": "04"}}}}' with request id 17 to database tenistas on connection [connectionId{localValue:3, serverValue:1801}] to server localhost:27017
22:20:45.924 [Thread-9] DEBUG org.mongodb.driver.protocol.command - Execution of command with request id 17 completed successfully in 1.73 ms on connection [connectionId{localValue:3, serverValue:1801}] to server localhost:27017
22:20:45.928 [Thread-9] DEBUG org.mongodb.driver.operation - Received batch of 1 documents with cursorId 0 from server localhost:27017
22:20:45.959 [AsyncGetter-3-thread-1] DEBUG org.mongodb.driver.operation - retryWrites set to true but the server is a standalone server.
22:20:45.963 [AsyncGetter-3-thread-1] DEBUG org.mongodb.driver.protocol.command - Sending command '{"update": "pedido", "ordered": true, "$db": "tenistas", "lsid": {"id": {"$binary": {"base64": "N5Yve4NDRC6QI73/tH5BRA==", "subType": "04"}}}, "updates": [{"q": {"_id": "123456789"}, "u": {"estado": "EN_PROCESO", "fechaEntrada": {"$date": "2022-12-27T00:00:00Z"}, "fechaSalidaProgramada": {"$date": "2022-12-27T00:00:00Z"}, "fechaEntrega": {"$date": "2022-12-27T00:00:00Z"}, "precio": 222.2, "usuario_id": "32"}, "upsert": true}]}' with request id 18 to database tenistas on connection [connectionId{localValue:3, serverValue:1801}] to server localhost:27017
22:20:45.966 [Thread-10] DEBUG org.mongodb.driver.protocol.command - Execution of command with request id 18 completed successfully in 4.53 ms on connection [connectionId{localValue:3, serverValue:1801}] to server localhost:27017
22:20:45.976 [AsyncGetter-3-thread-1] DEBUG org.mongodb.driver.operation - retryWrites set to true but the server is a standalone server.
22:20:45.984 [AsyncGetter-3-thread-1] DEBUG org.mongodb.driver.protocol.command - Sending command '{"update": "pedido", "ordered": true, "$db": "tenistas", "lsid": {"id": {"$binary": {"base64": "N5Yve4NDRC6QI73/tH5BRA==", "subType": "04"}}}, "updates": [{"q": {"_id": "123456789"}, "u": {"$set": {"estado": "TERMINADO", "fechaEntrada": {"$date": "2022-12-27T00:00:00Z"}, "fechaSalidaProgramada": {"$date": "2022-12-27T00:00:00Z"}, "fechaEntrega": {"$date": "2022-12-27T00:00:00Z"}, "precio": 222.2, "usuario_id": "32"}}}]}' with request id 19 to database tenistas on connection [connectionId{localValue:3, serverValue:1801}] to server localhost:27017
22:20:45.987 [Thread-9] DEBUG org.mongodb.driver.protocol.command - Execution of command with request id 19 completed successfully in 6.18 ms on connection [connectionId{localValue:3, serverValue:1801}] to server localhost:27017
22:20:45.991 [AsyncGetter-3-thread-1] DEBUG org.mongodb.driver.protocol.command - Sending command '{"find": "pedido", "filter": {}, "batchSize": 64, "$db": "tenistas", "lsid": {"id": {"$binary": {"base64": "N5Yve4NDRC6QI73/tH5BRA==", "subType": "04"}}}}' with request id 20 to database tenistas on connection [connectionId{localValue:3, serverValue:1801}] to server localhost:27017
22:20:45.994 [Thread-10] DEBUG org.mongodb.driver.protocol.command - Execution of command with request id 20 completed successfully in 3.90 ms on connection [connectionId{localValue:3, serverValue:1801}] to server localhost:27017
22:20:46.004 [Thread-10] DEBUG org.mongodb.driver.operation - Received batch of 1 documents with cursorId 0 from server localhost:27017
22:20:46.010 [AsyncGetter-3-thread-1] DEBUG org.mongodb.driver.operation - retryWrites set to true but the server is a standalone server.
22:20:46.011 [AsyncGetter-3-thread-1] DEBUG org.mongodb.driver.protocol.command - Sending command '{"delete": "pedido", "ordered": true, "$db": "tenistas", "lsid": {"id": {"$binary": {"base64": "N5Yve4NDRC6QI73/tH5BRA==", "subType": "04"}}}, "deletes": [{"q": {"_id": "123"}, "limit": 1}]}' with request id 21 to database tenistas on connection [connectionId{localValue:3, serverValue:1801}] to server localhost:27017
22:20:46.013 [Thread-9] DEBUG org.mongodb.driver.protocol.command - Execution of command with request id 21 completed successfully in 2.01 ms on connection [connectionId{localValue:3, serverValue:1801}] to server localhost:27017
22:20:46.015 [AsyncGetter-3-thread-1] DEBUG org.mongodb.driver.operation - retryWrites set to true but the server is a standalone server.
22:20:46.016 [AsyncGetter-3-thread-1] DEBUG org.mongodb.driver.protocol.command - Sending command '{"delete": "user", "ordered": true, "$db": "tenistas", "lsid": {"id": {"$binary": {"base64": "N5Yve4NDRC6QI73/tH5BRA==", "subType": "04"}}}, "deletes": [{"q": {"_id": "32"}, "limit": 1}]}' with request id 22 to database tenistas on connection [connectionId{localValue:3, serverValue:1801}] to server localhost:27017
22:20:46.017 [Thread-10] DEBUG org.mongodb.driver.protocol.command - Execution of command with request id 22 completed successfully in 1.41 ms on connection [connectionId{localValue:3, serverValue:1801}] to server localhost:27017
22:20:46.020 [AsyncGetter-3-thread-1] DEBUG org.mongodb.driver.protocol.command - Sending command '{"drop": "user", "$db": "tenistas", "lsid": {"id": {"$binary": {"base64": "N5Yve4NDRC6QI73/tH5BRA==", "subType": "04"}}}}' with request id 23 to database tenistas on connection [connectionId{localValue:3, serverValue:1801}] to server localhost:27017
22:20:46.023 [Thread-9] DEBUG org.mongodb.driver.protocol.command - Execution of command with request id 23 completed successfully in 1.70 ms on connection [connectionId{localValue:3, serverValue:1801}] to server localhost:27017
22:20:46.025 [AsyncGetter-3-thread-1] DEBUG org.mongodb.driver.protocol.command - Sending command '{"drop": "pedido", "$db": "tenistas", "lsid": {"id": {"$binary": {"base64": "N5Yve4NDRC6QI73/tH5BRA==", "subType": "04"}}}}' with request id 24 to database tenistas on connection [connectionId{localValue:3, serverValue:1801}] to server localhost:27017
22:20:46.028 [Thread-10] DEBUG org.mongodb.driver.protocol.command - Execution of command with request id 24 completed successfully in 4.49 ms on connection [connectionId{localValue:3, serverValue:1801}] to server localhost:27017
22:20:46.030 [AsyncGetter-3-thread-1] DEBUG org.mongodb.driver.protocol.command - Sending command '{"find": "user", "filter": {}, "batchSize": 64, "$db": "tenistas", "lsid": {"id": {"$binary": {"base64": "N5Yve4NDRC6QI73/tH5BRA==", "subType": "04"}}}}' with request id 25 to database tenistas on connection [connectionId{localValue:3, serverValue:1801}] to server localhost:27017
22:20:46.032 [Thread-9] DEBUG org.mongodb.driver.protocol.command - Execution of command with request id 25 completed successfully in 1.83 ms on connection [connectionId{localValue:3, serverValue:1801}] to server localhost:27017
22:20:46.032 [Thread-9] DEBUG org.mongodb.driver.operation - Received batch of 0 documents with cursorId 0 from server localhost:27017
22:20:46.034 [AsyncGetter-3-thread-1] DEBUG org.mongodb.driver.operation - retryWrites set to true but the server is a standalone server.
22:20:46.034 [AsyncGetter-3-thread-1] DEBUG org.mongodb.driver.protocol.command - Sending command '{"update": "user", "ordered": true, "$db": "tenistas", "lsid": {"id": {"$binary": {"base64": "N5Yve4NDRC6QI73/tH5BRA==", "subType": "04"}}}, "updates": [{"q": {"_id": "32"}, "u": {"id": "37", "name": "dsgs", "username": "e23d", "email": "juan", "password": "974f3036f39834082e23f4d70f1feba9d4805b3ee2cedb50b6f1f49f72dd83616c2155f9ff6e08a1cefbf9e6ba2f4aaa45233c8c066a65e002924abfa51590c4", "tipoUser": "CLIENTE", "phone": "3453", "website": "http://www.gfgd"}, "upsert": true}]}' with request id 26 to database tenistas on connection [connectionId{localValue:3, serverValue:1801}] to server localhost:27017
22:20:46.050 [Thread-10] DEBUG org.mongodb.driver.protocol.command - Execution of command with request id 26 completed successfully in 15.69 ms on connection [connectionId{localValue:3, serverValue:1801}] to server localhost:27017
22:20:46.052 [AsyncGetter-3-thread-1] DEBUG org.mongodb.driver.protocol.command - Sending command '{"find": "user", "filter": {"_id": "32"}, "limit": 1, "singleBatch": true, "$db": "tenistas", "lsid": {"id": {"$binary": {"base64": "N5Yve4NDRC6QI73/tH5BRA==", "subType": "04"}}}}' with request id 27 to database tenistas on connection [connectionId{localValue:3, serverValue:1801}] to server localhost:27017
22:20:46.053 [Thread-9] DEBUG org.mongodb.driver.protocol.command - Execution of command with request id 27 completed successfully in 1.44 ms on connection [connectionId{localValue:3, serverValue:1801}] to server localhost:27017
22:20:46.054 [Thread-9] DEBUG org.mongodb.driver.operation - Received batch of 1 documents with cursorId 0 from server localhost:27017
22:20:46.055 [AsyncGetter-3-thread-1] DEBUG org.mongodb.driver.operation - retryWrites set to true but the server is a standalone server.
22:20:46.057 [AsyncGetter-3-thread-1] DEBUG org.mongodb.driver.protocol.command - Sending command '{"update": "pedido", "ordered": true, "$db": "tenistas", "lsid": {"id": {"$binary": {"base64": "N5Yve4NDRC6QI73/tH5BRA==", "subType": "04"}}}, "updates": [{"q": {"_id": "123456789"}, "u": {"estado": "EN_PROCESO", "fechaEntrada": {"$date": "2022-12-27T00:00:00Z"}, "fechaSalidaProgramada": {"$date": "2022-12-27T00:00:00Z"}, "fechaEntrega": {"$date": "2022-12-27T00:00:00Z"}, "precio": 222.2, "usuario_id": "32"}, "upsert": true}]}' with request id 28 to database tenistas on connection [connectionId{localValue:3, serverValue:1801}] to server localhost:27017
22:20:46.071 [Thread-10] DEBUG org.mongodb.driver.protocol.command - Execution of command with request id 28 completed successfully in 14.81 ms on connection [connectionId{localValue:3, serverValue:1801}] to server localhost:27017
22:20:46.073 [AsyncGetter-3-thread-1] DEBUG org.mongodb.driver.protocol.command - Sending command '{"find": "pedido", "filter": {}, "batchSize": 64, "$db": "tenistas", "lsid": {"id": {"$binary": {"base64": "N5Yve4NDRC6QI73/tH5BRA==", "subType": "04"}}}}' with request id 29 to database tenistas on connection [connectionId{localValue:3, serverValue:1801}] to server localhost:27017
22:20:46.074 [Thread-9] DEBUG org.mongodb.driver.protocol.command - Execution of command with request id 29 completed successfully in 1.31 ms on connection [connectionId{localValue:3, serverValue:1801}] to server localhost:27017
22:20:46.076 [Thread-9] DEBUG org.mongodb.driver.operation - Received batch of 1 documents with cursorId 0 from server localhost:27017
22:20:46.078 [AsyncGetter-3-thread-1] DEBUG org.mongodb.driver.operation - retryWrites set to true but the server is a standalone server.
22:20:46.079 [AsyncGetter-3-thread-1] DEBUG org.mongodb.driver.protocol.command - Sending command '{"delete": "pedido", "ordered": true, "$db": "tenistas", "lsid": {"id": {"$binary": {"base64": "N5Yve4NDRC6QI73/tH5BRA==", "subType": "04"}}}, "deletes": [{"q": {"_id": "123456789"}, "limit": 1}]}' with request id 30 to database tenistas on connection [connectionId{localValue:3, serverValue:1801}] to server localhost:27017
22:20:46.081 [Thread-10] DEBUG org.mongodb.driver.protocol.command - Execution of command with request id 30 completed successfully in 1.47 ms on connection [connectionId{localValue:3, serverValue:1801}] to server localhost:27017
22:20:46.081 [AsyncGetter-3-thread-1] DEBUG org.mongodb.driver.operation - retryWrites set to true but the server is a standalone server.
22:20:46.083 [AsyncGetter-3-thread-1] DEBUG org.mongodb.driver.protocol.command - Sending command '{"delete": "user", "ordered": true, "$db": "tenistas", "lsid": {"id": {"$binary": {"base64": "N5Yve4NDRC6QI73/tH5BRA==", "subType": "04"}}}, "deletes": [{"q": {"_id": "32"}, "limit": 1}]}' with request id 31 to database tenistas on connection [connectionId{localValue:3, serverValue:1801}] to server localhost:27017
22:20:46.084 [Thread-10] DEBUG org.mongodb.driver.protocol.command - Execution of command with request id 31 completed successfully in 2.16 ms on connection [connectionId{localValue:3, serverValue:1801}] to server localhost:27017
22:20:46.086 [AsyncGetter-3-thread-1] DEBUG org.mongodb.driver.protocol.command - Sending command '{"find": "pedido", "filter": {}, "batchSize": 64, "$db": "tenistas", "lsid": {"id": {"$binary": {"base64": "N5Yve4NDRC6QI73/tH5BRA==", "subType": "04"}}}}' with request id 32 to database tenistas on connection [connectionId{localValue:3, serverValue:1801}] to server localhost:27017
22:20:46.087 [Thread-9] DEBUG org.mongodb.driver.protocol.command - Execution of command with request id 32 completed successfully in 1.28 ms on connection [connectionId{localValue:3, serverValue:1801}] to server localhost:27017
22:20:46.087 [Thread-9] DEBUG org.mongodb.driver.operation - Received batch of 0 documents with cursorId 0 from server localhost:27017
22:20:46.094 [AsyncGetter-3-thread-1] DEBUG org.mongodb.driver.protocol.command - Sending command '{"drop": "user", "$db": "tenistas", "lsid": {"id": {"$binary": {"base64": "N5Yve4NDRC6QI73/tH5BRA==", "subType": "04"}}}}' with request id 33 to database tenistas on connection [connectionId{localValue:3, serverValue:1801}] to server localhost:27017
22:20:46.097 [Thread-10] DEBUG org.mongodb.driver.protocol.command - Execution of command with request id 33 completed successfully in 2.04 ms on connection [connectionId{localValue:3, serverValue:1801}] to server localhost:27017
22:20:46.099 [AsyncGetter-3-thread-1] DEBUG org.mongodb.driver.protocol.command - Sending command '{"drop": "turno", "$db": "tenistas", "lsid": {"id": {"$binary": {"base64": "N5Yve4NDRC6QI73/tH5BRA==", "subType": "04"}}}}' with request id 34 to database tenistas on connection [connectionId{localValue:3, serverValue:1801}] to server localhost:27017
22:20:46.101 [Thread-9] DEBUG org.mongodb.driver.protocol.command - Execution of command with request id 34 completed successfully in 3.06 ms on connection [connectionId{localValue:3, serverValue:1801}] to server localhost:27017
22:20:46.103 [AsyncGetter-3-thread-1] DEBUG org.mongodb.driver.protocol.command - Sending command '{"drop": "maquinaPersonalizar", "$db": "tenistas", "lsid": {"id": {"$binary": {"base64": "N5Yve4NDRC6QI73/tH5BRA==", "subType": "04"}}}}' with request id 35 to database tenistas on connection [connectionId{localValue:3, serverValue:1801}] to server localhost:27017
22:20:46.104 [Thread-10] DEBUG org.mongodb.driver.protocol.command - Execution of command with request id 35 completed successfully in 1.73 ms on connection [connectionId{localValue:3, serverValue:1801}] to server localhost:27017
22:20:46.107 [AsyncGetter-3-thread-1] DEBUG org.mongodb.driver.protocol.command - Sending command '{"find": "user", "filter": {}, "batchSize": 64, "$db": "tenistas", "lsid": {"id": {"$binary": {"base64": "N5Yve4NDRC6QI73/tH5BRA==", "subType": "04"}}}}' with request id 36 to database tenistas on connection [connectionId{localValue:3, serverValue:1801}] to server localhost:27017
22:20:46.110 [Thread-9] DEBUG org.mongodb.driver.protocol.command - Execution of command with request id 36 completed successfully in 2.38 ms on connection [connectionId{localValue:3, serverValue:1801}] to server localhost:27017
22:20:46.111 [Thread-9] DEBUG org.mongodb.driver.operation - Received batch of 0 documents with cursorId 0 from server localhost:27017
22:20:46.113 [AsyncGetter-3-thread-1] DEBUG org.mongodb.driver.operation - retryWrites set to true but the server is a standalone server.
22:20:46.115 [AsyncGetter-3-thread-1] DEBUG org.mongodb.driver.protocol.command - Sending command '{"update": "user", "ordered": true, "$db": "tenistas", "lsid": {"id": {"$binary": {"base64": "N5Yve4NDRC6QI73/tH5BRA==", "subType": "04"}}}, "updates": [{"q": {"_id": "32"}, "u": {"id": "37", "name": "dsgs", "username": "e23d", "email": "juan", "password": "974f3036f39834082e23f4d70f1feba9d4805b3ee2cedb50b6f1f49f72dd83616c2155f9ff6e08a1cefbf9e6ba2f4aaa45233c8c066a65e002924abfa51590c4", "tipoUser": "CLIENTE", "phone": "3453", "website": "http://www.gfgd"}, "upsert": true}]}' with request id 37 to database tenistas on connection [connectionId{localValue:3, serverValue:1801}] to server localhost:27017
22:20:46.131 [Thread-10] DEBUG org.mongodb.driver.protocol.command - Execution of command with request id 37 completed successfully in 17.71 ms on connection [connectionId{localValue:3, serverValue:1801}] to server localhost:27017
22:20:46.134 [AsyncGetter-3-thread-1] DEBUG org.mongodb.driver.protocol.command - Sending command '{"find": "user", "filter": {"_id": "32"}, "limit": 1, "singleBatch": true, "$db": "tenistas", "lsid": {"id": {"$binary": {"base64": "N5Yve4NDRC6QI73/tH5BRA==", "subType": "04"}}}}' with request id 38 to database tenistas on connection [connectionId{localValue:3, serverValue:1801}] to server localhost:27017
22:20:46.136 [Thread-9] DEBUG org.mongodb.driver.protocol.command - Execution of command with request id 38 completed successfully in 1.48 ms on connection [connectionId{localValue:3, serverValue:1801}] to server localhost:27017
22:20:46.136 [Thread-9] DEBUG org.mongodb.driver.operation - Received batch of 1 documents with cursorId 0 from server localhost:27017
22:20:46.138 [AsyncGetter-3-thread-1] DEBUG org.mongodb.driver.operation - retryWrites set to true but the server is a standalone server.
22:20:46.139 [AsyncGetter-3-thread-1] DEBUG org.mongodb.driver.protocol.command - Sending command '{"update": "turno", "ordered": true, "$db": "tenistas", "lsid": {"id": {"$binary": {"base64": "N5Yve4NDRC6QI73/tH5BRA==", "subType": "04"}}}, "updates": [{"q": {"_id": "123"}, "u": {"fechaInicio": {"$date": "2022-02-15T00:00:00Z"}, "fechaFinal": {"$date": "2024-12-16T00:00:00Z"}, "usuario_id": "32"}, "upsert": true}]}' with request id 39 to database tenistas on connection [connectionId{localValue:3, serverValue:1801}] to server localhost:27017
22:20:46.154 [Thread-10] DEBUG org.mongodb.driver.protocol.command - Execution of command with request id 39 completed successfully in 16.17 ms on connection [connectionId{localValue:3, serverValue:1801}] to server localhost:27017
22:20:46.157 [AsyncGetter-3-thread-1] DEBUG org.mongodb.driver.protocol.command - Sending command '{"find": "turno", "filter": {}, "batchSize": 64, "$db": "tenistas", "lsid": {"id": {"$binary": {"base64": "N5Yve4NDRC6QI73/tH5BRA==", "subType": "04"}}}}' with request id 40 to database tenistas on connection [connectionId{localValue:3, serverValue:1801}] to server localhost:27017
22:20:46.161 [Thread-9] DEBUG org.mongodb.driver.protocol.command - Execution of command with request id 40 completed successfully in 3.06 ms on connection [connectionId{localValue:3, serverValue:1801}] to server localhost:27017
22:20:46.162 [Thread-9] DEBUG org.mongodb.driver.operation - Received batch of 1 documents with cursorId 0 from server localhost:27017
22:20:46.180 [AsyncGetter-3-thread-1] DEBUG org.mongodb.driver.operation - retryWrites set to true but the server is a standalone server.
22:20:46.182 [AsyncGetter-3-thread-1] DEBUG org.mongodb.driver.protocol.command - Sending command '{"update": "maquinaPersonalizar", "ordered": true, "$db": "tenistas", "lsid": {"id": {"$binary": {"base64": "N5Yve4NDRC6QI73/tH5BRA==", "subType": "04"}}}, "updates": [{"q": {"_id": "63e01dabcc53d942a0b0e430"}, "u": {"marca": "Maquina marca Personalizacion 1", "modelo": "Maquina modelo Personalizacion 1", "fechaAdquisicion": {"$date": "2022-12-27T00:00:00Z"}, "numeroSerie": "3345", "swingweight": "true", "balance": 12.32, "rigidez": 11.0, "turno_id": "123"}, "upsert": true}]}' with request id 41 to database tenistas on connection [connectionId{localValue:3, serverValue:1801}] to server localhost:27017
22:20:46.197 [Thread-10] DEBUG org.mongodb.driver.protocol.command - Execution of command with request id 41 completed successfully in 15.65 ms on connection [connectionId{localValue:3, serverValue:1801}] to server localhost:27017
22:20:46.200 [AsyncGetter-3-thread-1] DEBUG org.mongodb.driver.protocol.command - Sending command '{"find": "maquinaPersonalizar", "filter": {}, "batchSize": 64, "$db": "tenistas", "lsid": {"id": {"$binary": {"base64": "N5Yve4NDRC6QI73/tH5BRA==", "subType": "04"}}}}' with request id 42 to database tenistas on connection [connectionId{localValue:3, serverValue:1801}] to server localhost:27017
22:20:46.201 [Thread-9] DEBUG org.mongodb.driver.protocol.command - Execution of command with request id 42 completed successfully in 2.04 ms on connection [connectionId{localValue:3, serverValue:1801}] to server localhost:27017
22:20:46.207 [Thread-9] DEBUG org.mongodb.driver.operation - Received batch of 1 documents with cursorId 0 from server localhost:27017
22:20:46.211 [AsyncGetter-3-thread-1] DEBUG org.mongodb.driver.operation - retryWrites set to true but the server is a standalone server.
22:20:46.212 [AsyncGetter-3-thread-1] DEBUG org.mongodb.driver.protocol.command - Sending command '{"delete": "maquinaPersonalizar", "ordered": true, "$db": "tenistas", "lsid": {"id": {"$binary": {"base64": "N5Yve4NDRC6QI73/tH5BRA==", "subType": "04"}}}, "deletes": [{"q": {"_id": "63e01dabcc53d942a0b0e430"}, "limit": 1}]}' with request id 43 to database tenistas on connection [connectionId{localValue:3, serverValue:1801}] to server localhost:27017
22:20:46.213 [Thread-10] DEBUG org.mongodb.driver.protocol.command - Execution of command with request id 43 completed successfully in 1.94 ms on connection [connectionId{localValue:3, serverValue:1801}] to server localhost:27017
22:20:46.215 [AsyncGetter-3-thread-1] DEBUG org.mongodb.driver.operation - retryWrites set to true but the server is a standalone server.
22:20:46.215 [AsyncGetter-3-thread-1] DEBUG org.mongodb.driver.protocol.command - Sending command '{"delete": "turno", "ordered": true, "$db": "tenistas", "lsid": {"id": {"$binary": {"base64": "N5Yve4NDRC6QI73/tH5BRA==", "subType": "04"}}}, "deletes": [{"q": {"_id": "123"}, "limit": 1}]}' with request id 44 to database tenistas on connection [connectionId{localValue:3, serverValue:1801}] to server localhost:27017
22:20:46.216 [Thread-9] DEBUG org.mongodb.driver.protocol.command - Execution of command with request id 44 completed successfully in 1.18 ms on connection [connectionId{localValue:3, serverValue:1801}] to server localhost:27017
22:20:46.217 [AsyncGetter-3-thread-1] DEBUG org.mongodb.driver.operation - retryWrites set to true but the server is a standalone server.
22:20:46.217 [AsyncGetter-3-thread-1] DEBUG org.mongodb.driver.protocol.command - Sending command '{"delete": "user", "ordered": true, "$db": "tenistas", "lsid": {"id": {"$binary": {"base64": "N5Yve4NDRC6QI73/tH5BRA==", "subType": "04"}}}, "deletes": [{"q": {"_id": "32"}, "limit": 1}]}' with request id 45 to database tenistas on connection [connectionId{localValue:3, serverValue:1801}] to server localhost:27017
22:20:46.218 [Thread-10] DEBUG org.mongodb.driver.protocol.command - Execution of command with request id 45 completed successfully in 0.97 ms on connection [connectionId{localValue:3, serverValue:1801}] to server localhost:27017
22:20:46.220 [AsyncGetter-3-thread-1] DEBUG org.mongodb.driver.protocol.command - Sending command '{"find": "maquinaPersonalizar", "filter": {}, "batchSize": 64, "$db": "tenistas", "lsid": {"id": {"$binary": {"base64": "N5Yve4NDRC6QI73/tH5BRA==", "subType": "04"}}}}' with request id 46 to database tenistas on connection [connectionId{localValue:3, serverValue:1801}] to server localhost:27017
22:20:46.221 [Thread-9] DEBUG org.mongodb.driver.protocol.command - Execution of command with request id 46 completed successfully in 1.00 ms on connection [connectionId{localValue:3, serverValue:1801}] to server localhost:27017
22:20:46.221 [Thread-9] DEBUG org.mongodb.driver.operation - Received batch of 0 documents with cursorId 0 from server localhost:27017
22:20:46.226 [AsyncGetter-3-thread-1] DEBUG org.mongodb.driver.protocol.command - Sending command '{"find": "user", "filter": {}, "batchSize": 64, "$db": "tenistas", "lsid": {"id": {"$binary": {"base64": "N5Yve4NDRC6QI73/tH5BRA==", "subType": "04"}}}}' with request id 47 to database tenistas on connection [connectionId{localValue:3, serverValue:1801}] to server localhost:27017
22:20:46.228 [Thread-10] DEBUG org.mongodb.driver.protocol.command - Execution of command with request id 47 completed successfully in 2.21 ms on connection [connectionId{localValue:3, serverValue:1801}] to server localhost:27017
22:20:46.229 [Thread-10] DEBUG org.mongodb.driver.operation - Received batch of 0 documents with cursorId 0 from server localhost:27017
22:20:46.230 [AsyncGetter-3-thread-1] DEBUG org.mongodb.driver.operation - retryWrites set to true but the server is a standalone server.
22:20:46.234 [AsyncGetter-3-thread-1] DEBUG org.mongodb.driver.protocol.command - Sending command '{"update": "user", "ordered": true, "$db": "tenistas", "lsid": {"id": {"$binary": {"base64": "N5Yve4NDRC6QI73/tH5BRA==", "subType": "04"}}}, "updates": [{"q": {"_id": "32"}, "u": {"id": "37", "name": "dsgs", "username": "e23d", "email": "juan", "password": "974f3036f39834082e23f4d70f1feba9d4805b3ee2cedb50b6f1f49f72dd83616c2155f9ff6e08a1cefbf9e6ba2f4aaa45233c8c066a65e002924abfa51590c4", "tipoUser": "CLIENTE", "phone": "3453", "website": "http://www.gfgd"}, "upsert": true}]}' with request id 48 to database tenistas on connection [connectionId{localValue:3, serverValue:1801}] to server localhost:27017
22:20:46.234 [Thread-9] DEBUG org.mongodb.driver.protocol.command - Execution of command with request id 48 completed successfully in 4.35 ms on connection [connectionId{localValue:3, serverValue:1801}] to server localhost:27017
22:20:46.237 [AsyncGetter-3-thread-1] DEBUG org.mongodb.driver.protocol.command - Sending command '{"find": "user", "filter": {"_id": "32"}, "limit": 1, "singleBatch": true, "$db": "tenistas", "lsid": {"id": {"$binary": {"base64": "N5Yve4NDRC6QI73/tH5BRA==", "subType": "04"}}}}' with request id 49 to database tenistas on connection [connectionId{localValue:3, serverValue:1801}] to server localhost:27017
22:20:46.238 [Thread-10] DEBUG org.mongodb.driver.protocol.command - Execution of command with request id 49 completed successfully in 1.28 ms on connection [connectionId{localValue:3, serverValue:1801}] to server localhost:27017
22:20:46.239 [Thread-10] DEBUG org.mongodb.driver.operation - Received batch of 1 documents with cursorId 0 from server localhost:27017
22:20:46.240 [AsyncGetter-3-thread-1] DEBUG org.mongodb.driver.operation - retryWrites set to true but the server is a standalone server.
22:20:46.242 [AsyncGetter-3-thread-1] DEBUG org.mongodb.driver.protocol.command - Sending command '{"update": "pedido", "ordered": true, "$db": "tenistas", "lsid": {"id": {"$binary": {"base64": "N5Yve4NDRC6QI73/tH5BRA==", "subType": "04"}}}, "updates": [{"q": {"_id": "123456789"}, "u": {"estado": "EN_PROCESO", "fechaEntrada": {"$date": "2022-12-27T00:00:00Z"}, "fechaSalidaProgramada": {"$date": "2022-12-27T00:00:00Z"}, "fechaEntrega": {"$date": "2022-12-27T00:00:00Z"}, "precio": 222.2, "usuario_id": "32"}, "upsert": true}]}' with request id 50 to database tenistas on connection [connectionId{localValue:3, serverValue:1801}] to server localhost:27017
22:20:46.244 [Thread-9] DEBUG org.mongodb.driver.protocol.command - Execution of command with request id 50 completed successfully in 3.08 ms on connection [connectionId{localValue:3, serverValue:1801}] to server localhost:27017
22:20:46.249 [AsyncGetter-3-thread-1] DEBUG org.mongodb.driver.protocol.command - Sending command '{"find": "pedido", "filter": {"_id": "123456789"}, "limit": 1, "singleBatch": true, "$db": "tenistas", "lsid": {"id": {"$binary": {"base64": "N5Yve4NDRC6QI73/tH5BRA==", "subType": "04"}}}}' with request id 51 to database tenistas on connection [connectionId{localValue:3, serverValue:1801}] to server localhost:27017
22:20:46.250 [Thread-10] DEBUG org.mongodb.driver.protocol.command - Execution of command with request id 51 completed successfully in 1.49 ms on connection [connectionId{localValue:3, serverValue:1801}] to server localhost:27017
22:20:46.251 [Thread-10] DEBUG org.mongodb.driver.operation - Received batch of 1 documents with cursorId 0 from server localhost:27017
22:20:47.136 [Test worker @background work runner#63] DEBUG repositories.ktorfit.KtorfitRepository - create(TareaDto(userId=32, id=63e01daecc53d942a0b0e432, title=Tarea Personalizacio, completed=EN_PROCESO)) - OK
22:20:47.141 [AsyncGetter-3-thread-1] DEBUG org.mongodb.driver.protocol.command - Sending command '{"find": "pedido", "filter": {"_id": "123456789"}, "limit": 1, "singleBatch": true, "$db": "tenistas", "lsid": {"id": {"$binary": {"base64": "N5Yve4NDRC6QI73/tH5BRA==", "subType": "04"}}}}' with request id 52 to database tenistas on connection [connectionId{localValue:3, serverValue:1801}] to server localhost:27017
22:20:47.144 [Thread-9] DEBUG org.mongodb.driver.protocol.command - Execution of command with request id 52 completed successfully in 3.46 ms on connection [connectionId{localValue:3, serverValue:1801}] to server localhost:27017
22:20:47.144 [Thread-9] DEBUG org.mongodb.driver.operation - Received batch of 1 documents with cursorId 0 from server localhost:27017
22:20:47.173 [AsyncGetter-3-thread-1] DEBUG org.mongodb.driver.operation - retryWrites set to true but the server is a standalone server.
22:20:47.176 [AsyncGetter-3-thread-1] DEBUG org.mongodb.driver.protocol.command - Sending command '{"update": "tareaPersonalizacion", "ordered": true, "$db": "tenistas", "lsid": {"id": {"$binary": {"base64": "N5Yve4NDRC6QI73/tH5BRA==", "subType": "04"}}}, "updates": [{"q": {"_id": "63e01daecc53d942a0b0e432"}, "u": {"rigidez": 8.0, "peso": 14.2, "balance": 1.1, "precio": 222.2, "pedido_id": "123456789"}, "upsert": true}]}' with request id 53 to database tenistas on connection [connectionId{localValue:3, serverValue:1801}] to server localhost:27017
22:20:47.179 [Thread-10] DEBUG org.mongodb.driver.protocol.command - Execution of command with request id 53 completed successfully in 3.42 ms on connection [connectionId{localValue:3, serverValue:1801}] to server localhost:27017
22:20:47.184 [AsyncGetter-3-thread-1] DEBUG org.mongodb.driver.operation - retryWrites set to true but the server is a standalone server.
22:20:47.185 [AsyncGetter-3-thread-1] DEBUG org.mongodb.driver.protocol.command - Sending command '{"update": "tareaPersonalizacion", "ordered": true, "$db": "tenistas", "lsid": {"id": {"$binary": {"base64": "N5Yve4NDRC6QI73/tH5BRA==", "subType": "04"}}}, "updates": [{"q": {"_id": "63e01daecc53d942a0b0e432"}, "u": {"$set": {"rigidez": 8.0, "peso": 14.2, "balance": 1.1, "precio": 222.2, "pedido_id": "123456789"}}}]}' with request id 54 to database tenistas on connection [connectionId{localValue:3, serverValue:1801}] to server localhost:27017
22:20:47.187 [Thread-9] DEBUG org.mongodb.driver.protocol.command - Execution of command with request id 54 completed successfully in 2.23 ms on connection [connectionId{localValue:3, serverValue:1801}] to server localhost:27017
22:20:47.190 [AsyncGetter-3-thread-1] DEBUG org.mongodb.driver.protocol.command - Sending command '{"find": "tareaPersonalizacion", "filter": {}, "batchSize": 64, "$db": "tenistas", "lsid": {"id": {"$binary": {"base64": "N5Yve4NDRC6QI73/tH5BRA==", "subType": "04"}}}}' with request id 55 to database tenistas on connection [connectionId{localValue:3, serverValue:1801}] to server localhost:27017
22:20:47.196 [Thread-9] DEBUG org.mongodb.driver.protocol.command - Execution of command with request id 55 completed successfully in 4.81 ms on connection [connectionId{localValue:3, serverValue:1801}] to server localhost:27017
22:20:47.201 [Thread-9] DEBUG org.mongodb.driver.operation - Received batch of 1 documents with cursorId 0 from server localhost:27017
22:20:47.205 [AsyncGetter-3-thread-1] DEBUG org.mongodb.driver.operation - retryWrites set to true but the server is a standalone server.
22:20:47.207 [AsyncGetter-3-thread-1] DEBUG org.mongodb.driver.protocol.command - Sending command '{"delete": "tareaPersonalizacion", "ordered": true, "$db": "tenistas", "lsid": {"id": {"$binary": {"base64": "N5Yve4NDRC6QI73/tH5BRA==", "subType": "04"}}}, "deletes": [{"q": {"_id": "63e01dabcc53d942a0b0e42e"}, "limit": 1}]}' with request id 56 to database tenistas on connection [connectionId{localValue:3, serverValue:1801}] to server localhost:27017
22:20:47.209 [Thread-10] DEBUG org.mongodb.driver.protocol.command - Execution of command with request id 56 completed successfully in 1.92 ms on connection [connectionId{localValue:3, serverValue:1801}] to server localhost:27017
22:20:47.212 [AsyncGetter-3-thread-1] DEBUG org.mongodb.driver.operation - retryWrites set to true but the server is a standalone server.
22:20:47.214 [AsyncGetter-3-thread-1] DEBUG org.mongodb.driver.protocol.command - Sending command '{"delete": "pedido", "ordered": true, "$db": "tenistas", "lsid": {"id": {"$binary": {"base64": "N5Yve4NDRC6QI73/tH5BRA==", "subType": "04"}}}, "deletes": [{"q": {"_id": "123"}, "limit": 1}]}' with request id 57 to database tenistas on connection [connectionId{localValue:3, serverValue:1801}] to server localhost:27017
22:20:47.215 [Thread-9] DEBUG org.mongodb.driver.protocol.command - Execution of command with request id 57 completed successfully in 2.10 ms on connection [connectionId{localValue:3, serverValue:1801}] to server localhost:27017
22:20:47.217 [AsyncGetter-3-thread-1] DEBUG org.mongodb.driver.operation - retryWrites set to true but the server is a standalone server.
22:20:47.218 [AsyncGetter-3-thread-1] DEBUG org.mongodb.driver.protocol.command - Sending command '{"delete": "user", "ordered": true, "$db": "tenistas", "lsid": {"id": {"$binary": {"base64": "N5Yve4NDRC6QI73/tH5BRA==", "subType": "04"}}}, "deletes": [{"q": {"_id": "32"}, "limit": 1}]}' with request id 58 to database tenistas on connection [connectionId{localValue:3, serverValue:1801}] to server localhost:27017
22:20:47.219 [Thread-10] DEBUG org.mongodb.driver.protocol.command - Execution of command with request id 58 completed successfully in 1.62 ms on connection [connectionId{localValue:3, serverValue:1801}] to server localhost:27017
22:20:47.223 [AsyncGetter-3-thread-1] DEBUG org.mongodb.driver.protocol.command - Sending command '{"drop": "user", "$db": "tenistas", "lsid": {"id": {"$binary": {"base64": "N5Yve4NDRC6QI73/tH5BRA==", "subType": "04"}}}}' with request id 59 to database tenistas on connection [connectionId{localValue:3, serverValue:1801}] to server localhost:27017
22:20:47.227 [Thread-9] DEBUG org.mongodb.driver.protocol.command - Execution of command with request id 59 completed successfully in 3.29 ms on connection [connectionId{localValue:3, serverValue:1801}] to server localhost:27017
22:20:47.230 [AsyncGetter-3-thread-1] DEBUG org.mongodb.driver.protocol.command - Sending command '{"find": "user", "filter": {}, "batchSize": 64, "$db": "tenistas", "lsid": {"id": {"$binary": {"base64": "N5Yve4NDRC6QI73/tH5BRA==", "subType": "04"}}}}' with request id 60 to database tenistas on connection [connectionId{localValue:3, serverValue:1801}] to server localhost:27017
22:20:47.231 [Thread-10] DEBUG org.mongodb.driver.protocol.command - Execution of command with request id 60 completed successfully in 1.37 ms on connection [connectionId{localValue:3, serverValue:1801}] to server localhost:27017
22:20:47.232 [Thread-10] DEBUG org.mongodb.driver.operation - Received batch of 0 documents with cursorId 0 from server localhost:27017
22:20:47.234 [AsyncGetter-3-thread-1] DEBUG org.mongodb.driver.operation - retryWrites set to true but the server is a standalone server.
22:20:47.235 [AsyncGetter-3-thread-1] DEBUG org.mongodb.driver.protocol.command - Sending command '{"update": "user", "ordered": true, "$db": "tenistas", "lsid": {"id": {"$binary": {"base64": "N5Yve4NDRC6QI73/tH5BRA==", "subType": "04"}}}, "updates": [{"q": {"_id": "32"}, "u": {"id": "37", "name": "dsgs", "username": "e23d", "email": "juan", "password": "974f3036f39834082e23f4d70f1feba9d4805b3ee2cedb50b6f1f49f72dd83616c2155f9ff6e08a1cefbf9e6ba2f4aaa45233c8c066a65e002924abfa51590c4", "tipoUser": "CLIENTE", "phone": "3453", "website": "http://www.gfgd"}, "upsert": true}]}' with request id 61 to database tenistas on connection [connectionId{localValue:3, serverValue:1801}] to server localhost:27017
22:20:47.247 [Thread-9] DEBUG org.mongodb.driver.protocol.command - Execution of command with request id 61 completed successfully in 13.10 ms on connection [connectionId{localValue:3, serverValue:1801}] to server localhost:27017
22:20:47.249 [AsyncGetter-3-thread-1] DEBUG org.mongodb.driver.protocol.command - Sending command '{"find": "user", "filter": {"_id": "32"}, "limit": 1, "singleBatch": true, "$db": "tenistas", "lsid": {"id": {"$binary": {"base64": "N5Yve4NDRC6QI73/tH5BRA==", "subType": "04"}}}}' with request id 62 to database tenistas on connection [connectionId{localValue:3, serverValue:1801}] to server localhost:27017
22:20:47.250 [Thread-10] DEBUG org.mongodb.driver.protocol.command - Execution of command with request id 62 completed successfully in 1.12 ms on connection [connectionId{localValue:3, serverValue:1801}] to server localhost:27017
22:20:47.251 [Thread-10] DEBUG org.mongodb.driver.operation - Received batch of 1 documents with cursorId 0 from server localhost:27017
22:20:47.252 [AsyncGetter-3-thread-1] DEBUG org.mongodb.driver.operation - retryWrites set to true but the server is a standalone server.
22:20:47.252 [AsyncGetter-3-thread-1] DEBUG org.mongodb.driver.protocol.command - Sending command '{"update": "turno", "ordered": true, "$db": "tenistas", "lsid": {"id": {"$binary": {"base64": "N5Yve4NDRC6QI73/tH5BRA==", "subType": "04"}}}, "updates": [{"q": {"_id": "123"}, "u": {"fechaInicio": {"$date": "2022-02-15T00:00:00Z"}, "fechaFinal": {"$date": "2024-12-16T00:00:00Z"}, "usuario_id": "32"}, "upsert": true}]}' with request id 63 to database tenistas on connection [connectionId{localValue:3, serverValue:1801}] to server localhost:27017
22:20:47.254 [Thread-9] DEBUG org.mongodb.driver.protocol.command - Execution of command with request id 63 completed successfully in 1.83 ms on connection [connectionId{localValue:3, serverValue:1801}] to server localhost:27017
22:20:47.255 [AsyncGetter-3-thread-1] DEBUG org.mongodb.driver.operation - retryWrites set to true but the server is a standalone server.
22:20:47.256 [AsyncGetter-3-thread-1] DEBUG org.mongodb.driver.protocol.command - Sending command '{"update": "turno", "ordered": true, "$db": "tenistas", "lsid": {"id": {"$binary": {"base64": "N5Yve4NDRC6QI73/tH5BRA==", "subType": "04"}}}, "updates": [{"q": {"_id": "123"}, "u": {"$set": {"fechaInicio": {"$date": "2022-02-15T00:00:00Z"}, "fechaFinal": {"$date": "2068-12-16T00:00:00Z"}, "usuario_id": "32"}}}]}' with request id 64 to database tenistas on connection [connectionId{localValue:3, serverValue:1801}] to server localhost:27017
22:20:47.257 [Thread-10] DEBUG org.mongodb.driver.protocol.command - Execution of command with request id 64 completed successfully in 1.42 ms on connection [connectionId{localValue:3, serverValue:1801}] to server localhost:27017
22:20:47.261 [AsyncGetter-3-thread-1] DEBUG org.mongodb.driver.protocol.command - Sending command '{"find": "turno", "filter": {}, "batchSize": 64, "$db": "tenistas", "lsid": {"id": {"$binary": {"base64": "N5Yve4NDRC6QI73/tH5BRA==", "subType": "04"}}}}' with request id 65 to database tenistas on connection [connectionId{localValue:3, serverValue:1801}] to server localhost:27017
22:20:47.263 [Thread-9] DEBUG org.mongodb.driver.protocol.command - Execution of command with request id 65 completed successfully in 2.26 ms on connection [connectionId{localValue:3, serverValue:1801}] to server localhost:27017
22:20:47.264 [Thread-9] DEBUG org.mongodb.driver.operation - Received batch of 1 documents with cursorId 0 from server localhost:27017
22:20:47.265 [AsyncGetter-3-thread-1] DEBUG org.mongodb.driver.operation - retryWrites set to true but the server is a standalone server.
22:20:47.267 [AsyncGetter-3-thread-1] DEBUG org.mongodb.driver.protocol.command - Sending command '{"delete": "turno", "ordered": true, "$db": "tenistas", "lsid": {"id": {"$binary": {"base64": "N5Yve4NDRC6QI73/tH5BRA==", "subType": "04"}}}, "deletes": [{"q": {"_id": "123"}, "limit": 1}]}' with request id 66 to database tenistas on connection [connectionId{localValue:3, serverValue:1801}] to server localhost:27017
22:20:47.268 [Thread-10] DEBUG org.mongodb.driver.protocol.command - Execution of command with request id 66 completed successfully in 1.34 ms on connection [connectionId{localValue:3, serverValue:1801}] to server localhost:27017
22:20:47.269 [AsyncGetter-3-thread-1] DEBUG org.mongodb.driver.operation - retryWrites set to true but the server is a standalone server.
22:20:47.269 [AsyncGetter-3-thread-1] DEBUG org.mongodb.driver.protocol.command - Sending command '{"delete": "user", "ordered": true, "$db": "tenistas", "lsid": {"id": {"$binary": {"base64": "N5Yve4NDRC6QI73/tH5BRA==", "subType": "04"}}}, "deletes": [{"q": {"_id": "32"}, "limit": 1}]}' with request id 67 to database tenistas on connection [connectionId{localValue:3, serverValue:1801}] to server localhost:27017
22:20:47.270 [Thread-9] DEBUG org.mongodb.driver.protocol.command - Execution of command with request id 67 completed successfully in 1.23 ms on connection [connectionId{localValue:3, serverValue:1801}] to server localhost:27017
22:20:47.273 [AsyncGetter-3-thread-1] DEBUG org.mongodb.driver.protocol.command - Sending command '{"drop": "user", "$db": "tenistas", "lsid": {"id": {"$binary": {"base64": "N5Yve4NDRC6QI73/tH5BRA==", "subType": "04"}}}}' with request id 68 to database tenistas on connection [connectionId{localValue:3, serverValue:1801}] to server localhost:27017
22:20:47.277 [Thread-10] DEBUG org.mongodb.driver.protocol.command - Execution of command with request id 68 completed successfully in 3.32 ms on connection [connectionId{localValue:3, serverValue:1801}] to server localhost:27017
22:20:47.279 [AsyncGetter-3-thread-1] DEBUG org.mongodb.driver.protocol.command - Sending command '{"find": "user", "filter": {}, "batchSize": 64, "$db": "tenistas", "lsid": {"id": {"$binary": {"base64": "N5Yve4NDRC6QI73/tH5BRA==", "subType": "04"}}}}' with request id 69 to database tenistas on connection [connectionId{localValue:3, serverValue:1801}] to server localhost:27017
22:20:47.280 [Thread-9] DEBUG org.mongodb.driver.protocol.command - Execution of command with request id 69 completed successfully in 1.15 ms on connection [connectionId{localValue:3, serverValue:1801}] to server localhost:27017
22:20:47.280 [Thread-9] DEBUG org.mongodb.driver.operation - Received batch of 0 documents with cursorId 0 from server localhost:27017
22:20:47.281 [AsyncGetter-3-thread-1] DEBUG org.mongodb.driver.operation - retryWrites set to true but the server is a standalone server.
22:20:47.281 [AsyncGetter-3-thread-1] DEBUG org.mongodb.driver.protocol.command - Sending command '{"update": "user", "ordered": true, "$db": "tenistas", "lsid": {"id": {"$binary": {"base64": "N5Yve4NDRC6QI73/tH5BRA==", "subType": "04"}}}, "updates": [{"q": {"_id": "32"}, "u": {"id": "37", "name": "dsgs", "username": "e23d", "email": "juan", "password": "974f3036f39834082e23f4d70f1feba9d4805b3ee2cedb50b6f1f49f72dd83616c2155f9ff6e08a1cefbf9e6ba2f4aaa45233c8c066a65e002924abfa51590c4", "tipoUser": "CLIENTE", "phone": "3453", "website": "http://www.gfgd"}, "upsert": true}]}' with request id 70 to database tenistas on connection [connectionId{localValue:3, serverValue:1801}] to server localhost:27017
22:20:47.290 [Thread-10] DEBUG org.mongodb.driver.protocol.command - Execution of command with request id 70 completed successfully in 9.00 ms on connection [connectionId{localValue:3, serverValue:1801}] to server localhost:27017
22:20:47.293 [AsyncGetter-3-thread-1] DEBUG org.mongodb.driver.protocol.command - Sending command '{"find": "user", "filter": {"_id": "32"}, "limit": 1, "singleBatch": true, "$db": "tenistas", "lsid": {"id": {"$binary": {"base64": "N5Yve4NDRC6QI73/tH5BRA==", "subType": "04"}}}}' with request id 71 to database tenistas on connection [connectionId{localValue:3, serverValue:1801}] to server localhost:27017
22:20:47.295 [Thread-9] DEBUG org.mongodb.driver.protocol.command - Execution of command with request id 71 completed successfully in 2.00 ms on connection [connectionId{localValue:3, serverValue:1801}] to server localhost:27017
22:20:47.296 [Thread-9] DEBUG org.mongodb.driver.operation - Received batch of 1 documents with cursorId 0 from server localhost:27017
22:20:47.297 [AsyncGetter-3-thread-1] DEBUG org.mongodb.driver.operation - retryWrites set to true but the server is a standalone server.
22:20:47.298 [AsyncGetter-3-thread-1] DEBUG org.mongodb.driver.protocol.command - Sending command '{"update": "turno", "ordered": true, "$db": "tenistas", "lsid": {"id": {"$binary": {"base64": "N5Yve4NDRC6QI73/tH5BRA==", "subType": "04"}}}, "updates": [{"q": {"_id": "123"}, "u": {"fechaInicio": {"$date": "2022-02-15T00:00:00Z"}, "fechaFinal": {"$date": "2024-12-16T00:00:00Z"}, "usuario_id": "32"}, "upsert": true}]}' with request id 72 to database tenistas on connection [connectionId{localValue:3, serverValue:1801}] to server localhost:27017
22:20:47.299 [Thread-10] DEBUG org.mongodb.driver.protocol.command - Execution of command with request id 72 completed successfully in 1.53 ms on connection [connectionId{localValue:3, serverValue:1801}] to server localhost:27017
22:20:47.300 [AsyncGetter-3-thread-1] DEBUG org.mongodb.driver.protocol.command - Sending command '{"find": "turno", "filter": {}, "batchSize": 64, "$db": "tenistas", "lsid": {"id": {"$binary": {"base64": "N5Yve4NDRC6QI73/tH5BRA==", "subType": "04"}}}}' with request id 73 to database tenistas on connection [connectionId{localValue:3, serverValue:1801}] to server localhost:27017
22:20:47.302 [Thread-9] DEBUG org.mongodb.driver.protocol.command - Execution of command with request id 73 completed successfully in 1.20 ms on connection [connectionId{localValue:3, serverValue:1801}] to server localhost:27017
22:20:47.302 [Thread-9] DEBUG org.mongodb.driver.operation - Received batch of 1 documents with cursorId 0 from server localhost:27017
22:20:47.304 [AsyncGetter-3-thread-1] DEBUG org.mongodb.driver.operation - retryWrites set to true but the server is a standalone server.
22:20:47.305 [AsyncGetter-3-thread-1] DEBUG org.mongodb.driver.protocol.command - Sending command '{"delete": "turno", "ordered": true, "$db": "tenistas", "lsid": {"id": {"$binary": {"base64": "N5Yve4NDRC6QI73/tH5BRA==", "subType": "04"}}}, "deletes": [{"q": {"_id": "123"}, "limit": 1}]}' with request id 74 to database tenistas on connection [connectionId{localValue:3, serverValue:1801}] to server localhost:27017
22:20:47.307 [Thread-10] DEBUG org.mongodb.driver.protocol.command - Execution of command with request id 74 completed successfully in 1.28 ms on connection [connectionId{localValue:3, serverValue:1801}] to server localhost:27017
22:20:47.308 [AsyncGetter-3-thread-1] DEBUG org.mongodb.driver.operation - retryWrites set to true but the server is a standalone server.
22:20:47.311 [AsyncGetter-3-thread-1] DEBUG org.mongodb.driver.protocol.command - Sending command '{"delete": "user", "ordered": true, "$db": "tenistas", "lsid": {"id": {"$binary": {"base64": "N5Yve4NDRC6QI73/tH5BRA==", "subType": "04"}}}, "deletes": [{"q": {"_id": "32"}, "limit": 1}]}' with request id 75 to database tenistas on connection [connectionId{localValue:3, serverValue:1801}] to server localhost:27017
22:20:47.312 [Thread-9] DEBUG org.mongodb.driver.protocol.command - Execution of command with request id 75 completed successfully in 1.81 ms on connection [connectionId{localValue:3, serverValue:1801}] to server localhost:27017
22:20:47.317 [AsyncGetter-3-thread-1] DEBUG org.mongodb.driver.protocol.command - Sending command '{"drop": "user", "$db": "tenistas", "lsid": {"id": {"$binary": {"base64": "N5Yve4NDRC6QI73/tH5BRA==", "subType": "04"}}}}' with request id 76 to database tenistas on connection [connectionId{localValue:3, serverValue:1801}] to server localhost:27017
22:20:47.319 [Thread-10] DEBUG org.mongodb.driver.protocol.command - Execution of command with request id 76 completed successfully in 1.58 ms on connection [connectionId{localValue:3, serverValue:1801}] to server localhost:27017
22:20:47.320 [AsyncGetter-3-thread-1] DEBUG org.mongodb.driver.protocol.command - Sending command '{"find": "user", "filter": {}, "batchSize": 64, "$db": "tenistas", "lsid": {"id": {"$binary": {"base64": "N5Yve4NDRC6QI73/tH5BRA==", "subType": "04"}}}}' with request id 77 to database tenistas on connection [connectionId{localValue:3, serverValue:1801}] to server localhost:27017
22:20:47.321 [Thread-9] DEBUG org.mongodb.driver.protocol.command - Execution of command with request id 77 completed successfully in 0.74 ms on connection [connectionId{localValue:3, serverValue:1801}] to server localhost:27017
22:20:47.321 [Thread-9] DEBUG org.mongodb.driver.operation - Received batch of 0 documents with cursorId 0 from server localhost:27017
22:20:47.322 [AsyncGetter-3-thread-1] DEBUG org.mongodb.driver.operation - retryWrites set to true but the server is a standalone server.
22:20:47.322 [AsyncGetter-3-thread-1] DEBUG org.mongodb.driver.protocol.command - Sending command '{"update": "user", "ordered": true, "$db": "tenistas", "lsid": {"id": {"$binary": {"base64": "N5Yve4NDRC6QI73/tH5BRA==", "subType": "04"}}}, "updates": [{"q": {"_id": "32"}, "u": {"id": "37", "name": "dsgs", "username": "e23d", "email": "juan", "password": "974f3036f39834082e23f4d70f1feba9d4805b3ee2cedb50b6f1f49f72dd83616c2155f9ff6e08a1cefbf9e6ba2f4aaa45233c8c066a65e002924abfa51590c4", "tipoUser": "CLIENTE", "phone": "3453", "website": "http://www.gfgd"}, "upsert": true}]}' with request id 78 to database tenistas on connection [connectionId{localValue:3, serverValue:1801}] to server localhost:27017
22:20:47.335 [Thread-10] DEBUG org.mongodb.driver.protocol.command - Execution of command with request id 78 completed successfully in 12.74 ms on connection [connectionId{localValue:3, serverValue:1801}] to server localhost:27017
22:20:47.338 [AsyncGetter-3-thread-1] DEBUG org.mongodb.driver.operation - retryWrites set to true but the server is a standalone server.
22:20:47.339 [AsyncGetter-3-thread-1] DEBUG org.mongodb.driver.protocol.command - Sending command '{"update": "user", "ordered": true, "$db": "tenistas", "lsid": {"id": {"$binary": {"base64": "N5Yve4NDRC6QI73/tH5BRA==", "subType": "04"}}}, "updates": [{"q": {"_id": "32"}, "u": {"$set": {"id": "37", "name": "dsgs", "username": "e23d", "email": "dani@gmail.com", "password": "974f3036f39834082e23f4d70f1feba9d4805b3ee2cedb50b6f1f49f72dd83616c2155f9ff6e08a1cefbf9e6ba2f4aaa45233c8c066a65e002924abfa51590c4", "tipoUser": "CLIENTE", "phone": "3453", "website": "http://www.gfgd"}}}]}' with request id 79 to database tenistas on connection [connectionId{localValue:3, serverValue:1801}] to server localhost:27017
22:20:47.340 [Thread-9] DEBUG org.mongodb.driver.protocol.command - Execution of command with request id 79 completed successfully in 1.38 ms on connection [connectionId{localValue:3, serverValue:1801}] to server localhost:27017
22:20:47.348 [AsyncGetter-3-thread-1] DEBUG org.mongodb.driver.operation - retryWrites set to true but the server is a standalone server.
22:20:47.348 [AsyncGetter-3-thread-1] DEBUG org.mongodb.driver.protocol.command - Sending command '{"delete": "user", "ordered": true, "$db": "tenistas", "lsid": {"id": {"$binary": {"base64": "N5Yve4NDRC6QI73/tH5BRA==", "subType": "04"}}}, "deletes": [{"q": {"_id": "32"}, "limit": 1}]}' with request id 80 to database tenistas on connection [connectionId{localValue:3, serverValue:1801}] to server localhost:27017
22:20:47.350 [Thread-10] DEBUG org.mongodb.driver.protocol.command - Execution of command with request id 80 completed successfully in 1.32 ms on connection [connectionId{localValue:3, serverValue:1801}] to server localhost:27017
22:20:47.353 [AsyncGetter-3-thread-1] DEBUG org.mongodb.driver.protocol.command - Sending command '{"drop": "user", "$db": "tenistas", "lsid": {"id": {"$binary": {"base64": "N5Yve4NDRC6QI73/tH5BRA==", "subType": "04"}}}}' with request id 81 to database tenistas on connection [connectionId{localValue:3, serverValue:1801}] to server localhost:27017
22:20:47.355 [Thread-9] DEBUG org.mongodb.driver.protocol.command - Execution of command with request id 81 completed successfully in 1.39 ms on connection [connectionId{localValue:3, serverValue:1801}] to server localhost:27017
22:20:47.356 [AsyncGetter-3-thread-1] DEBUG org.mongodb.driver.protocol.command - Sending command '{"find": "user", "filter": {}, "batchSize": 64, "$db": "tenistas", "lsid": {"id": {"$binary": {"base64": "N5Yve4NDRC6QI73/tH5BRA==", "subType": "04"}}}}' with request id 82 to database tenistas on connection [connectionId{localValue:3, serverValue:1801}] to server localhost:27017
22:20:47.356 [Thread-10] DEBUG org.mongodb.driver.protocol.command - Execution of command with request id 82 completed successfully in 0.83 ms on connection [connectionId{localValue:3, serverValue:1801}] to server localhost:27017
22:20:47.357 [Thread-10] DEBUG org.mongodb.driver.operation - Received batch of 0 documents with cursorId 0 from server localhost:27017
22:20:47.358 [AsyncGetter-3-thread-1] DEBUG org.mongodb.driver.operation - retryWrites set to true but the server is a standalone server.
22:20:47.360 [AsyncGetter-3-thread-1] DEBUG org.mongodb.driver.protocol.command - Sending command '{"update": "user", "ordered": true, "$db": "tenistas", "lsid": {"id": {"$binary": {"base64": "N5Yve4NDRC6QI73/tH5BRA==", "subType": "04"}}}, "updates": [{"q": {"_id": "32"}, "u": {"id": "37", "name": "dsgs", "username": "e23d", "email": "juan", "password": "974f3036f39834082e23f4d70f1feba9d4805b3ee2cedb50b6f1f49f72dd83616c2155f9ff6e08a1cefbf9e6ba2f4aaa45233c8c066a65e002924abfa51590c4", "tipoUser": "CLIENTE", "phone": "3453", "website": "http://www.gfgd"}, "upsert": true}]}' with request id 83 to database tenistas on connection [connectionId{localValue:3, serverValue:1801}] to server localhost:27017
22:20:47.371 [Thread-9] DEBUG org.mongodb.driver.protocol.command - Execution of command with request id 83 completed successfully in 12.41 ms on connection [connectionId{localValue:3, serverValue:1801}] to server localhost:27017
22:20:47.372 [AsyncGetter-3-thread-1] DEBUG org.mongodb.driver.protocol.command - Sending command '{"find": "user", "filter": {"_id": "32"}, "limit": 1, "singleBatch": true, "$db": "tenistas", "lsid": {"id": {"$binary": {"base64": "N5Yve4NDRC6QI73/tH5BRA==", "subType": "04"}}}}' with request id 84 to database tenistas on connection [connectionId{localValue:3, serverValue:1801}] to server localhost:27017
22:20:47.373 [Thread-10] DEBUG org.mongodb.driver.protocol.command - Execution of command with request id 84 completed successfully in 0.94 ms on connection [connectionId{localValue:3, serverValue:1801}] to server localhost:27017
22:20:47.373 [Thread-10] DEBUG org.mongodb.driver.operation - Received batch of 1 documents with cursorId 0 from server localhost:27017
22:20:47.374 [AsyncGetter-3-thread-1] DEBUG org.mongodb.driver.operation - retryWrites set to true but the server is a standalone server.
22:20:47.377 [AsyncGetter-3-thread-1] DEBUG org.mongodb.driver.protocol.command - Sending command '{"update": "pedido", "ordered": true, "$db": "tenistas", "lsid": {"id": {"$binary": {"base64": "N5Yve4NDRC6QI73/tH5BRA==", "subType": "04"}}}, "updates": [{"q": {"_id": "123456789"}, "u": {"estado": "EN_PROCESO", "fechaEntrada": {"$date": "2022-12-27T00:00:00Z"}, "fechaSalidaProgramada": {"$date": "2022-12-27T00:00:00Z"}, "fechaEntrega": {"$date": "2022-12-27T00:00:00Z"}, "precio": 222.2, "usuario_id": "32"}, "upsert": true}]}' with request id 85 to database tenistas on connection [connectionId{localValue:3, serverValue:1801}] to server localhost:27017
22:20:47.378 [Thread-9] DEBUG org.mongodb.driver.protocol.command - Execution of command with request id 85 completed successfully in 1.49 ms on connection [connectionId{localValue:3, serverValue:1801}] to server localhost:27017
22:20:47.380 [AsyncGetter-3-thread-1] DEBUG org.mongodb.driver.protocol.command - Sending command '{"find": "pedido", "filter": {}, "batchSize": 64, "$db": "tenistas", "lsid": {"id": {"$binary": {"base64": "N5Yve4NDRC6QI73/tH5BRA==", "subType": "04"}}}}' with request id 86 to database tenistas on connection [connectionId{localValue:3, serverValue:1801}] to server localhost:27017
22:20:47.381 [Thread-10] DEBUG org.mongodb.driver.protocol.command - Execution of command with request id 86 completed successfully in 1.18 ms on connection [connectionId{localValue:3, serverValue:1801}] to server localhost:27017
22:20:47.382 [Thread-10] DEBUG org.mongodb.driver.operation - Received batch of 1 documents with cursorId 0 from server localhost:27017
22:20:47.383 [AsyncGetter-3-thread-1] DEBUG org.mongodb.driver.operation - retryWrites set to true but the server is a standalone server.
22:20:47.384 [AsyncGetter-3-thread-1] DEBUG org.mongodb.driver.protocol.command - Sending command '{"delete": "pedido", "ordered": true, "$db": "tenistas", "lsid": {"id": {"$binary": {"base64": "N5Yve4NDRC6QI73/tH5BRA==", "subType": "04"}}}, "deletes": [{"q": {"_id": "123456789"}, "limit": 1}]}' with request id 87 to database tenistas on connection [connectionId{localValue:3, serverValue:1801}] to server localhost:27017
22:20:47.385 [Thread-9] DEBUG org.mongodb.driver.protocol.command - Execution of command with request id 87 completed successfully in 1.18 ms on connection [connectionId{localValue:3, serverValue:1801}] to server localhost:27017
22:20:47.385 [AsyncGetter-3-thread-1] DEBUG org.mongodb.driver.operation - retryWrites set to true but the server is a standalone server.
22:20:47.386 [AsyncGetter-3-thread-1] DEBUG org.mongodb.driver.protocol.command - Sending command '{"delete": "user", "ordered": true, "$db": "tenistas", "lsid": {"id": {"$binary": {"base64": "N5Yve4NDRC6QI73/tH5BRA==", "subType": "04"}}}, "deletes": [{"q": {"_id": "32"}, "limit": 1}]}' with request id 88 to database tenistas on connection [connectionId{localValue:3, serverValue:1801}] to server localhost:27017
22:20:47.386 [Thread-10] DEBUG org.mongodb.driver.protocol.command - Execution of command with request id 88 completed successfully in 1.14 ms on connection [connectionId{localValue:3, serverValue:1801}] to server localhost:27017
22:20:47.391 [AsyncGetter-3-thread-1] DEBUG org.mongodb.driver.protocol.command - Sending command '{"drop": "user", "$db": "tenistas", "lsid": {"id": {"$binary": {"base64": "N5Yve4NDRC6QI73/tH5BRA==", "subType": "04"}}}}' with request id 89 to database tenistas on connection [connectionId{localValue:3, serverValue:1801}] to server localhost:27017
22:20:47.396 [Thread-9] DEBUG org.mongodb.driver.protocol.command - Execution of command with request id 89 completed successfully in 4.74 ms on connection [connectionId{localValue:3, serverValue:1801}] to server localhost:27017
22:20:47.397 [AsyncGetter-3-thread-1] DEBUG org.mongodb.driver.protocol.command - Sending command '{"drop": "pedido", "$db": "tenistas", "lsid": {"id": {"$binary": {"base64": "N5Yve4NDRC6QI73/tH5BRA==", "subType": "04"}}}}' with request id 90 to database tenistas on connection [connectionId{localValue:3, serverValue:1801}] to server localhost:27017
22:20:47.399 [Thread-10] DEBUG org.mongodb.driver.protocol.command - Execution of command with request id 90 completed successfully in 1.73 ms on connection [connectionId{localValue:3, serverValue:1801}] to server localhost:27017
22:20:47.400 [AsyncGetter-3-thread-1] DEBUG org.mongodb.driver.protocol.command - Sending command '{"drop": "producto", "$db": "tenistas", "lsid": {"id": {"$binary": {"base64": "N5Yve4NDRC6QI73/tH5BRA==", "subType": "04"}}}}' with request id 91 to database tenistas on connection [connectionId{localValue:3, serverValue:1801}] to server localhost:27017
22:20:47.402 [Thread-9] DEBUG org.mongodb.driver.protocol.command - Execution of command with request id 91 completed successfully in 1.54 ms on connection [connectionId{localValue:3, serverValue:1801}] to server localhost:27017
22:20:47.403 [AsyncGetter-3-thread-1] DEBUG org.mongodb.driver.protocol.command - Sending command '{"find": "user", "filter": {}, "batchSize": 64, "$db": "tenistas", "lsid": {"id": {"$binary": {"base64": "N5Yve4NDRC6QI73/tH5BRA==", "subType": "04"}}}}' with request id 92 to database tenistas on connection [connectionId{localValue:3, serverValue:1801}] to server localhost:27017
22:20:47.405 [Thread-10] DEBUG org.mongodb.driver.protocol.command - Execution of command with request id 92 completed successfully in 1.56 ms on connection [connectionId{localValue:3, serverValue:1801}] to server localhost:27017
22:20:47.405 [Thread-10] DEBUG org.mongodb.driver.operation - Received batch of 0 documents with cursorId 0 from server localhost:27017
22:20:47.406 [AsyncGetter-3-thread-1] DEBUG org.mongodb.driver.operation - retryWrites set to true but the server is a standalone server.
22:20:47.406 [AsyncGetter-3-thread-1] DEBUG org.mongodb.driver.protocol.command - Sending command '{"update": "user", "ordered": true, "$db": "tenistas", "lsid": {"id": {"$binary": {"base64": "N5Yve4NDRC6QI73/tH5BRA==", "subType": "04"}}}, "updates": [{"q": {"_id": "32"}, "u": {"id": "37", "name": "dsgs", "username": "e23d", "email": "juan", "password": "974f3036f39834082e23f4d70f1feba9d4805b3ee2cedb50b6f1f49f72dd83616c2155f9ff6e08a1cefbf9e6ba2f4aaa45233c8c066a65e002924abfa51590c4", "tipoUser": "CLIENTE", "phone": "3453", "website": "http://www.gfgd"}, "upsert": true}]}' with request id 93 to database tenistas on connection [connectionId{localValue:3, serverValue:1801}] to server localhost:27017
22:20:47.419 [Thread-9] DEBUG org.mongodb.driver.protocol.command - Execution of command with request id 93 completed successfully in 12.96 ms on connection [connectionId{localValue:3, serverValue:1801}] to server localhost:27017
22:20:47.421 [AsyncGetter-3-thread-1] DEBUG org.mongodb.driver.protocol.command - Sending command '{"find": "user", "filter": {"_id": "32"}, "limit": 1, "singleBatch": true, "$db": "tenistas", "lsid": {"id": {"$binary": {"base64": "N5Yve4NDRC6QI73/tH5BRA==", "subType": "04"}}}}' with request id 94 to database tenistas on connection [connectionId{localValue:3, serverValue:1801}] to server localhost:27017
22:20:47.422 [Thread-10] DEBUG org.mongodb.driver.protocol.command - Execution of command with request id 94 completed successfully in 1.02 ms on connection [connectionId{localValue:3, serverValue:1801}] to server localhost:27017
22:20:47.423 [Thread-10] DEBUG org.mongodb.driver.operation - Received batch of 1 documents with cursorId 0 from server localhost:27017
22:20:47.424 [AsyncGetter-3-thread-1] DEBUG org.mongodb.driver.operation - retryWrites set to true but the server is a standalone server.
22:20:47.425 [AsyncGetter-3-thread-1] DEBUG org.mongodb.driver.protocol.command - Sending command '{"update": "pedido", "ordered": true, "$db": "tenistas", "lsid": {"id": {"$binary": {"base64": "N5Yve4NDRC6QI73/tH5BRA==", "subType": "04"}}}, "updates": [{"q": {"_id": "123456789"}, "u": {"estado": "EN_PROCESO", "fechaEntrada": {"$date": "2022-12-27T00:00:00Z"}, "fechaSalidaProgramada": {"$date": "2022-12-27T00:00:00Z"}, "fechaEntrega": {"$date": "2022-12-27T00:00:00Z"}, "precio": 222.2, "usuario_id": "32"}, "upsert": true}]}' with request id 95 to database tenistas on connection [connectionId{localValue:3, serverValue:1801}] to server localhost:27017
22:20:47.438 [Thread-9] DEBUG org.mongodb.driver.protocol.command - Execution of command with request id 95 completed successfully in 14.33 ms on connection [connectionId{localValue:3, serverValue:1801}] to server localhost:27017
22:20:47.440 [AsyncGetter-3-thread-1] DEBUG org.mongodb.driver.protocol.command - Sending command '{"find": "pedido", "filter": {"_id": "123456789"}, "limit": 1, "singleBatch": true, "$db": "tenistas", "lsid": {"id": {"$binary": {"base64": "N5Yve4NDRC6QI73/tH5BRA==", "subType": "04"}}}}' with request id 96 to database tenistas on connection [connectionId{localValue:3, serverValue:1801}] to server localhost:27017
22:20:47.443 [Thread-10] DEBUG org.mongodb.driver.protocol.command - Execution of command with request id 96 completed successfully in 2.67 ms on connection [connectionId{localValue:3, serverValue:1801}] to server localhost:27017
22:20:47.444 [Thread-10] DEBUG org.mongodb.driver.operation - Received batch of 1 documents with cursorId 0 from server localhost:27017
22:20:47.472 [AsyncGetter-3-thread-1] DEBUG org.mongodb.driver.operation - retryWrites set to true but the server is a standalone server.
22:20:47.473 [AsyncGetter-3-thread-1] DEBUG org.mongodb.driver.protocol.command - Sending command '{"update": "producto", "ordered": true, "$db": "tenistas", "lsid": {"id": {"$binary": {"base64": "N5Yve4NDRC6QI73/tH5BRA==", "subType": "04"}}}, "updates": [{"q": {"_id": "63e01dabcc53d942a0b0e42d"}, "u": {"marca": "Siemens", "modelo": " Negro", "precio": 118.6, "stock": "2458", "tipoProducto": "COMPLEMENTO", "pedido_id": "123456789"}, "upsert": true}]}' with request id 97 to database tenistas on connection [connectionId{localValue:3, serverValue:1801}] to server localhost:27017
22:20:47.487 [Thread-9] DEBUG org.mongodb.driver.protocol.command - Execution of command with request id 97 completed successfully in 13.06 ms on connection [connectionId{localValue:3, serverValue:1801}] to server localhost:27017
22:20:47.490 [AsyncGetter-3-thread-1] DEBUG org.mongodb.driver.operation - retryWrites set to true but the server is a standalone server.
22:20:47.490 [AsyncGetter-3-thread-1] DEBUG org.mongodb.driver.protocol.command - Sending command '{"update": "producto", "ordered": true, "$db": "tenistas", "lsid": {"id": {"$binary": {"base64": "N5Yve4NDRC6QI73/tH5BRA==", "subType": "04"}}}, "updates": [{"q": {"_id": "63e01dafcc53d942a0b0e433"}, "u": {"$set": {"marca": "Nike", "modelo": " Negro", "precio": 118.6, "stock": "2458", "tipoProducto": "COMPLEMENTO", "pedido_id": "123456789"}}}]}' with request id 98 to database tenistas on connection [connectionId{localValue:3, serverValue:1801}] to server localhost:27017
22:20:47.492 [Thread-10] DEBUG org.mongodb.driver.protocol.command - Execution of command with request id 98 completed successfully in 1.56 ms on connection [connectionId{localValue:3, serverValue:1801}] to server localhost:27017
22:20:47.497 [AsyncGetter-3-thread-1] DEBUG org.mongodb.driver.protocol.command - Sending command '{"find": "producto", "filter": {}, "batchSize": 64, "$db": "tenistas", "lsid": {"id": {"$binary": {"base64": "N5Yve4NDRC6QI73/tH5BRA==", "subType": "04"}}}}' with request id 99 to database tenistas on connection [connectionId{localValue:3, serverValue:1801}] to server localhost:27017
22:20:47.498 [Thread-9] DEBUG org.mongodb.driver.protocol.command - Execution of command with request id 99 completed successfully in 1.58 ms on connection [connectionId{localValue:3, serverValue:1801}] to server localhost:27017
22:20:47.503 [Thread-9] DEBUG org.mongodb.driver.operation - Received batch of 1 documents with cursorId 0 from server localhost:27017
22:20:47.506 [AsyncGetter-3-thread-1] DEBUG org.mongodb.driver.operation - retryWrites set to true but the server is a standalone server.
22:20:47.507 [AsyncGetter-3-thread-1] DEBUG org.mongodb.driver.protocol.command - Sending command '{"delete": "producto", "ordered": true, "$db": "tenistas", "lsid": {"id": {"$binary": {"base64": "N5Yve4NDRC6QI73/tH5BRA==", "subType": "04"}}}, "deletes": [{"q": {"_id": "63e01dabcc53d942a0b0e42d"}, "limit": 1}]}' with request id 100 to database tenistas on connection [connectionId{localValue:3, serverValue:1801}] to server localhost:27017
22:20:47.510 [Thread-10] DEBUG org.mongodb.driver.protocol.command - Execution of command with request id 100 completed successfully in 2.52 ms on connection [connectionId{localValue:3, serverValue:1801}] to server localhost:27017
22:20:47.512 [AsyncGetter-3-thread-1] DEBUG org.mongodb.driver.operation - retryWrites set to true but the server is a standalone server.
22:20:47.513 [AsyncGetter-3-thread-1] DEBUG org.mongodb.driver.protocol.command - Sending command '{"delete": "pedido", "ordered": true, "$db": "tenistas", "lsid": {"id": {"$binary": {"base64": "N5Yve4NDRC6QI73/tH5BRA==", "subType": "04"}}}, "deletes": [{"q": {"_id": "123"}, "limit": 1}]}' with request id 101 to database tenistas on connection [connectionId{localValue:3, serverValue:1801}] to server localhost:27017
22:20:47.514 [Thread-10] DEBUG org.mongodb.driver.protocol.command - Execution of command with request id 101 completed successfully in 1.51 ms on connection [connectionId{localValue:3, serverValue:1801}] to server localhost:27017
22:20:47.515 [AsyncGetter-3-thread-1] DEBUG org.mongodb.driver.operation - retryWrites set to true but the server is a standalone server.
22:20:47.516 [AsyncGetter-3-thread-1] DEBUG org.mongodb.driver.protocol.command - Sending command '{"delete": "user", "ordered": true, "$db": "tenistas", "lsid": {"id": {"$binary": {"base64": "N5Yve4NDRC6QI73/tH5BRA==", "subType": "04"}}}, "deletes": [{"q": {"_id": "32"}, "limit": 1}]}' with request id 102 to database tenistas on connection [connectionId{localValue:3, serverValue:1801}] to server localhost:27017
22:20:47.517 [Thread-9] DEBUG org.mongodb.driver.protocol.command - Execution of command with request id 102 completed successfully in 1.53 ms on connection [connectionId{localValue:3, serverValue:1801}] to server localhost:27017
22:20:47.526 [AsyncGetter-3-thread-1] DEBUG org.mongodb.driver.protocol.command - Sending command '{"drop": "user", "$db": "tenistas", "lsid": {"id": {"$binary": {"base64": "N5Yve4NDRC6QI73/tH5BRA==", "subType": "04"}}}}' with request id 103 to database tenistas on connection [connectionId{localValue:3, serverValue:1801}] to server localhost:27017
22:20:47.529 [Thread-10] DEBUG org.mongodb.driver.protocol.command - Execution of command with request id 103 completed successfully in 3.13 ms on connection [connectionId{localValue:3, serverValue:1801}] to server localhost:27017
22:20:47.530 [AsyncGetter-3-thread-1] DEBUG org.mongodb.driver.protocol.command - Sending command '{"drop": "turno", "$db": "tenistas", "lsid": {"id": {"$binary": {"base64": "N5Yve4NDRC6QI73/tH5BRA==", "subType": "04"}}}}' with request id 104 to database tenistas on connection [connectionId{localValue:3, serverValue:1801}] to server localhost:27017
22:20:47.532 [Thread-9] DEBUG org.mongodb.driver.protocol.command - Execution of command with request id 104 completed successfully in 1.61 ms on connection [connectionId{localValue:3, serverValue:1801}] to server localhost:27017
22:20:47.534 [AsyncGetter-3-thread-1] DEBUG org.mongodb.driver.protocol.command - Sending command '{"drop": "maquinaPersonalizar", "$db": "tenistas", "lsid": {"id": {"$binary": {"base64": "N5Yve4NDRC6QI73/tH5BRA==", "subType": "04"}}}}' with request id 105 to database tenistas on connection [connectionId{localValue:3, serverValue:1801}] to server localhost:27017
22:20:47.537 [Thread-10] DEBUG org.mongodb.driver.protocol.command - Execution of command with request id 105 completed successfully in 3.20 ms on connection [connectionId{localValue:3, serverValue:1801}] to server localhost:27017
22:20:47.540 [AsyncGetter-3-thread-1] DEBUG org.mongodb.driver.protocol.command - Sending command '{"find": "user", "filter": {}, "batchSize": 64, "$db": "tenistas", "lsid": {"id": {"$binary": {"base64": "N5Yve4NDRC6QI73/tH5BRA==", "subType": "04"}}}}' with request id 106 to database tenistas on connection [connectionId{localValue:3, serverValue:1801}] to server localhost:27017
22:20:47.541 [Thread-10] DEBUG org.mongodb.driver.protocol.command - Execution of command with request id 106 completed successfully in 1.35 ms on connection [connectionId{localValue:3, serverValue:1801}] to server localhost:27017
22:20:47.542 [Thread-10] DEBUG org.mongodb.driver.operation - Received batch of 0 documents with cursorId 0 from server localhost:27017
22:20:47.543 [AsyncGetter-3-thread-1] DEBUG org.mongodb.driver.operation - retryWrites set to true but the server is a standalone server.
22:20:47.544 [AsyncGetter-3-thread-1] DEBUG org.mongodb.driver.protocol.command - Sending command '{"update": "user", "ordered": true, "$db": "tenistas", "lsid": {"id": {"$binary": {"base64": "N5Yve4NDRC6QI73/tH5BRA==", "subType": "04"}}}, "updates": [{"q": {"_id": "32"}, "u": {"id": "37", "name": "dsgs", "username": "e23d", "email": "juan", "password": "974f3036f39834082e23f4d70f1feba9d4805b3ee2cedb50b6f1f49f72dd83616c2155f9ff6e08a1cefbf9e6ba2f4aaa45233c8c066a65e002924abfa51590c4", "tipoUser": "CLIENTE", "phone": "3453", "website": "http://www.gfgd"}, "upsert": true}]}' with request id 107 to database tenistas on connection [connectionId{localValue:3, serverValue:1801}] to server localhost:27017
22:20:47.560 [Thread-9] DEBUG org.mongodb.driver.protocol.command - Execution of command with request id 107 completed successfully in 16.24 ms on connection [connectionId{localValue:3, serverValue:1801}] to server localhost:27017
22:20:47.563 [AsyncGetter-3-thread-1] DEBUG org.mongodb.driver.protocol.command - Sending command '{"find": "user", "filter": {"_id": "32"}, "limit": 1, "singleBatch": true, "$db": "tenistas", "lsid": {"id": {"$binary": {"base64": "N5Yve4NDRC6QI73/tH5BRA==", "subType": "04"}}}}' with request id 108 to database tenistas on connection [connectionId{localValue:3, serverValue:1801}] to server localhost:27017
22:20:47.565 [Thread-10] DEBUG org.mongodb.driver.protocol.command - Execution of command with request id 108 completed successfully in 1.49 ms on connection [connectionId{localValue:3, serverValue:1801}] to server localhost:27017
22:20:47.566 [Thread-10] DEBUG org.mongodb.driver.operation - Received batch of 1 documents with cursorId 0 from server localhost:27017
22:20:47.567 [AsyncGetter-3-thread-1] DEBUG org.mongodb.driver.operation - retryWrites set to true but the server is a standalone server.
22:20:47.568 [AsyncGetter-3-thread-1] DEBUG org.mongodb.driver.protocol.command - Sending command '{"update": "turno", "ordered": true, "$db": "tenistas", "lsid": {"id": {"$binary": {"base64": "N5Yve4NDRC6QI73/tH5BRA==", "subType": "04"}}}, "updates": [{"q": {"_id": "123"}, "u": {"fechaInicio": {"$date": "2022-02-15T00:00:00Z"}, "fechaFinal": {"$date": "2024-12-16T00:00:00Z"}, "usuario_id": "32"}, "upsert": true}]}' with request id 109 to database tenistas on connection [connectionId{localValue:3, serverValue:1801}] to server localhost:27017
22:20:47.583 [Thread-9] DEBUG org.mongodb.driver.protocol.command - Execution of command with request id 109 completed successfully in 15.00 ms on connection [connectionId{localValue:3, serverValue:1801}] to server localhost:27017
22:20:47.585 [AsyncGetter-3-thread-1] DEBUG org.mongodb.driver.protocol.command - Sending command '{"find": "turno", "filter": {}, "batchSize": 64, "$db": "tenistas", "lsid": {"id": {"$binary": {"base64": "N5Yve4NDRC6QI73/tH5BRA==", "subType": "04"}}}}' with request id 110 to database tenistas on connection [connectionId{localValue:3, serverValue:1801}] to server localhost:27017
22:20:47.586 [Thread-9] DEBUG org.mongodb.driver.protocol.command - Execution of command with request id 110 completed successfully in 1.91 ms on connection [connectionId{localValue:3, serverValue:1801}] to server localhost:27017
22:20:47.587 [Thread-9] DEBUG org.mongodb.driver.operation - Received batch of 1 documents with cursorId 0 from server localhost:27017
22:20:47.588 [AsyncGetter-3-thread-1] DEBUG org.mongodb.driver.operation - retryWrites set to true but the server is a standalone server.
22:20:47.589 [AsyncGetter-3-thread-1] DEBUG org.mongodb.driver.protocol.command - Sending command '{"update": "maquinaPersonalizar", "ordered": true, "$db": "tenistas", "lsid": {"id": {"$binary": {"base64": "N5Yve4NDRC6QI73/tH5BRA==", "subType": "04"}}}, "updates": [{"q": {"_id": "63e01dabcc53d942a0b0e430"}, "u": {"marca": "Maquina marca Personalizacion 1", "modelo": "Maquina modelo Personalizacion 1", "fechaAdquisicion": {"$date": "2022-12-27T00:00:00Z"}, "numeroSerie": "3345", "swingweight": "true", "balance": 12.32, "rigidez": 11.0, "turno_id": "123"}, "upsert": true}]}' with request id 111 to database tenistas on connection [connectionId{localValue:3, serverValue:1801}] to server localhost:27017
22:20:47.608 [Thread-10] DEBUG org.mongodb.driver.protocol.command - Execution of command with request id 111 completed successfully in 18.27 ms on connection [connectionId{localValue:3, serverValue:1801}] to server localhost:27017
22:20:47.610 [AsyncGetter-3-thread-1] DEBUG org.mongodb.driver.protocol.command - Sending command '{"find": "maquinaPersonalizar", "filter": {}, "batchSize": 64, "$db": "tenistas", "lsid": {"id": {"$binary": {"base64": "N5Yve4NDRC6QI73/tH5BRA==", "subType": "04"}}}}' with request id 112 to database tenistas on connection [connectionId{localValue:3, serverValue:1801}] to server localhost:27017
22:20:47.615 [Thread-10] DEBUG org.mongodb.driver.protocol.command - Execution of command with request id 112 completed successfully in 4.92 ms on connection [connectionId{localValue:3, serverValue:1801}] to server localhost:27017
22:20:47.616 [Thread-10] DEBUG org.mongodb.driver.operation - Received batch of 1 documents with cursorId 0 from server localhost:27017
22:20:47.619 [AsyncGetter-3-thread-1] DEBUG org.mongodb.driver.operation - retryWrites set to true but the server is a standalone server.
22:20:47.621 [AsyncGetter-3-thread-1] DEBUG org.mongodb.driver.protocol.command - Sending command '{"delete": "maquinaPersonalizar", "ordered": true, "$db": "tenistas", "lsid": {"id": {"$binary": {"base64": "N5Yve4NDRC6QI73/tH5BRA==", "subType": "04"}}}, "deletes": [{"q": {"_id": "63e01dabcc53d942a0b0e430"}, "limit": 1}]}' with request id 113 to database tenistas on connection [connectionId{localValue:3, serverValue:1801}] to server localhost:27017
22:20:47.622 [Thread-9] DEBUG org.mongodb.driver.protocol.command - Execution of command with request id 113 completed successfully in 1.70 ms on connection [connectionId{localValue:3, serverValue:1801}] to server localhost:27017
22:20:47.623 [AsyncGetter-3-thread-1] DEBUG org.mongodb.driver.operation - retryWrites set to true but the server is a standalone server.
22:20:47.624 [AsyncGetter-3-thread-1] DEBUG org.mongodb.driver.protocol.command - Sending command '{"delete": "turno", "ordered": true, "$db": "tenistas", "lsid": {"id": {"$binary": {"base64": "N5Yve4NDRC6QI73/tH5BRA==", "subType": "04"}}}, "deletes": [{"q": {"_id": "123"}, "limit": 1}]}' with request id 114 to database tenistas on connection [connectionId{localValue:3, serverValue:1801}] to server localhost:27017
22:20:47.628 [Thread-10] DEBUG org.mongodb.driver.protocol.command - Execution of command with request id 114 completed successfully in 2.48 ms on connection [connectionId{localValue:3, serverValue:1801}] to server localhost:27017
22:20:47.629 [AsyncGetter-3-thread-1] DEBUG org.mongodb.driver.operation - retryWrites set to true but the server is a standalone server.
22:20:47.631 [AsyncGetter-3-thread-1] DEBUG org.mongodb.driver.protocol.command - Sending command '{"delete": "user", "ordered": true, "$db": "tenistas", "lsid": {"id": {"$binary": {"base64": "N5Yve4NDRC6QI73/tH5BRA==", "subType": "04"}}}, "deletes": [{"q": {"_id": "32"}, "limit": 1}]}' with request id 115 to database tenistas on connection [connectionId{localValue:3, serverValue:1801}] to server localhost:27017
22:20:47.632 [Thread-9] DEBUG org.mongodb.driver.protocol.command - Execution of command with request id 115 completed successfully in 2.08 ms on connection [connectionId{localValue:3, serverValue:1801}] to server localhost:27017
22:20:47.638 [AsyncGetter-3-thread-1] DEBUG org.mongodb.driver.protocol.command - Sending command '{"drop": "user", "$db": "tenistas", "lsid": {"id": {"$binary": {"base64": "N5Yve4NDRC6QI73/tH5BRA==", "subType": "04"}}}}' with request id 116 to database tenistas on connection [connectionId{localValue:3, serverValue:1801}] to server localhost:27017
22:20:47.640 [Thread-10] DEBUG org.mongodb.driver.protocol.command - Execution of command with request id 116 completed successfully in 2.01 ms on connection [connectionId{localValue:3, serverValue:1801}] to server localhost:27017
22:20:47.643 [AsyncGetter-3-thread-1] DEBUG org.mongodb.driver.protocol.command - Sending command '{"find": "user", "filter": {}, "batchSize": 64, "$db": "tenistas", "lsid": {"id": {"$binary": {"base64": "N5Yve4NDRC6QI73/tH5BRA==", "subType": "04"}}}}' with request id 117 to database tenistas on connection [connectionId{localValue:3, serverValue:1801}] to server localhost:27017
22:20:47.644 [Thread-10] DEBUG org.mongodb.driver.protocol.command - Execution of command with request id 117 completed successfully in 1.79 ms on connection [connectionId{localValue:3, serverValue:1801}] to server localhost:27017
22:20:47.644 [Thread-10] DEBUG org.mongodb.driver.operation - Received batch of 0 documents with cursorId 0 from server localhost:27017
22:20:47.647 [AsyncGetter-3-thread-1] DEBUG org.mongodb.driver.operation - retryWrites set to true but the server is a standalone server.
22:20:47.648 [AsyncGetter-3-thread-1] DEBUG org.mongodb.driver.protocol.command - Sending command '{"update": "user", "ordered": true, "$db": "tenistas", "lsid": {"id": {"$binary": {"base64": "N5Yve4NDRC6QI73/tH5BRA==", "subType": "04"}}}, "updates": [{"q": {"_id": "32"}, "u": {"id": "37", "name": "dsgs", "username": "e23d", "email": "juan", "password": "974f3036f39834082e23f4d70f1feba9d4805b3ee2cedb50b6f1f49f72dd83616c2155f9ff6e08a1cefbf9e6ba2f4aaa45233c8c066a65e002924abfa51590c4", "tipoUser": "CLIENTE", "phone": "3453", "website": "http://www.gfgd"}, "upsert": true}]}' with request id 118 to database tenistas on connection [connectionId{localValue:3, serverValue:1801}] to server localhost:27017
22:20:47.664 [Thread-9] DEBUG org.mongodb.driver.protocol.command - Execution of command with request id 118 completed successfully in 15.49 ms on connection [connectionId{localValue:3, serverValue:1801}] to server localhost:27017
22:20:47.666 [AsyncGetter-3-thread-1] DEBUG org.mongodb.driver.protocol.command - Sending command '{"find": "user", "filter": {"_id": "32"}, "limit": 1, "singleBatch": true, "$db": "tenistas", "lsid": {"id": {"$binary": {"base64": "N5Yve4NDRC6QI73/tH5BRA==", "subType": "04"}}}}' with request id 119 to database tenistas on connection [connectionId{localValue:3, serverValue:1801}] to server localhost:27017
22:20:47.667 [Thread-10] DEBUG org.mongodb.driver.protocol.command - Execution of command with request id 119 completed successfully in 1.24 ms on connection [connectionId{localValue:3, serverValue:1801}] to server localhost:27017
22:20:47.667 [Thread-10] DEBUG org.mongodb.driver.operation - Received batch of 1 documents with cursorId 0 from server localhost:27017
22:20:47.668 [AsyncGetter-3-thread-1] DEBUG org.mongodb.driver.operation - retryWrites set to true but the server is a standalone server.
22:20:47.669 [AsyncGetter-3-thread-1] DEBUG org.mongodb.driver.protocol.command - Sending command '{"update": "pedido", "ordered": true, "$db": "tenistas", "lsid": {"id": {"$binary": {"base64": "N5Yve4NDRC6QI73/tH5BRA==", "subType": "04"}}}, "updates": [{"q": {"_id": "123456789"}, "u": {"estado": "EN_PROCESO", "fechaEntrada": {"$date": "2022-12-27T00:00:00Z"}, "fechaSalidaProgramada": {"$date": "2022-12-27T00:00:00Z"}, "fechaEntrega": {"$date": "2022-12-27T00:00:00Z"}, "precio": 222.2, "usuario_id": "32"}, "upsert": true}]}' with request id 120 to database tenistas on connection [connectionId{localValue:3, serverValue:1801}] to server localhost:27017
22:20:47.670 [Thread-9] DEBUG org.mongodb.driver.protocol.command - Execution of command with request id 120 completed successfully in 1.07 ms on connection [connectionId{localValue:3, serverValue:1801}] to server localhost:27017
22:20:47.671 [AsyncGetter-3-thread-1] DEBUG org.mongodb.driver.protocol.command - Sending command '{"find": "pedido", "filter": {"_id": "123456789"}, "limit": 1, "singleBatch": true, "$db": "tenistas", "lsid": {"id": {"$binary": {"base64": "N5Yve4NDRC6QI73/tH5BRA==", "subType": "04"}}}}' with request id 121 to database tenistas on connection [connectionId{localValue:3, serverValue:1801}] to server localhost:27017
22:20:47.672 [Thread-10] DEBUG org.mongodb.driver.protocol.command - Execution of command with request id 121 completed successfully in 0.80 ms on connection [connectionId{localValue:3, serverValue:1801}] to server localhost:27017
22:20:47.672 [Thread-10] DEBUG org.mongodb.driver.operation - Received batch of 1 documents with cursorId 0 from server localhost:27017
22:20:47.673 [AsyncGetter-3-thread-1] DEBUG org.mongodb.driver.operation - retryWrites set to true but the server is a standalone server.
22:20:47.674 [AsyncGetter-3-thread-1] DEBUG org.mongodb.driver.protocol.command - Sending command '{"update": "producto", "ordered": true, "$db": "tenistas", "lsid": {"id": {"$binary": {"base64": "N5Yve4NDRC6QI73/tH5BRA==", "subType": "04"}}}, "updates": [{"q": {"_id": "63e01dabcc53d942a0b0e42d"}, "u": {"marca": "Siemens", "modelo": " Negro", "precio": 118.6, "stock": "2458", "tipoProducto": "COMPLEMENTO", "pedido_id": "123456789"}, "upsert": true}]}' with request id 122 to database tenistas on connection [connectionId{localValue:3, serverValue:1801}] to server localhost:27017
22:20:47.678 [Thread-9] DEBUG org.mongodb.driver.protocol.command - Execution of command with request id 122 completed successfully in 3.69 ms on connection [connectionId{localValue:3, serverValue:1801}] to server localhost:27017
22:20:47.680 [AsyncGetter-3-thread-1] DEBUG org.mongodb.driver.protocol.command - Sending command '{"find": "producto", "filter": {}, "batchSize": 64, "$db": "tenistas", "lsid": {"id": {"$binary": {"base64": "N5Yve4NDRC6QI73/tH5BRA==", "subType": "04"}}}}' with request id 123 to database tenistas on connection [connectionId{localValue:3, serverValue:1801}] to server localhost:27017
22:20:47.681 [Thread-10] DEBUG org.mongodb.driver.protocol.command - Execution of command with request id 123 completed successfully in 1.13 ms on connection [connectionId{localValue:3, serverValue:1801}] to server localhost:27017
22:20:47.681 [Thread-10] DEBUG org.mongodb.driver.operation - Received batch of 1 documents with cursorId 0 from server localhost:27017
22:20:47.683 [AsyncGetter-3-thread-1] DEBUG org.mongodb.driver.operation - retryWrites set to true but the server is a standalone server.
22:20:47.684 [AsyncGetter-3-thread-1] DEBUG org.mongodb.driver.protocol.command - Sending command '{"delete": "producto", "ordered": true, "$db": "tenistas", "lsid": {"id": {"$binary": {"base64": "N5Yve4NDRC6QI73/tH5BRA==", "subType": "04"}}}, "deletes": [{"q": {"_id": "63e01dabcc53d942a0b0e42d"}, "limit": 1}]}' with request id 124 to database tenistas on connection [connectionId{localValue:3, serverValue:1801}] to server localhost:27017
22:20:47.685 [Thread-9] DEBUG org.mongodb.driver.protocol.command - Execution of command with request id 124 completed successfully in 1.29 ms on connection [connectionId{localValue:3, serverValue:1801}] to server localhost:27017
22:20:47.686 [AsyncGetter-3-thread-1] DEBUG org.mongodb.driver.operation - retryWrites set to true but the server is a standalone server.
22:20:47.686 [AsyncGetter-3-thread-1] DEBUG org.mongodb.driver.protocol.command - Sending command '{"delete": "pedido", "ordered": true, "$db": "tenistas", "lsid": {"id": {"$binary": {"base64": "N5Yve4NDRC6QI73/tH5BRA==", "subType": "04"}}}, "deletes": [{"q": {"_id": "123456789"}, "limit": 1}]}' with request id 125 to database tenistas on connection [connectionId{localValue:3, serverValue:1801}] to server localhost:27017
22:20:47.687 [Thread-10] DEBUG org.mongodb.driver.protocol.command - Execution of command with request id 125 completed successfully in 1.04 ms on connection [connectionId{localValue:3, serverValue:1801}] to server localhost:27017
22:20:47.688 [AsyncGetter-3-thread-1] DEBUG org.mongodb.driver.operation - retryWrites set to true but the server is a standalone server.
22:20:47.689 [AsyncGetter-3-thread-1] DEBUG org.mongodb.driver.protocol.command - Sending command '{"delete": "user", "ordered": true, "$db": "tenistas", "lsid": {"id": {"$binary": {"base64": "N5Yve4NDRC6QI73/tH5BRA==", "subType": "04"}}}, "deletes": [{"q": {"_id": "32"}, "limit": 1}]}' with request id 126 to database tenistas on connection [connectionId{localValue:3, serverValue:1801}] to server localhost:27017
22:20:47.690 [Thread-9] DEBUG org.mongodb.driver.protocol.command - Execution of command with request id 126 completed successfully in 1.48 ms on connection [connectionId{localValue:3, serverValue:1801}] to server localhost:27017
22:20:47.698 [AsyncGetter-3-thread-1] DEBUG org.mongodb.driver.protocol.command - Sending command '{"drop": "user", "$db": "tenistas", "lsid": {"id": {"$binary": {"base64": "N5Yve4NDRC6QI73/tH5BRA==", "subType": "04"}}}}' with request id 127 to database tenistas on connection [connectionId{localValue:3, serverValue:1801}] to server localhost:27017
22:20:47.700 [Thread-10] DEBUG org.mongodb.driver.protocol.command - Execution of command with request id 127 completed successfully in 1.56 ms on connection [connectionId{localValue:3, serverValue:1801}] to server localhost:27017
22:20:47.702 [AsyncGetter-3-thread-1] DEBUG org.mongodb.driver.protocol.command - Sending command '{"drop": "turno", "$db": "tenistas", "lsid": {"id": {"$binary": {"base64": "N5Yve4NDRC6QI73/tH5BRA==", "subType": "04"}}}}' with request id 128 to database tenistas on connection [connectionId{localValue:3, serverValue:1801}] to server localhost:27017
22:20:47.703 [Thread-9] DEBUG org.mongodb.driver.protocol.command - Execution of command with request id 128 completed successfully in 2.04 ms on connection [connectionId{localValue:3, serverValue:1801}] to server localhost:27017
22:20:47.705 [AsyncGetter-3-thread-1] DEBUG org.mongodb.driver.protocol.command - Sending command '{"drop": "maquinaPersonalizar", "$db": "tenistas", "lsid": {"id": {"$binary": {"base64": "N5Yve4NDRC6QI73/tH5BRA==", "subType": "04"}}}}' with request id 129 to database tenistas on connection [connectionId{localValue:3, serverValue:1801}] to server localhost:27017
22:20:47.706 [Thread-10] DEBUG org.mongodb.driver.protocol.command - Execution of command with request id 129 completed successfully in 1.75 ms on connection [connectionId{localValue:3, serverValue:1801}] to server localhost:27017
22:20:47.709 [AsyncGetter-3-thread-1] DEBUG org.mongodb.driver.protocol.command - Sending command '{"find": "user", "filter": {}, "batchSize": 64, "$db": "tenistas", "lsid": {"id": {"$binary": {"base64": "N5Yve4NDRC6QI73/tH5BRA==", "subType": "04"}}}}' with request id 130 to database tenistas on connection [connectionId{localValue:3, serverValue:1801}] to server localhost:27017
22:20:47.711 [Thread-9] DEBUG org.mongodb.driver.protocol.command - Execution of command with request id 130 completed successfully in 2.12 ms on connection [connectionId{localValue:3, serverValue:1801}] to server localhost:27017
22:20:47.711 [Thread-9] DEBUG org.mongodb.driver.operation - Received batch of 0 documents with cursorId 0 from server localhost:27017
22:20:47.714 [AsyncGetter-3-thread-1] DEBUG org.mongodb.driver.operation - retryWrites set to true but the server is a standalone server.
22:20:47.715 [AsyncGetter-3-thread-1] DEBUG org.mongodb.driver.protocol.command - Sending command '{"update": "user", "ordered": true, "$db": "tenistas", "lsid": {"id": {"$binary": {"base64": "N5Yve4NDRC6QI73/tH5BRA==", "subType": "04"}}}, "updates": [{"q": {"_id": "32"}, "u": {"id": "37", "name": "dsgs", "username": "e23d", "email": "juan", "password": "974f3036f39834082e23f4d70f1feba9d4805b3ee2cedb50b6f1f49f72dd83616c2155f9ff6e08a1cefbf9e6ba2f4aaa45233c8c066a65e002924abfa51590c4", "tipoUser": "CLIENTE", "phone": "3453", "website": "http://www.gfgd"}, "upsert": true}]}' with request id 131 to database tenistas on connection [connectionId{localValue:3, serverValue:1801}] to server localhost:27017
22:20:47.729 [Thread-10] DEBUG org.mongodb.driver.protocol.command - Execution of command with request id 131 completed successfully in 13.89 ms on connection [connectionId{localValue:3, serverValue:1801}] to server localhost:27017
22:20:47.731 [AsyncGetter-3-thread-1] DEBUG org.mongodb.driver.protocol.command - Sending command '{"find": "user", "filter": {"_id": "32"}, "limit": 1, "singleBatch": true, "$db": "tenistas", "lsid": {"id": {"$binary": {"base64": "N5Yve4NDRC6QI73/tH5BRA==", "subType": "04"}}}}' with request id 132 to database tenistas on connection [connectionId{localValue:3, serverValue:1801}] to server localhost:27017
22:20:47.732 [Thread-9] DEBUG org.mongodb.driver.protocol.command - Execution of command with request id 132 completed successfully in 1.20 ms on connection [connectionId{localValue:3, serverValue:1801}] to server localhost:27017
22:20:47.733 [Thread-9] DEBUG org.mongodb.driver.operation - Received batch of 1 documents with cursorId 0 from server localhost:27017
22:20:47.734 [AsyncGetter-3-thread-1] DEBUG org.mongodb.driver.operation - retryWrites set to true but the server is a standalone server.
22:20:47.734 [AsyncGetter-3-thread-1] DEBUG org.mongodb.driver.protocol.command - Sending command '{"update": "turno", "ordered": true, "$db": "tenistas", "lsid": {"id": {"$binary": {"base64": "N5Yve4NDRC6QI73/tH5BRA==", "subType": "04"}}}, "updates": [{"q": {"_id": "123"}, "u": {"fechaInicio": {"$date": "2022-02-15T00:00:00Z"}, "fechaFinal": {"$date": "2024-12-16T00:00:00Z"}, "usuario_id": "32"}, "upsert": true}]}' with request id 133 to database tenistas on connection [connectionId{localValue:3, serverValue:1801}] to server localhost:27017
22:20:47.746 [Thread-10] DEBUG org.mongodb.driver.protocol.command - Execution of command with request id 133 completed successfully in 11.75 ms on connection [connectionId{localValue:3, serverValue:1801}] to server localhost:27017
22:20:47.748 [AsyncGetter-3-thread-1] DEBUG org.mongodb.driver.protocol.command - Sending command '{"find": "turno", "filter": {}, "batchSize": 64, "$db": "tenistas", "lsid": {"id": {"$binary": {"base64": "N5Yve4NDRC6QI73/tH5BRA==", "subType": "04"}}}}' with request id 134 to database tenistas on connection [connectionId{localValue:3, serverValue:1801}] to server localhost:27017
22:20:47.749 [Thread-9] DEBUG org.mongodb.driver.protocol.command - Execution of command with request id 134 completed successfully in 1.20 ms on connection [connectionId{localValue:3, serverValue:1801}] to server localhost:27017
22:20:47.749 [Thread-9] DEBUG org.mongodb.driver.operation - Received batch of 1 documents with cursorId 0 from server localhost:27017
22:20:47.750 [AsyncGetter-3-thread-1] DEBUG org.mongodb.driver.operation - retryWrites set to true but the server is a standalone server.
22:20:47.751 [AsyncGetter-3-thread-1] DEBUG org.mongodb.driver.protocol.command - Sending command '{"update": "maquinaPersonalizar", "ordered": true, "$db": "tenistas", "lsid": {"id": {"$binary": {"base64": "N5Yve4NDRC6QI73/tH5BRA==", "subType": "04"}}}, "updates": [{"q": {"_id": "63e01dabcc53d942a0b0e430"}, "u": {"marca": "Maquina marca Personalizacion 1", "modelo": "Maquina modelo Personalizacion 1", "fechaAdquisicion": {"$date": "2022-12-27T00:00:00Z"}, "numeroSerie": "3345", "swingweight": "true", "balance": 12.32, "rigidez": 11.0, "turno_id": "123"}, "upsert": true}]}' with request id 135 to database tenistas on connection [connectionId{localValue:3, serverValue:1801}] to server localhost:27017
22:20:47.765 [Thread-10] DEBUG org.mongodb.driver.protocol.command - Execution of command with request id 135 completed successfully in 14.04 ms on connection [connectionId{localValue:3, serverValue:1801}] to server localhost:27017
22:20:47.767 [AsyncGetter-3-thread-1] DEBUG org.mongodb.driver.operation - retryWrites set to true but the server is a standalone server.
22:20:47.768 [AsyncGetter-3-thread-1] DEBUG org.mongodb.driver.protocol.command - Sending command '{"update": "maquinaPersonalizar", "ordered": true, "$db": "tenistas", "lsid": {"id": {"$binary": {"base64": "N5Yve4NDRC6QI73/tH5BRA==", "subType": "04"}}}, "updates": [{"q": {"_id": "63e01dafcc53d942a0b0e434"}, "u": {"$set": {"marca": "Maquina marca Personalizacion 16", "modelo": "Maquina modelo Personalizacion 1", "fechaAdquisicion": {"$date": "2022-12-27T00:00:00Z"}, "numeroSerie": "3345", "swingweight": "true", "balance": 12.32, "rigidez": 11.0, "turno_id": "123"}}}]}' with request id 136 to database tenistas on connection [connectionId{localValue:3, serverValue:1801}] to server localhost:27017
22:20:47.768 [Thread-9] DEBUG org.mongodb.driver.protocol.command - Execution of command with request id 136 completed successfully in 1.05 ms on connection [connectionId{localValue:3, serverValue:1801}] to server localhost:27017
22:20:47.770 [AsyncGetter-3-thread-1] DEBUG org.mongodb.driver.protocol.command - Sending command '{"find": "maquinaPersonalizar", "filter": {}, "batchSize": 64, "$db": "tenistas", "lsid": {"id": {"$binary": {"base64": "N5Yve4NDRC6QI73/tH5BRA==", "subType": "04"}}}}' with request id 137 to database tenistas on connection [connectionId{localValue:3, serverValue:1801}] to server localhost:27017
22:20:47.770 [Thread-10] DEBUG org.mongodb.driver.protocol.command - Execution of command with request id 137 completed successfully in 0.79 ms on connection [connectionId{localValue:3, serverValue:1801}] to server localhost:27017
22:20:47.771 [Thread-10] DEBUG org.mongodb.driver.operation - Received batch of 1 documents with cursorId 0 from server localhost:27017
22:20:47.772 [AsyncGetter-3-thread-1] DEBUG org.mongodb.driver.operation - retryWrites set to true but the server is a standalone server.
22:20:47.773 [AsyncGetter-3-thread-1] DEBUG org.mongodb.driver.protocol.command - Sending command '{"delete": "maquinaEncordar", "ordered": true, "$db": "tenistas", "lsid": {"id": {"$binary": {"base64": "N5Yve4NDRC6QI73/tH5BRA==", "subType": "04"}}}, "deletes": [{"q": {"_id": "63e01dabcc53d942a0b0e42f"}, "limit": 1}]}' with request id 138 to database tenistas on connection [connectionId{localValue:3, serverValue:1801}] to server localhost:27017
22:20:47.774 [Thread-9] DEBUG org.mongodb.driver.protocol.command - Execution of command with request id 138 completed successfully in 1.18 ms on connection [connectionId{localValue:3, serverValue:1801}] to server localhost:27017
22:20:47.777 [AsyncGetter-3-thread-1] DEBUG org.mongodb.driver.operation - retryWrites set to true but the server is a standalone server.
22:20:47.779 [AsyncGetter-3-thread-1] DEBUG org.mongodb.driver.protocol.command - Sending command '{"delete": "turno", "ordered": true, "$db": "tenistas", "lsid": {"id": {"$binary": {"base64": "N5Yve4NDRC6QI73/tH5BRA==", "subType": "04"}}}, "deletes": [{"q": {"_id": "123"}, "limit": 1}]}' with request id 139 to database tenistas on connection [connectionId{localValue:3, serverValue:1801}] to server localhost:27017
22:20:47.780 [Thread-10] DEBUG org.mongodb.driver.protocol.command - Execution of command with request id 139 completed successfully in 1.65 ms on connection [connectionId{localValue:3, serverValue:1801}] to server localhost:27017
22:20:47.781 [AsyncGetter-3-thread-1] DEBUG org.mongodb.driver.operation - retryWrites set to true but the server is a standalone server.
22:20:47.781 [AsyncGetter-3-thread-1] DEBUG org.mongodb.driver.protocol.command - Sending command '{"delete": "user", "ordered": true, "$db": "tenistas", "lsid": {"id": {"$binary": {"base64": "N5Yve4NDRC6QI73/tH5BRA==", "subType": "04"}}}, "deletes": [{"q": {"_id": "32"}, "limit": 1}]}' with request id 140 to database tenistas on connection [connectionId{localValue:3, serverValue:1801}] to server localhost:27017
22:20:47.782 [Thread-9] DEBUG org.mongodb.driver.protocol.command - Execution of command with request id 140 completed successfully in 0.93 ms on connection [connectionId{localValue:3, serverValue:1801}] to server localhost:27017
22:20:47.786 [AsyncGetter-3-thread-1] DEBUG org.mongodb.driver.protocol.command - Sending command '{"drop": "user", "$db": "tenistas", "lsid": {"id": {"$binary": {"base64": "N5Yve4NDRC6QI73/tH5BRA==", "subType": "04"}}}}' with request id 141 to database tenistas on connection [connectionId{localValue:3, serverValue:1801}] to server localhost:27017
22:20:47.787 [Thread-10] DEBUG org.mongodb.driver.protocol.command - Execution of command with request id 141 completed successfully in 1.18 ms on connection [connectionId{localValue:3, serverValue:1801}] to server localhost:27017
22:20:47.788 [AsyncGetter-3-thread-1] DEBUG org.mongodb.driver.protocol.command - Sending command '{"drop": "pedido", "$db": "tenistas", "lsid": {"id": {"$binary": {"base64": "N5Yve4NDRC6QI73/tH5BRA==", "subType": "04"}}}}' with request id 142 to database tenistas on connection [connectionId{localValue:3, serverValue:1801}] to server localhost:27017
22:20:47.789 [Thread-9] DEBUG org.mongodb.driver.protocol.command - Execution of command with request id 142 completed successfully in 0.97 ms on connection [connectionId{localValue:3, serverValue:1801}] to server localhost:27017
22:20:47.790 [AsyncGetter-3-thread-1] DEBUG org.mongodb.driver.protocol.command - Sending command '{"drop": "tareaPersonalizacion", "$db": "tenistas", "lsid": {"id": {"$binary": {"base64": "N5Yve4NDRC6QI73/tH5BRA==", "subType": "04"}}}}' with request id 143 to database tenistas on connection [connectionId{localValue:3, serverValue:1801}] to server localhost:27017
22:20:47.791 [Thread-10] DEBUG org.mongodb.driver.protocol.command - Execution of command with request id 143 completed successfully in 1.13 ms on connection [connectionId{localValue:3, serverValue:1801}] to server localhost:27017
22:20:47.793 [AsyncGetter-3-thread-1] DEBUG org.mongodb.driver.protocol.command - Sending command '{"find": "user", "filter": {}, "batchSize": 64, "$db": "tenistas", "lsid": {"id": {"$binary": {"base64": "N5Yve4NDRC6QI73/tH5BRA==", "subType": "04"}}}}' with request id 144 to database tenistas on connection [connectionId{localValue:3, serverValue:1801}] to server localhost:27017
22:20:47.796 [Thread-9] DEBUG org.mongodb.driver.protocol.command - Execution of command with request id 144 completed successfully in 2.65 ms on connection [connectionId{localValue:3, serverValue:1801}] to server localhost:27017
22:20:47.796 [Thread-9] DEBUG org.mongodb.driver.operation - Received batch of 0 documents with cursorId 0 from server localhost:27017
22:20:47.797 [AsyncGetter-3-thread-1] DEBUG org.mongodb.driver.operation - retryWrites set to true but the server is a standalone server.
22:20:47.797 [AsyncGetter-3-thread-1] DEBUG org.mongodb.driver.protocol.command - Sending command '{"update": "user", "ordered": true, "$db": "tenistas", "lsid": {"id": {"$binary": {"base64": "N5Yve4NDRC6QI73/tH5BRA==", "subType": "04"}}}, "updates": [{"q": {"_id": "32"}, "u": {"id": "37", "name": "dsgs", "username": "e23d", "email": "juan", "password": "974f3036f39834082e23f4d70f1feba9d4805b3ee2cedb50b6f1f49f72dd83616c2155f9ff6e08a1cefbf9e6ba2f4aaa45233c8c066a65e002924abfa51590c4", "tipoUser": "CLIENTE", "phone": "3453", "website": "http://www.gfgd"}, "upsert": true}]}' with request id 145 to database tenistas on connection [connectionId{localValue:3, serverValue:1801}] to server localhost:27017
22:20:47.807 [Thread-10] DEBUG org.mongodb.driver.protocol.command - Execution of command with request id 145 completed successfully in 9.71 ms on connection [connectionId{localValue:3, serverValue:1801}] to server localhost:27017
22:20:47.810 [AsyncGetter-3-thread-1] DEBUG org.mongodb.driver.protocol.command - Sending command '{"find": "user", "filter": {"_id": "32"}, "limit": 1, "singleBatch": true, "$db": "tenistas", "lsid": {"id": {"$binary": {"base64": "N5Yve4NDRC6QI73/tH5BRA==", "subType": "04"}}}}' with request id 146 to database tenistas on connection [connectionId{localValue:3, serverValue:1801}] to server localhost:27017
22:20:47.811 [Thread-9] DEBUG org.mongodb.driver.protocol.command - Execution of command with request id 146 completed successfully in 0.99 ms on connection [connectionId{localValue:3, serverValue:1801}] to server localhost:27017
22:20:47.812 [Thread-9] DEBUG org.mongodb.driver.operation - Received batch of 1 documents with cursorId 0 from server localhost:27017
22:20:47.813 [AsyncGetter-3-thread-1] DEBUG org.mongodb.driver.operation - retryWrites set to true but the server is a standalone server.
22:20:47.814 [AsyncGetter-3-thread-1] DEBUG org.mongodb.driver.protocol.command - Sending command '{"update": "pedido", "ordered": true, "$db": "tenistas", "lsid": {"id": {"$binary": {"base64": "N5Yve4NDRC6QI73/tH5BRA==", "subType": "04"}}}, "updates": [{"q": {"_id": "123456789"}, "u": {"estado": "EN_PROCESO", "fechaEntrada": {"$date": "2022-12-27T00:00:00Z"}, "fechaSalidaProgramada": {"$date": "2022-12-27T00:00:00Z"}, "fechaEntrega": {"$date": "2022-12-27T00:00:00Z"}, "precio": 222.2, "usuario_id": "32"}, "upsert": true}]}' with request id 147 to database tenistas on connection [connectionId{localValue:3, serverValue:1801}] to server localhost:27017
22:20:47.823 [Thread-10] DEBUG org.mongodb.driver.protocol.command - Execution of command with request id 147 completed successfully in 9.47 ms on connection [connectionId{localValue:3, serverValue:1801}] to server localhost:27017
22:20:47.827 [AsyncGetter-3-thread-1] DEBUG org.mongodb.driver.protocol.command - Sending command '{"find": "pedido", "filter": {"_id": "123456789"}, "limit": 1, "singleBatch": true, "$db": "tenistas", "lsid": {"id": {"$binary": {"base64": "N5Yve4NDRC6QI73/tH5BRA==", "subType": "04"}}}}' with request id 148 to database tenistas on connection [connectionId{localValue:3, serverValue:1801}] to server localhost:27017
22:20:47.829 [Thread-9] DEBUG org.mongodb.driver.protocol.command - Execution of command with request id 148 completed successfully in 2.53 ms on connection [connectionId{localValue:3, serverValue:1801}] to server localhost:27017
22:20:47.829 [Thread-9] DEBUG org.mongodb.driver.operation - Received batch of 1 documents with cursorId 0 from server localhost:27017
22:20:48.137 [Test worker @background work runner#193] DEBUG repositories.ktorfit.KtorfitRepository - create(TareaDto(userId=32, id=63e01dabcc53d942a0b0e42e, title=Tarea Personalizacio, completed=EN_PROCESO)) - OK
22:20:48.138 [AsyncGetter-3-thread-1] DEBUG org.mongodb.driver.protocol.command - Sending command '{"find": "pedido", "filter": {"_id": "123456789"}, "limit": 1, "singleBatch": true, "$db": "tenistas", "lsid": {"id": {"$binary": {"base64": "N5Yve4NDRC6QI73/tH5BRA==", "subType": "04"}}}}' with request id 149 to database tenistas on connection [connectionId{localValue:3, serverValue:1801}] to server localhost:27017
22:20:48.139 [Thread-10] DEBUG org.mongodb.driver.protocol.command - Execution of command with request id 149 completed successfully in 1.32 ms on connection [connectionId{localValue:3, serverValue:1801}] to server localhost:27017
22:20:48.140 [Thread-10] DEBUG org.mongodb.driver.operation - Received batch of 1 documents with cursorId 0 from server localhost:27017
22:20:48.143 [AsyncGetter-3-thread-1] DEBUG org.mongodb.driver.operation - retryWrites set to true but the server is a standalone server.
22:20:48.144 [AsyncGetter-3-thread-1] DEBUG org.mongodb.driver.protocol.command - Sending command '{"update": "tareaPersonalizacion", "ordered": true, "$db": "tenistas", "lsid": {"id": {"$binary": {"base64": "N5Yve4NDRC6QI73/tH5BRA==", "subType": "04"}}}, "updates": [{"q": {"_id": "63e01dabcc53d942a0b0e42e"}, "u": {"rigidez": 8.0, "peso": 1.2, "balance": 1.1, "precio": 222.2, "pedido_id": "123456789"}, "upsert": true}]}' with request id 150 to database tenistas on connection [connectionId{localValue:3, serverValue:1801}] to server localhost:27017
22:20:48.166 [Thread-9] DEBUG org.mongodb.driver.protocol.command - Execution of command with request id 150 completed successfully in 21.54 ms on connection [connectionId{localValue:3, serverValue:1801}] to server localhost:27017
22:20:48.168 [AsyncGetter-3-thread-1] DEBUG org.mongodb.driver.protocol.command - Sending command '{"find": "tareaPersonalizacion", "filter": {}, "batchSize": 64, "$db": "tenistas", "lsid": {"id": {"$binary": {"base64": "N5Yve4NDRC6QI73/tH5BRA==", "subType": "04"}}}}' with request id 151 to database tenistas on connection [connectionId{localValue:3, serverValue:1801}] to server localhost:27017
22:20:48.170 [Thread-10] DEBUG org.mongodb.driver.protocol.command - Execution of command with request id 151 completed successfully in 1.34 ms on connection [connectionId{localValue:3, serverValue:1801}] to server localhost:27017
22:20:48.171 [Thread-10] DEBUG org.mongodb.driver.operation - Received batch of 1 documents with cursorId 0 from server localhost:27017
22:20:48.172 [AsyncGetter-3-thread-1] DEBUG org.mongodb.driver.operation - retryWrites set to true but the server is a standalone server.
22:20:48.173 [AsyncGetter-3-thread-1] DEBUG org.mongodb.driver.protocol.command - Sending command '{"delete": "tareaPersonalizacion", "ordered": true, "$db": "tenistas", "lsid": {"id": {"$binary": {"base64": "N5Yve4NDRC6QI73/tH5BRA==", "subType": "04"}}}, "deletes": [{"q": {"_id": "63e01dabcc53d942a0b0e42e"}, "limit": 1}]}' with request id 152 to database tenistas on connection [connectionId{localValue:3, serverValue:1801}] to server localhost:27017
22:20:48.176 [Thread-9] DEBUG org.mongodb.driver.protocol.command - Execution of command with request id 152 completed successfully in 1.66 ms on connection [connectionId{localValue:3, serverValue:1801}] to server localhost:27017
22:20:48.178 [AsyncGetter-3-thread-1] DEBUG org.mongodb.driver.operation - retryWrites set to true but the server is a standalone server.
22:20:48.180 [AsyncGetter-3-thread-1] DEBUG org.mongodb.driver.protocol.command - Sending command '{"delete": "pedido", "ordered": true, "$db": "tenistas", "lsid": {"id": {"$binary": {"base64": "N5Yve4NDRC6QI73/tH5BRA==", "subType": "04"}}}, "deletes": [{"q": {"_id": "123456789"}, "limit": 1}]}' with request id 153 to database tenistas on connection [connectionId{localValue:3, serverValue:1801}] to server localhost:27017
22:20:48.182 [Thread-10] DEBUG org.mongodb.driver.protocol.command - Execution of command with request id 153 completed successfully in 2.73 ms on connection [connectionId{localValue:3, serverValue:1801}] to server localhost:27017
22:20:48.184 [AsyncGetter-3-thread-1] DEBUG org.mongodb.driver.operation - retryWrites set to true but the server is a standalone server.
22:20:48.185 [AsyncGetter-3-thread-1] DEBUG org.mongodb.driver.protocol.command - Sending command '{"delete": "user", "ordered": true, "$db": "tenistas", "lsid": {"id": {"$binary": {"base64": "N5Yve4NDRC6QI73/tH5BRA==", "subType": "04"}}}, "deletes": [{"q": {"_id": "32"}, "limit": 1}]}' with request id 154 to database tenistas on connection [connectionId{localValue:3, serverValue:1801}] to server localhost:27017
22:20:48.187 [Thread-9] DEBUG org.mongodb.driver.protocol.command - Execution of command with request id 154 completed successfully in 1.82 ms on connection [connectionId{localValue:3, serverValue:1801}] to server localhost:27017
22:20:48.190 [AsyncGetter-3-thread-1] DEBUG org.mongodb.driver.protocol.command - Sending command '{"find": "tareaPersonalizacion", "filter": {}, "batchSize": 64, "$db": "tenistas", "lsid": {"id": {"$binary": {"base64": "N5Yve4NDRC6QI73/tH5BRA==", "subType": "04"}}}}' with request id 155 to database tenistas on connection [connectionId{localValue:3, serverValue:1801}] to server localhost:27017
22:20:48.191 [Thread-10] DEBUG org.mongodb.driver.protocol.command - Execution of command with request id 155 completed successfully in 1.23 ms on connection [connectionId{localValue:3, serverValue:1801}] to server localhost:27017
22:20:48.191 [Thread-10] DEBUG org.mongodb.driver.operation - Received batch of 0 documents with cursorId 0 from server localhost:27017
22:20:48.207 [AsyncGetter-3-thread-1] DEBUG org.mongodb.driver.protocol.command - Sending command '{"drop": "user", "$db": "tenistas", "lsid": {"id": {"$binary": {"base64": "N5Yve4NDRC6QI73/tH5BRA==", "subType": "04"}}}}' with request id 156 to database tenistas on connection [connectionId{localValue:3, serverValue:1801}] to server localhost:27017
22:20:48.211 [Thread-9] DEBUG org.mongodb.driver.protocol.command - Execution of command with request id 156 completed successfully in 4.15 ms on connection [connectionId{localValue:3, serverValue:1801}] to server localhost:27017
22:20:48.213 [AsyncGetter-3-thread-1] DEBUG org.mongodb.driver.protocol.command - Sending command '{"drop": "pedido", "$db": "tenistas", "lsid": {"id": {"$binary": {"base64": "N5Yve4NDRC6QI73/tH5BRA==", "subType": "04"}}}}' with request id 157 to database tenistas on connection [connectionId{localValue:3, serverValue:1801}] to server localhost:27017
22:20:48.215 [Thread-10] DEBUG org.mongodb.driver.protocol.command - Execution of command with request id 157 completed successfully in 3.10 ms on connection [connectionId{localValue:3, serverValue:1801}] to server localhost:27017
22:20:48.217 [AsyncGetter-3-thread-1] DEBUG org.mongodb.driver.protocol.command - Sending command '{"drop": "producto", "$db": "tenistas", "lsid": {"id": {"$binary": {"base64": "N5Yve4NDRC6QI73/tH5BRA==", "subType": "04"}}}}' with request id 158 to database tenistas on connection [connectionId{localValue:3, serverValue:1801}] to server localhost:27017
22:20:48.219 [Thread-9] DEBUG org.mongodb.driver.protocol.command - Execution of command with request id 158 completed successfully in 2.03 ms on connection [connectionId{localValue:3, serverValue:1801}] to server localhost:27017
22:20:48.221 [AsyncGetter-3-thread-1] DEBUG org.mongodb.driver.protocol.command - Sending command '{"find": "user", "filter": {}, "batchSize": 64, "$db": "tenistas", "lsid": {"id": {"$binary": {"base64": "N5Yve4NDRC6QI73/tH5BRA==", "subType": "04"}}}}' with request id 159 to database tenistas on connection [connectionId{localValue:3, serverValue:1801}] to server localhost:27017
22:20:48.222 [Thread-10] DEBUG org.mongodb.driver.protocol.command - Execution of command with request id 159 completed successfully in 1.14 ms on connection [connectionId{localValue:3, serverValue:1801}] to server localhost:27017
22:20:48.222 [Thread-10] DEBUG org.mongodb.driver.operation - Received batch of 0 documents with cursorId 0 from server localhost:27017
22:20:48.228 [AsyncGetter-3-thread-1] DEBUG org.mongodb.driver.operation - retryWrites set to true but the server is a standalone server.
22:20:48.229 [AsyncGetter-3-thread-1] DEBUG org.mongodb.driver.protocol.command - Sending command '{"update": "user", "ordered": true, "$db": "tenistas", "lsid": {"id": {"$binary": {"base64": "N5Yve4NDRC6QI73/tH5BRA==", "subType": "04"}}}, "updates": [{"q": {"_id": "32"}, "u": {"id": "37", "name": "dsgs", "username": "e23d", "email": "juan", "password": "974f3036f39834082e23f4d70f1feba9d4805b3ee2cedb50b6f1f49f72dd83616c2155f9ff6e08a1cefbf9e6ba2f4aaa45233c8c066a65e002924abfa51590c4", "tipoUser": "CLIENTE", "phone": "3453", "website": "http://www.gfgd"}, "upsert": true}]}' with request id 160 to database tenistas on connection [connectionId{localValue:3, serverValue:1801}] to server localhost:27017
22:20:48.244 [Thread-9] DEBUG org.mongodb.driver.protocol.command - Execution of command with request id 160 completed successfully in 15.86 ms on connection [connectionId{localValue:3, serverValue:1801}] to server localhost:27017
22:20:48.247 [AsyncGetter-3-thread-1] DEBUG org.mongodb.driver.protocol.command - Sending command '{"find": "user", "filter": {"_id": "32"}, "limit": 1, "singleBatch": true, "$db": "tenistas", "lsid": {"id": {"$binary": {"base64": "N5Yve4NDRC6QI73/tH5BRA==", "subType": "04"}}}}' with request id 161 to database tenistas on connection [connectionId{localValue:3, serverValue:1801}] to server localhost:27017
22:20:48.249 [Thread-10] DEBUG org.mongodb.driver.protocol.command - Execution of command with request id 161 completed successfully in 2.60 ms on connection [connectionId{localValue:3, serverValue:1801}] to server localhost:27017
22:20:48.250 [Thread-10] DEBUG org.mongodb.driver.operation - Received batch of 1 documents with cursorId 0 from server localhost:27017
22:20:48.251 [AsyncGetter-3-thread-1] DEBUG org.mongodb.driver.operation - retryWrites set to true but the server is a standalone server.
22:20:48.252 [AsyncGetter-3-thread-1] DEBUG org.mongodb.driver.protocol.command - Sending command '{"update": "pedido", "ordered": true, "$db": "tenistas", "lsid": {"id": {"$binary": {"base64": "N5Yve4NDRC6QI73/tH5BRA==", "subType": "04"}}}, "updates": [{"q": {"_id": "123456789"}, "u": {"estado": "EN_PROCESO", "fechaEntrada": {"$date": "2022-12-27T00:00:00Z"}, "fechaSalidaProgramada": {"$date": "2022-12-27T00:00:00Z"}, "fechaEntrega": {"$date": "2022-12-27T00:00:00Z"}, "precio": 222.2, "usuario_id": "32"}, "upsert": true}]}' with request id 162 to database tenistas on connection [connectionId{localValue:3, serverValue:1801}] to server localhost:27017
22:20:48.268 [Thread-9] DEBUG org.mongodb.driver.protocol.command - Execution of command with request id 162 completed successfully in 16.39 ms on connection [connectionId{localValue:3, serverValue:1801}] to server localhost:27017
22:20:48.269 [AsyncGetter-3-thread-1] DEBUG org.mongodb.driver.protocol.command - Sending command '{"find": "pedido", "filter": {"_id": "123456789"}, "limit": 1, "singleBatch": true, "$db": "tenistas", "lsid": {"id": {"$binary": {"base64": "N5Yve4NDRC6QI73/tH5BRA==", "subType": "04"}}}}' with request id 163 to database tenistas on connection [connectionId{localValue:3, serverValue:1801}] to server localhost:27017
22:20:48.270 [Thread-10] DEBUG org.mongodb.driver.protocol.command - Execution of command with request id 163 completed successfully in 1.22 ms on connection [connectionId{localValue:3, serverValue:1801}] to server localhost:27017
22:20:48.271 [Thread-10] DEBUG org.mongodb.driver.operation - Received batch of 1 documents with cursorId 0 from server localhost:27017
22:20:48.271 [AsyncGetter-3-thread-1] DEBUG org.mongodb.driver.operation - retryWrites set to true but the server is a standalone server.
22:20:48.272 [AsyncGetter-3-thread-1] DEBUG org.mongodb.driver.protocol.command - Sending command '{"update": "producto", "ordered": true, "$db": "tenistas", "lsid": {"id": {"$binary": {"base64": "N5Yve4NDRC6QI73/tH5BRA==", "subType": "04"}}}, "updates": [{"q": {"_id": "63e01dabcc53d942a0b0e42d"}, "u": {"marca": "Siemens", "modelo": " Negro", "precio": 118.6, "stock": "2458", "tipoProducto": "COMPLEMENTO", "pedido_id": "123456789"}, "upsert": true}]}' with request id 164 to database tenistas on connection [connectionId{localValue:3, serverValue:1801}] to server localhost:27017
22:20:48.286 [Thread-9] DEBUG org.mongodb.driver.protocol.command - Execution of command with request id 164 completed successfully in 14.39 ms on connection [connectionId{localValue:3, serverValue:1801}] to server localhost:27017
22:20:48.288 [AsyncGetter-3-thread-1] DEBUG org.mongodb.driver.protocol.command - Sending command '{"find": "producto", "filter": {}, "batchSize": 64, "$db": "tenistas", "lsid": {"id": {"$binary": {"base64": "N5Yve4NDRC6QI73/tH5BRA==", "subType": "04"}}}}' with request id 165 to database tenistas on connection [connectionId{localValue:3, serverValue:1801}] to server localhost:27017
22:20:48.289 [Thread-10] DEBUG org.mongodb.driver.protocol.command - Execution of command with request id 165 completed successfully in 0.94 ms on connection [connectionId{localValue:3, serverValue:1801}] to server localhost:27017
22:20:48.289 [Thread-10] DEBUG org.mongodb.driver.operation - Received batch of 1 documents with cursorId 0 from server localhost:27017
22:20:48.292 [AsyncGetter-3-thread-1] DEBUG org.mongodb.driver.operation - retryWrites set to true but the server is a standalone server.
22:20:48.294 [AsyncGetter-3-thread-1] DEBUG org.mongodb.driver.protocol.command - Sending command '{"delete": "producto", "ordered": true, "$db": "tenistas", "lsid": {"id": {"$binary": {"base64": "N5Yve4NDRC6QI73/tH5BRA==", "subType": "04"}}}, "deletes": [{"q": {"_id": "63e01dabcc53d942a0b0e42d"}, "limit": 1}]}' with request id 166 to database tenistas on connection [connectionId{localValue:3, serverValue:1801}] to server localhost:27017
22:20:48.297 [Thread-9] DEBUG org.mongodb.driver.protocol.command - Execution of command with request id 166 completed successfully in 2.39 ms on connection [connectionId{localValue:3, serverValue:1801}] to server localhost:27017
22:20:48.298 [AsyncGetter-3-thread-1] DEBUG org.mongodb.driver.operation - retryWrites set to true but the server is a standalone server.
22:20:48.299 [AsyncGetter-3-thread-1] DEBUG org.mongodb.driver.protocol.command - Sending command '{"delete": "pedido", "ordered": true, "$db": "tenistas", "lsid": {"id": {"$binary": {"base64": "N5Yve4NDRC6QI73/tH5BRA==", "subType": "04"}}}, "deletes": [{"q": {"_id": "123456789"}, "limit": 1}]}' with request id 167 to database tenistas on connection [connectionId{localValue:3, serverValue:1801}] to server localhost:27017
22:20:48.301 [Thread-10] DEBUG org.mongodb.driver.protocol.command - Execution of command with request id 167 completed successfully in 1.53 ms on connection [connectionId{localValue:3, serverValue:1801}] to server localhost:27017
22:20:48.302 [AsyncGetter-3-thread-1] DEBUG org.mongodb.driver.operation - retryWrites set to true but the server is a standalone server.
22:20:48.303 [AsyncGetter-3-thread-1] DEBUG org.mongodb.driver.protocol.command - Sending command '{"delete": "user", "ordered": true, "$db": "tenistas", "lsid": {"id": {"$binary": {"base64": "N5Yve4NDRC6QI73/tH5BRA==", "subType": "04"}}}, "deletes": [{"q": {"_id": "32"}, "limit": 1}]}' with request id 168 to database tenistas on connection [connectionId{localValue:3, serverValue:1801}] to server localhost:27017
22:20:48.305 [Thread-9] DEBUG org.mongodb.driver.protocol.command - Execution of command with request id 168 completed successfully in 1.59 ms on connection [connectionId{localValue:3, serverValue:1801}] to server localhost:27017
22:20:48.312 [AsyncGetter-3-thread-1] DEBUG org.mongodb.driver.protocol.command - Sending command '{"drop": "user", "$db": "tenistas", "lsid": {"id": {"$binary": {"base64": "N5Yve4NDRC6QI73/tH5BRA==", "subType": "04"}}}}' with request id 169 to database tenistas on connection [connectionId{localValue:3, serverValue:1801}] to server localhost:27017
22:20:48.314 [Thread-10] DEBUG org.mongodb.driver.protocol.command - Execution of command with request id 169 completed successfully in 2.55 ms on connection [connectionId{localValue:3, serverValue:1801}] to server localhost:27017
22:20:48.316 [AsyncGetter-3-thread-1] DEBUG org.mongodb.driver.protocol.command - Sending command '{"drop": "turno", "$db": "tenistas", "lsid": {"id": {"$binary": {"base64": "N5Yve4NDRC6QI73/tH5BRA==", "subType": "04"}}}}' with request id 170 to database tenistas on connection [connectionId{localValue:3, serverValue:1801}] to server localhost:27017
22:20:48.317 [Thread-9] DEBUG org.mongodb.driver.protocol.command - Execution of command with request id 170 completed successfully in 1.63 ms on connection [connectionId{localValue:3, serverValue:1801}] to server localhost:27017
22:20:48.318 [AsyncGetter-3-thread-1] DEBUG org.mongodb.driver.protocol.command - Sending command '{"drop": "maquinaEncordar", "$db": "tenistas", "lsid": {"id": {"$binary": {"base64": "N5Yve4NDRC6QI73/tH5BRA==", "subType": "04"}}}}' with request id 171 to database tenistas on connection [connectionId{localValue:3, serverValue:1801}] to server localhost:27017
22:20:48.320 [Thread-10] DEBUG org.mongodb.driver.protocol.command - Execution of command with request id 171 completed successfully in 1.42 ms on connection [connectionId{localValue:3, serverValue:1801}] to server localhost:27017
22:20:48.321 [AsyncGetter-3-thread-1] DEBUG org.mongodb.driver.protocol.command - Sending command '{"find": "user", "filter": {}, "batchSize": 64, "$db": "tenistas", "lsid": {"id": {"$binary": {"base64": "N5Yve4NDRC6QI73/tH5BRA==", "subType": "04"}}}}' with request id 172 to database tenistas on connection [connectionId{localValue:3, serverValue:1801}] to server localhost:27017
22:20:48.322 [Thread-10] DEBUG org.mongodb.driver.protocol.command - Execution of command with request id 172 completed successfully in 1.11 ms on connection [connectionId{localValue:3, serverValue:1801}] to server localhost:27017
22:20:48.322 [Thread-10] DEBUG org.mongodb.driver.operation - Received batch of 0 documents with cursorId 0 from server localhost:27017
22:20:48.323 [AsyncGetter-3-thread-1] DEBUG org.mongodb.driver.operation - retryWrites set to true but the server is a standalone server.
22:20:48.326 [AsyncGetter-3-thread-1] DEBUG org.mongodb.driver.protocol.command - Sending command '{"update": "user", "ordered": true, "$db": "tenistas", "lsid": {"id": {"$binary": {"base64": "N5Yve4NDRC6QI73/tH5BRA==", "subType": "04"}}}, "updates": [{"q": {"_id": "32"}, "u": {"id": "37", "name": "dsgs", "username": "e23d", "email": "juan", "password": "974f3036f39834082e23f4d70f1feba9d4805b3ee2cedb50b6f1f49f72dd83616c2155f9ff6e08a1cefbf9e6ba2f4aaa45233c8c066a65e002924abfa51590c4", "tipoUser": "CLIENTE", "phone": "3453", "website": "http://www.gfgd"}, "upsert": true}]}' with request id 173 to database tenistas on connection [connectionId{localValue:3, serverValue:1801}] to server localhost:27017
22:20:48.339 [Thread-9] DEBUG org.mongodb.driver.protocol.command - Execution of command with request id 173 completed successfully in 14.30 ms on connection [connectionId{localValue:3, serverValue:1801}] to server localhost:27017
22:20:48.342 [AsyncGetter-3-thread-1] DEBUG org.mongodb.driver.protocol.command - Sending command '{"find": "user", "filter": {"_id": "32"}, "limit": 1, "singleBatch": true, "$db": "tenistas", "lsid": {"id": {"$binary": {"base64": "N5Yve4NDRC6QI73/tH5BRA==", "subType": "04"}}}}' with request id 174 to database tenistas on connection [connectionId{localValue:3, serverValue:1801}] to server localhost:27017
22:20:48.344 [Thread-10] DEBUG org.mongodb.driver.protocol.command - Execution of command with request id 174 completed successfully in 3.17 ms on connection [connectionId{localValue:3, serverValue:1801}] to server localhost:27017
22:20:48.345 [Thread-10] DEBUG org.mongodb.driver.operation - Received batch of 1 documents with cursorId 0 from server localhost:27017
22:20:48.347 [AsyncGetter-3-thread-1] DEBUG org.mongodb.driver.operation - retryWrites set to true but the server is a standalone server.
22:20:48.348 [AsyncGetter-3-thread-1] DEBUG org.mongodb.driver.protocol.command - Sending command '{"update": "turno", "ordered": true, "$db": "tenistas", "lsid": {"id": {"$binary": {"base64": "N5Yve4NDRC6QI73/tH5BRA==", "subType": "04"}}}, "updates": [{"q": {"_id": "123"}, "u": {"fechaInicio": {"$date": "2022-02-15T00:00:00Z"}, "fechaFinal": {"$date": "2024-12-16T00:00:00Z"}, "usuario_id": "32"}, "upsert": true}]}' with request id 175 to database tenistas on connection [connectionId{localValue:3, serverValue:1801}] to server localhost:27017
22:20:48.365 [Thread-9] DEBUG org.mongodb.driver.protocol.command - Execution of command with request id 175 completed successfully in 17.71 ms on connection [connectionId{localValue:3, serverValue:1801}] to server localhost:27017
22:20:48.369 [AsyncGetter-3-thread-1] DEBUG org.mongodb.driver.protocol.command - Sending command '{"find": "turno", "filter": {}, "batchSize": 64, "$db": "tenistas", "lsid": {"id": {"$binary": {"base64": "N5Yve4NDRC6QI73/tH5BRA==", "subType": "04"}}}}' with request id 176 to database tenistas on connection [connectionId{localValue:3, serverValue:1801}] to server localhost:27017
22:20:48.370 [Thread-10] DEBUG org.mongodb.driver.protocol.command - Execution of command with request id 176 completed successfully in 1.08 ms on connection [connectionId{localValue:3, serverValue:1801}] to server localhost:27017
22:20:48.370 [Thread-10] DEBUG org.mongodb.driver.operation - Received batch of 1 documents with cursorId 0 from server localhost:27017
22:20:48.390 [AsyncGetter-3-thread-1] DEBUG org.mongodb.driver.operation - retryWrites set to true but the server is a standalone server.
22:20:48.392 [AsyncGetter-3-thread-1] DEBUG org.mongodb.driver.protocol.command - Sending command '{"update": "maquinaEncordar", "ordered": true, "$db": "tenistas", "lsid": {"id": {"$binary": {"base64": "N5Yve4NDRC6QI73/tH5BRA==", "subType": "04"}}}, "updates": [{"q": {"_id": "63e01dabcc53d942a0b0e42f"}, "u": {"marca": "Maquina marca Encordado 1", "modelo": "Maquina modelo Encordado 1", "fechaAdquisicion": {"$date": "2022-12-27T00:00:00Z"}, "numeroSerie": "3345", "tipo": "AUTOMATICA", "tensionMaxima": 12.32, "tensionMinima": 11.0, "turno_id": "123"}, "upsert": true}]}' with request id 177 to database tenistas on connection [connectionId{localValue:3, serverValue:1801}] to server localhost:27017
22:20:48.405 [Thread-9] DEBUG org.mongodb.driver.protocol.command - Execution of command with request id 177 completed successfully in 13.85 ms on connection [connectionId{localValue:3, serverValue:1801}] to server localhost:27017
22:20:48.406 [AsyncGetter-3-thread-1] DEBUG org.mongodb.driver.protocol.command - Sending command '{"find": "maquinaEncordar", "filter": {}, "batchSize": 64, "$db": "tenistas", "lsid": {"id": {"$binary": {"base64": "N5Yve4NDRC6QI73/tH5BRA==", "subType": "04"}}}}' with request id 178 to database tenistas on connection [connectionId{localValue:3, serverValue:1801}] to server localhost:27017
22:20:48.407 [Thread-10] DEBUG org.mongodb.driver.protocol.command - Execution of command with request id 178 completed successfully in 0.96 ms on connection [connectionId{localValue:3, serverValue:1801}] to server localhost:27017
22:20:48.411 [Thread-10] DEBUG org.mongodb.driver.operation - Received batch of 1 documents with cursorId 0 from server localhost:27017
22:20:48.414 [AsyncGetter-3-thread-1] DEBUG org.mongodb.driver.operation - retryWrites set to true but the server is a standalone server.
22:20:48.416 [AsyncGetter-3-thread-1] DEBUG org.mongodb.driver.protocol.command - Sending command '{"delete": "maquinaEncordar", "ordered": true, "$db": "tenistas", "lsid": {"id": {"$binary": {"base64": "N5Yve4NDRC6QI73/tH5BRA==", "subType": "04"}}}, "deletes": [{"q": {"_id": "63e01dabcc53d942a0b0e42f"}, "limit": 1}]}' with request id 179 to database tenistas on connection [connectionId{localValue:3, serverValue:1801}] to server localhost:27017
22:20:48.417 [Thread-10] DEBUG org.mongodb.driver.protocol.command - Execution of command with request id 179 completed successfully in 1.48 ms on connection [connectionId{localValue:3, serverValue:1801}] to server localhost:27017
22:20:48.419 [AsyncGetter-3-thread-1] DEBUG org.mongodb.driver.operation - retryWrites set to true but the server is a standalone server.
22:20:48.420 [AsyncGetter-3-thread-1] DEBUG org.mongodb.driver.protocol.command - Sending command '{"delete": "turno", "ordered": true, "$db": "tenistas", "lsid": {"id": {"$binary": {"base64": "N5Yve4NDRC6QI73/tH5BRA==", "subType": "04"}}}, "deletes": [{"q": {"_id": "123"}, "limit": 1}]}' with request id 180 to database tenistas on connection [connectionId{localValue:3, serverValue:1801}] to server localhost:27017
22:20:48.421 [Thread-9] DEBUG org.mongodb.driver.protocol.command - Execution of command with request id 180 completed successfully in 1.42 ms on connection [connectionId{localValue:3, serverValue:1801}] to server localhost:27017
22:20:48.422 [AsyncGetter-3-thread-1] DEBUG org.mongodb.driver.operation - retryWrites set to true but the server is a standalone server.
22:20:48.423 [AsyncGetter-3-thread-1] DEBUG org.mongodb.driver.protocol.command - Sending command '{"delete": "user", "ordered": true, "$db": "tenistas", "lsid": {"id": {"$binary": {"base64": "N5Yve4NDRC6QI73/tH5BRA==", "subType": "04"}}}, "deletes": [{"q": {"_id": "32"}, "limit": 1}]}' with request id 181 to database tenistas on connection [connectionId{localValue:3, serverValue:1801}] to server localhost:27017
22:20:48.424 [Thread-10] DEBUG org.mongodb.driver.protocol.command - Execution of command with request id 181 completed successfully in 1.13 ms on connection [connectionId{localValue:3, serverValue:1801}] to server localhost:27017
22:20:48.428 [AsyncGetter-3-thread-1] DEBUG org.mongodb.driver.protocol.command - Sending command '{"find": "maquinaEncordar", "filter": {}, "batchSize": 64, "$db": "tenistas", "lsid": {"id": {"$binary": {"base64": "N5Yve4NDRC6QI73/tH5BRA==", "subType": "04"}}}}' with request id 182 to database tenistas on connection [connectionId{localValue:3, serverValue:1801}] to server localhost:27017
22:20:48.429 [Thread-9] DEBUG org.mongodb.driver.protocol.command - Execution of command with request id 182 completed successfully in 2.24 ms on connection [connectionId{localValue:3, serverValue:1801}] to server localhost:27017
22:20:48.430 [Thread-9] DEBUG org.mongodb.driver.operation - Received batch of 0 documents with cursorId 0 from server localhost:27017
22:20:48.436 [AsyncGetter-3-thread-1] DEBUG org.mongodb.driver.protocol.command - Sending command '{"drop": "user", "$db": "tenistas", "lsid": {"id": {"$binary": {"base64": "N5Yve4NDRC6QI73/tH5BRA==", "subType": "04"}}}}' with request id 183 to database tenistas on connection [connectionId{localValue:3, serverValue:1801}] to server localhost:27017
22:20:48.437 [Thread-10] DEBUG org.mongodb.driver.protocol.command - Execution of command with request id 183 completed successfully in 2.18 ms on connection [connectionId{localValue:3, serverValue:1801}] to server localhost:27017
22:20:48.439 [AsyncGetter-3-thread-1] DEBUG org.mongodb.driver.protocol.command - Sending command '{"drop": "turno", "$db": "tenistas", "lsid": {"id": {"$binary": {"base64": "N5Yve4NDRC6QI73/tH5BRA==", "subType": "04"}}}}' with request id 184 to database tenistas on connection [connectionId{localValue:3, serverValue:1801}] to server localhost:27017
22:20:48.440 [Thread-9] DEBUG org.mongodb.driver.protocol.command - Execution of command with request id 184 completed successfully in 1.27 ms on connection [connectionId{localValue:3, serverValue:1801}] to server localhost:27017
22:20:48.441 [AsyncGetter-3-thread-1] DEBUG org.mongodb.driver.protocol.command - Sending command '{"drop": "maquinaEncordar", "$db": "tenistas", "lsid": {"id": {"$binary": {"base64": "N5Yve4NDRC6QI73/tH5BRA==", "subType": "04"}}}}' with request id 185 to database tenistas on connection [connectionId{localValue:3, serverValue:1801}] to server localhost:27017
22:20:48.443 [Thread-10] DEBUG org.mongodb.driver.protocol.command - Execution of command with request id 185 completed successfully in 2.49 ms on connection [connectionId{localValue:3, serverValue:1801}] to server localhost:27017
22:20:48.444 [AsyncGetter-3-thread-1] DEBUG org.mongodb.driver.protocol.command - Sending command '{"find": "user", "filter": {}, "batchSize": 64, "$db": "tenistas", "lsid": {"id": {"$binary": {"base64": "N5Yve4NDRC6QI73/tH5BRA==", "subType": "04"}}}}' with request id 186 to database tenistas on connection [connectionId{localValue:3, serverValue:1801}] to server localhost:27017
22:20:48.446 [Thread-9] DEBUG org.mongodb.driver.protocol.command - Execution of command with request id 186 completed successfully in 1.26 ms on connection [connectionId{localValue:3, serverValue:1801}] to server localhost:27017
22:20:48.447 [Thread-9] DEBUG org.mongodb.driver.operation - Received batch of 0 documents with cursorId 0 from server localhost:27017
22:20:48.448 [AsyncGetter-3-thread-1] DEBUG org.mongodb.driver.operation - retryWrites set to true but the server is a standalone server.
22:20:48.449 [AsyncGetter-3-thread-1] DEBUG org.mongodb.driver.protocol.command - Sending command '{"update": "user", "ordered": true, "$db": "tenistas", "lsid": {"id": {"$binary": {"base64": "N5Yve4NDRC6QI73/tH5BRA==", "subType": "04"}}}, "updates": [{"q": {"_id": "32"}, "u": {"id": "37", "name": "dsgs", "username": "e23d", "email": "juan", "password": "974f3036f39834082e23f4d70f1feba9d4805b3ee2cedb50b6f1f49f72dd83616c2155f9ff6e08a1cefbf9e6ba2f4aaa45233c8c066a65e002924abfa51590c4", "tipoUser": "CLIENTE", "phone": "3453", "website": "http://www.gfgd"}, "upsert": true}]}' with request id 187 to database tenistas on connection [connectionId{localValue:3, serverValue:1801}] to server localhost:27017
22:20:48.465 [Thread-10] DEBUG org.mongodb.driver.protocol.command - Execution of command with request id 187 completed successfully in 16.85 ms on connection [connectionId{localValue:3, serverValue:1801}] to server localhost:27017
22:20:48.467 [AsyncGetter-3-thread-1] DEBUG org.mongodb.driver.protocol.command - Sending command '{"find": "user", "filter": {"_id": "32"}, "limit": 1, "singleBatch": true, "$db": "tenistas", "lsid": {"id": {"$binary": {"base64": "N5Yve4NDRC6QI73/tH5BRA==", "subType": "04"}}}}' with request id 188 to database tenistas on connection [connectionId{localValue:3, serverValue:1801}] to server localhost:27017
22:20:48.468 [Thread-9] DEBUG org.mongodb.driver.protocol.command - Execution of command with request id 188 completed successfully in 1.00 ms on connection [connectionId{localValue:3, serverValue:1801}] to server localhost:27017
22:20:48.469 [Thread-9] DEBUG org.mongodb.driver.operation - Received batch of 1 documents with cursorId 0 from server localhost:27017
22:20:48.470 [AsyncGetter-3-thread-1] DEBUG org.mongodb.driver.operation - retryWrites set to true but the server is a standalone server.
22:20:48.471 [AsyncGetter-3-thread-1] DEBUG org.mongodb.driver.protocol.command - Sending command '{"update": "turno", "ordered": true, "$db": "tenistas", "lsid": {"id": {"$binary": {"base64": "N5Yve4NDRC6QI73/tH5BRA==", "subType": "04"}}}, "updates": [{"q": {"_id": "123"}, "u": {"fechaInicio": {"$date": "2022-02-15T00:00:00Z"}, "fechaFinal": {"$date": "2024-12-16T00:00:00Z"}, "usuario_id": "32"}, "upsert": true}]}' with request id 189 to database tenistas on connection [connectionId{localValue:3, serverValue:1801}] to server localhost:27017
22:20:48.484 [Thread-10] DEBUG org.mongodb.driver.protocol.command - Execution of command with request id 189 completed successfully in 13.20 ms on connection [connectionId{localValue:3, serverValue:1801}] to server localhost:27017
22:20:48.484 [AsyncGetter-3-thread-1] DEBUG org.mongodb.driver.protocol.command - Sending command '{"find": "turno", "filter": {}, "batchSize": 64, "$db": "tenistas", "lsid": {"id": {"$binary": {"base64": "N5Yve4NDRC6QI73/tH5BRA==", "subType": "04"}}}}' with request id 190 to database tenistas on connection [connectionId{localValue:3, serverValue:1801}] to server localhost:27017
22:20:48.486 [Thread-9] DEBUG org.mongodb.driver.protocol.command - Execution of command with request id 190 completed successfully in 0.85 ms on connection [connectionId{localValue:3, serverValue:1801}] to server localhost:27017
22:20:48.486 [Thread-9] DEBUG org.mongodb.driver.operation - Received batch of 1 documents with cursorId 0 from server localhost:27017
22:20:48.487 [AsyncGetter-3-thread-1] DEBUG org.mongodb.driver.operation - retryWrites set to true but the server is a standalone server.
22:20:48.488 [AsyncGetter-3-thread-1] DEBUG org.mongodb.driver.protocol.command - Sending command '{"update": "maquinaEncordar", "ordered": true, "$db": "tenistas", "lsid": {"id": {"$binary": {"base64": "N5Yve4NDRC6QI73/tH5BRA==", "subType": "04"}}}, "updates": [{"q": {"_id": "63e01dabcc53d942a0b0e42f"}, "u": {"marca": "Maquina marca Encordado 1", "modelo": "Maquina modelo Encordado 1", "fechaAdquisicion": {"$date": "2022-12-27T00:00:00Z"}, "numeroSerie": "3345", "tipo": "AUTOMATICA", "tensionMaxima": 12.32, "tensionMinima": 11.0, "turno_id": "123"}, "upsert": true}]}' with request id 191 to database tenistas on connection [connectionId{localValue:3, serverValue:1801}] to server localhost:27017
22:20:48.502 [Thread-10] DEBUG org.mongodb.driver.protocol.command - Execution of command with request id 191 completed successfully in 14.44 ms on connection [connectionId{localValue:3, serverValue:1801}] to server localhost:27017
22:20:48.505 [AsyncGetter-3-thread-1] DEBUG org.mongodb.driver.protocol.command - Sending command '{"find": "maquinaEncordar", "filter": {}, "batchSize": 64, "$db": "tenistas", "lsid": {"id": {"$binary": {"base64": "N5Yve4NDRC6QI73/tH5BRA==", "subType": "04"}}}}' with request id 192 to database tenistas on connection [connectionId{localValue:3, serverValue:1801}] to server localhost:27017
22:20:48.506 [Thread-9] DEBUG org.mongodb.driver.protocol.command - Execution of command with request id 192 completed successfully in 1.05 ms on connection [connectionId{localValue:3, serverValue:1801}] to server localhost:27017
22:20:48.506 [Thread-9] DEBUG org.mongodb.driver.operation - Received batch of 1 documents with cursorId 0 from server localhost:27017
22:20:48.507 [AsyncGetter-3-thread-1] DEBUG org.mongodb.driver.operation - retryWrites set to true but the server is a standalone server.
22:20:48.511 [AsyncGetter-3-thread-1] DEBUG org.mongodb.driver.protocol.command - Sending command '{"delete": "maquinaEncordar", "ordered": true, "$db": "tenistas", "lsid": {"id": {"$binary": {"base64": "N5Yve4NDRC6QI73/tH5BRA==", "subType": "04"}}}, "deletes": [{"q": {"_id": "63e01dabcc53d942a0b0e42f"}, "limit": 1}]}' with request id 193 to database tenistas on connection [connectionId{localValue:3, serverValue:1801}] to server localhost:27017
22:20:48.513 [Thread-10] DEBUG org.mongodb.driver.protocol.command - Execution of command with request id 193 completed successfully in 4.33 ms on connection [connectionId{localValue:3, serverValue:1801}] to server localhost:27017
22:20:48.514 [AsyncGetter-3-thread-1] DEBUG org.mongodb.driver.operation - retryWrites set to true but the server is a standalone server.
22:20:48.515 [AsyncGetter-3-thread-1] DEBUG org.mongodb.driver.protocol.command - Sending command '{"delete": "turno", "ordered": true, "$db": "tenistas", "lsid": {"id": {"$binary": {"base64": "N5Yve4NDRC6QI73/tH5BRA==", "subType": "04"}}}, "deletes": [{"q": {"_id": "123"}, "limit": 1}]}' with request id 194 to database tenistas on connection [connectionId{localValue:3, serverValue:1801}] to server localhost:27017
22:20:48.516 [Thread-9] DEBUG org.mongodb.driver.protocol.command - Execution of command with request id 194 completed successfully in 1.80 ms on connection [connectionId{localValue:3, serverValue:1801}] to server localhost:27017
22:20:48.517 [AsyncGetter-3-thread-1] DEBUG org.mongodb.driver.operation - retryWrites set to true but the server is a standalone server.
22:20:48.518 [AsyncGetter-3-thread-1] DEBUG org.mongodb.driver.protocol.command - Sending command '{"delete": "user", "ordered": true, "$db": "tenistas", "lsid": {"id": {"$binary": {"base64": "N5Yve4NDRC6QI73/tH5BRA==", "subType": "04"}}}, "deletes": [{"q": {"_id": "32"}, "limit": 1}]}' with request id 195 to database tenistas on connection [connectionId{localValue:3, serverValue:1801}] to server localhost:27017
22:20:48.519 [Thread-10] DEBUG org.mongodb.driver.protocol.command - Execution of command with request id 195 completed successfully in 1.21 ms on connection [connectionId{localValue:3, serverValue:1801}] to server localhost:27017
22:20:48.524 [AsyncGetter-3-thread-1] DEBUG org.mongodb.driver.protocol.command - Sending command '{"drop": "user", "$db": "tenistas", "lsid": {"id": {"$binary": {"base64": "N5Yve4NDRC6QI73/tH5BRA==", "subType": "04"}}}}' with request id 196 to database tenistas on connection [connectionId{localValue:3, serverValue:1801}] to server localhost:27017
22:20:48.528 [Thread-10] DEBUG org.mongodb.driver.protocol.command - Execution of command with request id 196 completed successfully in 3.77 ms on connection [connectionId{localValue:3, serverValue:1801}] to server localhost:27017
22:20:48.530 [AsyncGetter-3-thread-1] DEBUG org.mongodb.driver.protocol.command - Sending command '{"drop": "pedido", "$db": "tenistas", "lsid": {"id": {"$binary": {"base64": "N5Yve4NDRC6QI73/tH5BRA==", "subType": "04"}}}}' with request id 197 to database tenistas on connection [connectionId{localValue:3, serverValue:1801}] to server localhost:27017
22:20:48.531 [Thread-9] DEBUG org.mongodb.driver.protocol.command - Execution of command with request id 197 completed successfully in 1.64 ms on connection [connectionId{localValue:3, serverValue:1801}] to server localhost:27017
22:20:48.533 [AsyncGetter-3-thread-1] DEBUG org.mongodb.driver.protocol.command - Sending command '{"drop": "producto", "$db": "tenistas", "lsid": {"id": {"$binary": {"base64": "N5Yve4NDRC6QI73/tH5BRA==", "subType": "04"}}}}' with request id 198 to database tenistas on connection [connectionId{localValue:3, serverValue:1801}] to server localhost:27017
22:20:48.534 [Thread-10] DEBUG org.mongodb.driver.protocol.command - Execution of command with request id 198 completed successfully in 1.29 ms on connection [connectionId{localValue:3, serverValue:1801}] to server localhost:27017
22:20:48.535 [AsyncGetter-3-thread-1] DEBUG org.mongodb.driver.protocol.command - Sending command '{"find": "user", "filter": {}, "batchSize": 64, "$db": "tenistas", "lsid": {"id": {"$binary": {"base64": "N5Yve4NDRC6QI73/tH5BRA==", "subType": "04"}}}}' with request id 199 to database tenistas on connection [connectionId{localValue:3, serverValue:1801}] to server localhost:27017
22:20:48.535 [Thread-9] DEBUG org.mongodb.driver.protocol.command - Execution of command with request id 199 completed successfully in 0.78 ms on connection [connectionId{localValue:3, serverValue:1801}] to server localhost:27017
22:20:48.535 [Thread-9] DEBUG org.mongodb.driver.operation - Received batch of 0 documents with cursorId 0 from server localhost:27017
22:20:48.536 [AsyncGetter-3-thread-1] DEBUG org.mongodb.driver.operation - retryWrites set to true but the server is a standalone server.
22:20:48.537 [AsyncGetter-3-thread-1] DEBUG org.mongodb.driver.protocol.command - Sending command '{"update": "user", "ordered": true, "$db": "tenistas", "lsid": {"id": {"$binary": {"base64": "N5Yve4NDRC6QI73/tH5BRA==", "subType": "04"}}}, "updates": [{"q": {"_id": "32"}, "u": {"id": "37", "name": "dsgs", "username": "e23d", "email": "juan", "password": "974f3036f39834082e23f4d70f1feba9d4805b3ee2cedb50b6f1f49f72dd83616c2155f9ff6e08a1cefbf9e6ba2f4aaa45233c8c066a65e002924abfa51590c4", "tipoUser": "CLIENTE", "phone": "3453", "website": "http://www.gfgd"}, "upsert": true}]}' with request id 200 to database tenistas on connection [connectionId{localValue:3, serverValue:1801}] to server localhost:27017
22:20:48.550 [Thread-10] DEBUG org.mongodb.driver.protocol.command - Execution of command with request id 200 completed successfully in 13.06 ms on connection [connectionId{localValue:3, serverValue:1801}] to server localhost:27017
22:20:48.551 [AsyncGetter-3-thread-1] DEBUG org.mongodb.driver.protocol.command - Sending command '{"find": "user", "filter": {"_id": "32"}, "limit": 1, "singleBatch": true, "$db": "tenistas", "lsid": {"id": {"$binary": {"base64": "N5Yve4NDRC6QI73/tH5BRA==", "subType": "04"}}}}' with request id 201 to database tenistas on connection [connectionId{localValue:3, serverValue:1801}] to server localhost:27017
22:20:48.552 [Thread-9] DEBUG org.mongodb.driver.protocol.command - Execution of command with request id 201 completed successfully in 0.81 ms on connection [connectionId{localValue:3, serverValue:1801}] to server localhost:27017
22:20:48.552 [Thread-9] DEBUG org.mongodb.driver.operation - Received batch of 1 documents with cursorId 0 from server localhost:27017
22:20:48.553 [AsyncGetter-3-thread-1] DEBUG org.mongodb.driver.operation - retryWrites set to true but the server is a standalone server.
22:20:48.554 [AsyncGetter-3-thread-1] DEBUG org.mongodb.driver.protocol.command - Sending command '{"update": "pedido", "ordered": true, "$db": "tenistas", "lsid": {"id": {"$binary": {"base64": "N5Yve4NDRC6QI73/tH5BRA==", "subType": "04"}}}, "updates": [{"q": {"_id": "123456789"}, "u": {"estado": "EN_PROCESO", "fechaEntrada": {"$date": "2022-12-27T00:00:00Z"}, "fechaSalidaProgramada": {"$date": "2022-12-27T00:00:00Z"}, "fechaEntrega": {"$date": "2022-12-27T00:00:00Z"}, "precio": 222.2, "usuario_id": "32"}, "upsert": true}]}' with request id 202 to database tenistas on connection [connectionId{localValue:3, serverValue:1801}] to server localhost:27017
22:20:48.567 [Thread-10] DEBUG org.mongodb.driver.protocol.command - Execution of command with request id 202 completed successfully in 13.38 ms on connection [connectionId{localValue:3, serverValue:1801}] to server localhost:27017
22:20:48.569 [AsyncGetter-3-thread-1] DEBUG org.mongodb.driver.protocol.command - Sending command '{"find": "pedido", "filter": {"_id": "123456789"}, "limit": 1, "singleBatch": true, "$db": "tenistas", "lsid": {"id": {"$binary": {"base64": "N5Yve4NDRC6QI73/tH5BRA==", "subType": "04"}}}}' with request id 203 to database tenistas on connection [connectionId{localValue:3, serverValue:1801}] to server localhost:27017
22:20:48.570 [Thread-9] DEBUG org.mongodb.driver.protocol.command - Execution of command with request id 203 completed successfully in 1.14 ms on connection [connectionId{localValue:3, serverValue:1801}] to server localhost:27017
22:20:48.570 [Thread-9] DEBUG org.mongodb.driver.operation - Received batch of 1 documents with cursorId 0 from server localhost:27017
22:20:48.571 [AsyncGetter-3-thread-1] DEBUG org.mongodb.driver.operation - retryWrites set to true but the server is a standalone server.
22:20:48.572 [AsyncGetter-3-thread-1] DEBUG org.mongodb.driver.protocol.command - Sending command '{"update": "producto", "ordered": true, "$db": "tenistas", "lsid": {"id": {"$binary": {"base64": "N5Yve4NDRC6QI73/tH5BRA==", "subType": "04"}}}, "updates": [{"q": {"_id": "63e01dabcc53d942a0b0e42d"}, "u": {"marca": "Siemens", "modelo": " Negro", "precio": 118.6, "stock": "2458", "tipoProducto": "COMPLEMENTO", "pedido_id": "123456789"}, "upsert": true}]}' with request id 204 to database tenistas on connection [connectionId{localValue:3, serverValue:1801}] to server localhost:27017
22:20:48.586 [Thread-10] DEBUG org.mongodb.driver.protocol.command - Execution of command with request id 204 completed successfully in 14.77 ms on connection [connectionId{localValue:3, serverValue:1801}] to server localhost:27017
22:20:48.588 [AsyncGetter-3-thread-1] DEBUG org.mongodb.driver.protocol.command - Sending command '{"find": "producto", "filter": {}, "batchSize": 64, "$db": "tenistas", "lsid": {"id": {"$binary": {"base64": "N5Yve4NDRC6QI73/tH5BRA==", "subType": "04"}}}}' with request id 205 to database tenistas on connection [connectionId{localValue:3, serverValue:1801}] to server localhost:27017
22:20:48.589 [Thread-9] DEBUG org.mongodb.driver.protocol.command - Execution of command with request id 205 completed successfully in 0.93 ms on connection [connectionId{localValue:3, serverValue:1801}] to server localhost:27017
22:20:48.589 [Thread-9] DEBUG org.mongodb.driver.operation - Received batch of 1 documents with cursorId 0 from server localhost:27017
22:20:48.590 [AsyncGetter-3-thread-1] DEBUG org.mongodb.driver.operation - retryWrites set to true but the server is a standalone server.
22:20:48.592 [AsyncGetter-3-thread-1] DEBUG org.mongodb.driver.protocol.command - Sending command '{"delete": "producto", "ordered": true, "$db": "tenistas", "lsid": {"id": {"$binary": {"base64": "N5Yve4NDRC6QI73/tH5BRA==", "subType": "04"}}}, "deletes": [{"q": {"_id": "63e01dabcc53d942a0b0e42d"}, "limit": 1}]}' with request id 206 to database tenistas on connection [connectionId{localValue:3, serverValue:1801}] to server localhost:27017
22:20:48.594 [Thread-10] DEBUG org.mongodb.driver.protocol.command - Execution of command with request id 206 completed successfully in 2.71 ms on connection [connectionId{localValue:3, serverValue:1801}] to server localhost:27017
22:20:48.596 [AsyncGetter-3-thread-1] DEBUG org.mongodb.driver.operation - retryWrites set to true but the server is a standalone server.
22:20:48.597 [AsyncGetter-3-thread-1] DEBUG org.mongodb.driver.protocol.command - Sending command '{"delete": "pedido", "ordered": true, "$db": "tenistas", "lsid": {"id": {"$binary": {"base64": "N5Yve4NDRC6QI73/tH5BRA==", "subType": "04"}}}, "deletes": [{"q": {"_id": "123456789"}, "limit": 1}]}' with request id 207 to database tenistas on connection [connectionId{localValue:3, serverValue:1801}] to server localhost:27017
22:20:48.598 [Thread-9] DEBUG org.mongodb.driver.protocol.command - Execution of command with request id 207 completed successfully in 1.24 ms on connection [connectionId{localValue:3, serverValue:1801}] to server localhost:27017
22:20:48.598 [AsyncGetter-3-thread-1] DEBUG org.mongodb.driver.operation - retryWrites set to true but the server is a standalone server.
22:20:48.599 [AsyncGetter-3-thread-1] DEBUG org.mongodb.driver.protocol.command - Sending command '{"delete": "user", "ordered": true, "$db": "tenistas", "lsid": {"id": {"$binary": {"base64": "N5Yve4NDRC6QI73/tH5BRA==", "subType": "04"}}}, "deletes": [{"q": {"_id": "32"}, "limit": 1}]}' with request id 208 to database tenistas on connection [connectionId{localValue:3, serverValue:1801}] to server localhost:27017
22:20:48.600 [Thread-10] DEBUG org.mongodb.driver.protocol.command - Execution of command with request id 208 completed successfully in 1.11 ms on connection [connectionId{localValue:3, serverValue:1801}] to server localhost:27017
22:20:48.602 [AsyncGetter-3-thread-1] DEBUG org.mongodb.driver.protocol.command - Sending command '{"find": "producto", "filter": {}, "batchSize": 64, "$db": "tenistas", "lsid": {"id": {"$binary": {"base64": "N5Yve4NDRC6QI73/tH5BRA==", "subType": "04"}}}}' with request id 209 to database tenistas on connection [connectionId{localValue:3, serverValue:1801}] to server localhost:27017
22:20:48.603 [Thread-9] DEBUG org.mongodb.driver.protocol.command - Execution of command with request id 209 completed successfully in 1.12 ms on connection [connectionId{localValue:3, serverValue:1801}] to server localhost:27017
22:20:48.603 [Thread-9] DEBUG org.mongodb.driver.operation - Received batch of 0 documents with cursorId 0 from server localhost:27017
22:20:48.607 [AsyncGetter-3-thread-1] DEBUG org.mongodb.driver.protocol.command - Sending command '{"drop": "user", "$db": "tenistas", "lsid": {"id": {"$binary": {"base64": "N5Yve4NDRC6QI73/tH5BRA==", "subType": "04"}}}}' with request id 210 to database tenistas on connection [connectionId{localValue:3, serverValue:1801}] to server localhost:27017
22:20:48.609 [Thread-10] DEBUG org.mongodb.driver.protocol.command - Execution of command with request id 210 completed successfully in 2.37 ms on connection [connectionId{localValue:3, serverValue:1801}] to server localhost:27017
22:20:48.611 [AsyncGetter-3-thread-1] DEBUG org.mongodb.driver.protocol.command - Sending command '{"find": "user", "filter": {}, "batchSize": 64, "$db": "tenistas", "lsid": {"id": {"$binary": {"base64": "N5Yve4NDRC6QI73/tH5BRA==", "subType": "04"}}}}' with request id 211 to database tenistas on connection [connectionId{localValue:3, serverValue:1801}] to server localhost:27017
22:20:48.612 [Thread-9] DEBUG org.mongodb.driver.protocol.command - Execution of command with request id 211 completed successfully in 1.28 ms on connection [connectionId{localValue:3, serverValue:1801}] to server localhost:27017
22:20:48.613 [Thread-9] DEBUG org.mongodb.driver.operation - Received batch of 0 documents with cursorId 0 from server localhost:27017
22:20:48.614 [AsyncGetter-3-thread-1] DEBUG org.mongodb.driver.operation - retryWrites set to true but the server is a standalone server.
22:20:48.614 [AsyncGetter-3-thread-1] DEBUG org.mongodb.driver.protocol.command - Sending command '{"update": "user", "ordered": true, "$db": "tenistas", "lsid": {"id": {"$binary": {"base64": "N5Yve4NDRC6QI73/tH5BRA==", "subType": "04"}}}, "updates": [{"q": {"_id": "32"}, "u": {"id": "37", "name": "dsgs", "username": "e23d", "email": "juan", "password": "974f3036f39834082e23f4d70f1feba9d4805b3ee2cedb50b6f1f49f72dd83616c2155f9ff6e08a1cefbf9e6ba2f4aaa45233c8c066a65e002924abfa51590c4", "tipoUser": "CLIENTE", "phone": "3453", "website": "http://www.gfgd"}, "upsert": true}]}' with request id 212 to database tenistas on connection [connectionId{localValue:3, serverValue:1801}] to server localhost:27017
22:20:48.623 [Thread-10] DEBUG org.mongodb.driver.protocol.command - Execution of command with request id 212 completed successfully in 8.51 ms on connection [connectionId{localValue:3, serverValue:1801}] to server localhost:27017
22:20:48.626 [AsyncGetter-3-thread-1] DEBUG org.mongodb.driver.operation - retryWrites set to true but the server is a standalone server.
22:20:48.628 [AsyncGetter-3-thread-1] DEBUG org.mongodb.driver.protocol.command - Sending command '{"delete": "user", "ordered": true, "$db": "tenistas", "lsid": {"id": {"$binary": {"base64": "N5Yve4NDRC6QI73/tH5BRA==", "subType": "04"}}}, "deletes": [{"q": {"_id": "32"}, "limit": 1}]}' with request id 213 to database tenistas on connection [connectionId{localValue:3, serverValue:1801}] to server localhost:27017
22:20:48.629 [Thread-9] DEBUG org.mongodb.driver.protocol.command - Execution of command with request id 213 completed successfully in 1.82 ms on connection [connectionId{localValue:3, serverValue:1801}] to server localhost:27017
22:20:48.633 [AsyncGetter-3-thread-1] DEBUG org.mongodb.driver.protocol.command - Sending command '{"drop": "user", "$db": "tenistas", "lsid": {"id": {"$binary": {"base64": "N5Yve4NDRC6QI73/tH5BRA==", "subType": "04"}}}}' with request id 214 to database tenistas on connection [connectionId{localValue:3, serverValue:1801}] to server localhost:27017
22:20:48.634 [Thread-10] DEBUG org.mongodb.driver.protocol.command - Execution of command with request id 214 completed successfully in 1.27 ms on connection [connectionId{localValue:3, serverValue:1801}] to server localhost:27017
22:20:48.635 [AsyncGetter-3-thread-1] DEBUG org.mongodb.driver.protocol.command - Sending command '{"find": "user", "filter": {}, "batchSize": 64, "$db": "tenistas", "lsid": {"id": {"$binary": {"base64": "N5Yve4NDRC6QI73/tH5BRA==", "subType": "04"}}}}' with request id 215 to database tenistas on connection [connectionId{localValue:3, serverValue:1801}] to server localhost:27017
22:20:48.636 [Thread-9] DEBUG org.mongodb.driver.protocol.command - Execution of command with request id 215 completed successfully in 0.78 ms on connection [connectionId{localValue:3, serverValue:1801}] to server localhost:27017
22:20:48.636 [Thread-9] DEBUG org.mongodb.driver.operation - Received batch of 0 documents with cursorId 0 from server localhost:27017
22:20:48.636 [AsyncGetter-3-thread-1] DEBUG org.mongodb.driver.operation - retryWrites set to true but the server is a standalone server.
22:20:48.637 [AsyncGetter-3-thread-1] DEBUG org.mongodb.driver.protocol.command - Sending command '{"update": "user", "ordered": true, "$db": "tenistas", "lsid": {"id": {"$binary": {"base64": "N5Yve4NDRC6QI73/tH5BRA==", "subType": "04"}}}, "updates": [{"q": {"_id": "32"}, "u": {"id": "37", "name": "dsgs", "username": "e23d", "email": "juan", "password": "974f3036f39834082e23f4d70f1feba9d4805b3ee2cedb50b6f1f49f72dd83616c2155f9ff6e08a1cefbf9e6ba2f4aaa45233c8c066a65e002924abfa51590c4", "tipoUser": "CLIENTE", "phone": "3453", "website": "http://www.gfgd"}, "upsert": true}]}' with request id 216 to database tenistas on connection [connectionId{localValue:3, serverValue:1801}] to server localhost:27017
22:20:48.648 [Thread-10] DEBUG org.mongodb.driver.protocol.command - Execution of command with request id 216 completed successfully in 11.10 ms on connection [connectionId{localValue:3, serverValue:1801}] to server localhost:27017
22:20:48.650 [AsyncGetter-3-thread-1] DEBUG org.mongodb.driver.protocol.command - Sending command '{"find": "user", "filter": {"_id": "32"}, "limit": 1, "singleBatch": true, "$db": "tenistas", "lsid": {"id": {"$binary": {"base64": "N5Yve4NDRC6QI73/tH5BRA==", "subType": "04"}}}}' with request id 217 to database tenistas on connection [connectionId{localValue:3, serverValue:1801}] to server localhost:27017
22:20:48.651 [Thread-9] DEBUG org.mongodb.driver.protocol.command - Execution of command with request id 217 completed successfully in 1.08 ms on connection [connectionId{localValue:3, serverValue:1801}] to server localhost:27017
22:20:48.651 [Thread-9] DEBUG org.mongodb.driver.operation - Received batch of 1 documents with cursorId 0 from server localhost:27017
22:20:48.653 [AsyncGetter-3-thread-1] DEBUG org.mongodb.driver.operation - retryWrites set to true but the server is a standalone server.
22:20:48.653 [AsyncGetter-3-thread-1] DEBUG org.mongodb.driver.protocol.command - Sending command '{"update": "pedido", "ordered": true, "$db": "tenistas", "lsid": {"id": {"$binary": {"base64": "N5Yve4NDRC6QI73/tH5BRA==", "subType": "04"}}}, "updates": [{"q": {"_id": "123456789"}, "u": {"estado": "EN_PROCESO", "fechaEntrada": {"$date": "2022-12-27T00:00:00Z"}, "fechaSalidaProgramada": {"$date": "2022-12-27T00:00:00Z"}, "fechaEntrega": {"$date": "2022-12-27T00:00:00Z"}, "precio": 222.2, "usuario_id": "32"}, "upsert": true}]}' with request id 218 to database tenistas on connection [connectionId{localValue:3, serverValue:1801}] to server localhost:27017
22:20:48.654 [Thread-10] DEBUG org.mongodb.driver.protocol.command - Execution of command with request id 218 completed successfully in 1.14 ms on connection [connectionId{localValue:3, serverValue:1801}] to server localhost:27017
22:20:48.655 [AsyncGetter-3-thread-1] DEBUG org.mongodb.driver.protocol.command - Sending command '{"find": "pedido", "filter": {}, "batchSize": 64, "$db": "tenistas", "lsid": {"id": {"$binary": {"base64": "N5Yve4NDRC6QI73/tH5BRA==", "subType": "04"}}}}' with request id 219 to database tenistas on connection [connectionId{localValue:3, serverValue:1801}] to server localhost:27017
22:20:48.656 [Thread-9] DEBUG org.mongodb.driver.protocol.command - Execution of command with request id 219 completed successfully in 0.75 ms on connection [connectionId{localValue:3, serverValue:1801}] to server localhost:27017
22:20:48.656 [Thread-9] DEBUG org.mongodb.driver.operation - Received batch of 1 documents with cursorId 0 from server localhost:27017
22:20:48.657 [AsyncGetter-3-thread-1] DEBUG org.mongodb.driver.operation - retryWrites set to true but the server is a standalone server.
22:20:48.659 [AsyncGetter-3-thread-1] DEBUG org.mongodb.driver.protocol.command - Sending command '{"delete": "pedido", "ordered": true, "$db": "tenistas", "lsid": {"id": {"$binary": {"base64": "N5Yve4NDRC6QI73/tH5BRA==", "subType": "04"}}}, "deletes": [{"q": {"_id": "123456789"}, "limit": 1}]}' with request id 220 to database tenistas on connection [connectionId{localValue:3, serverValue:1801}] to server localhost:27017
22:20:48.661 [Thread-10] DEBUG org.mongodb.driver.protocol.command - Execution of command with request id 220 completed successfully in 2.83 ms on connection [connectionId{localValue:3, serverValue:1801}] to server localhost:27017
22:20:48.663 [AsyncGetter-3-thread-1] DEBUG org.mongodb.driver.operation - retryWrites set to true but the server is a standalone server.
22:20:48.663 [AsyncGetter-3-thread-1] DEBUG org.mongodb.driver.protocol.command - Sending command '{"delete": "user", "ordered": true, "$db": "tenistas", "lsid": {"id": {"$binary": {"base64": "N5Yve4NDRC6QI73/tH5BRA==", "subType": "04"}}}, "deletes": [{"q": {"_id": "32"}, "limit": 1}]}' with request id 221 to database tenistas on connection [connectionId{localValue:3, serverValue:1801}] to server localhost:27017
22:20:48.664 [Thread-9] DEBUG org.mongodb.driver.protocol.command - Execution of command with request id 221 completed successfully in 1.36 ms on connection [connectionId{localValue:3, serverValue:1801}] to server localhost:27017
22:20:48.669 [AsyncGetter-3-thread-1] DEBUG org.mongodb.driver.protocol.command - Sending command '{"drop": "user", "$db": "tenistas", "lsid": {"id": {"$binary": {"base64": "N5Yve4NDRC6QI73/tH5BRA==", "subType": "04"}}}}' with request id 222 to database tenistas on connection [connectionId{localValue:3, serverValue:1801}] to server localhost:27017
22:20:48.670 [Thread-10] DEBUG org.mongodb.driver.protocol.command - Execution of command with request id 222 completed successfully in 1.40 ms on connection [connectionId{localValue:3, serverValue:1801}] to server localhost:27017
22:20:48.671 [AsyncGetter-3-thread-1] DEBUG org.mongodb.driver.protocol.command - Sending command '{"find": "user", "filter": {}, "batchSize": 64, "$db": "tenistas", "lsid": {"id": {"$binary": {"base64": "N5Yve4NDRC6QI73/tH5BRA==", "subType": "04"}}}}' with request id 223 to database tenistas on connection [connectionId{localValue:3, serverValue:1801}] to server localhost:27017
22:20:48.672 [Thread-9] DEBUG org.mongodb.driver.protocol.command - Execution of command with request id 223 completed successfully in 0.92 ms on connection [connectionId{localValue:3, serverValue:1801}] to server localhost:27017
22:20:48.672 [Thread-9] DEBUG org.mongodb.driver.operation - Received batch of 0 documents with cursorId 0 from server localhost:27017
22:20:48.673 [AsyncGetter-3-thread-1] DEBUG org.mongodb.driver.operation - retryWrites set to true but the server is a standalone server.
22:20:48.674 [AsyncGetter-3-thread-1] DEBUG org.mongodb.driver.protocol.command - Sending command '{"update": "user", "ordered": true, "$db": "tenistas", "lsid": {"id": {"$binary": {"base64": "N5Yve4NDRC6QI73/tH5BRA==", "subType": "04"}}}, "updates": [{"q": {"_id": "32"}, "u": {"id": "37", "name": "dsgs", "username": "e23d", "email": "juan", "password": "974f3036f39834082e23f4d70f1feba9d4805b3ee2cedb50b6f1f49f72dd83616c2155f9ff6e08a1cefbf9e6ba2f4aaa45233c8c066a65e002924abfa51590c4", "tipoUser": "CLIENTE", "phone": "3453", "website": "http://www.gfgd"}, "upsert": true}]}' with request id 224 to database tenistas on connection [connectionId{localValue:3, serverValue:1801}] to server localhost:27017
22:20:48.686 [Thread-10] DEBUG org.mongodb.driver.protocol.command - Execution of command with request id 224 completed successfully in 12.78 ms on connection [connectionId{localValue:3, serverValue:1801}] to server localhost:27017
22:20:48.688 [AsyncGetter-3-thread-1] DEBUG org.mongodb.driver.operation - retryWrites set to true but the server is a standalone server.
22:20:48.688 [AsyncGetter-3-thread-1] DEBUG org.mongodb.driver.protocol.command - Sending command '{"delete": "user", "ordered": true, "$db": "tenistas", "lsid": {"id": {"$binary": {"base64": "N5Yve4NDRC6QI73/tH5BRA==", "subType": "04"}}}, "deletes": [{"q": {"_id": "32"}, "limit": 1}]}' with request id 225 to database tenistas on connection [connectionId{localValue:3, serverValue:1801}] to server localhost:27017
22:20:48.689 [Thread-9] DEBUG org.mongodb.driver.protocol.command - Execution of command with request id 225 completed successfully in 0.92 ms on connection [connectionId{localValue:3, serverValue:1801}] to server localhost:27017
22:20:48.698 [AsyncGetter-3-thread-1] DEBUG org.mongodb.driver.protocol.command - Sending command '{"drop": "user", "$db": "tenistas", "lsid": {"id": {"$binary": {"base64": "N5Yve4NDRC6QI73/tH5BRA==", "subType": "04"}}}}' with request id 226 to database tenistas on connection [connectionId{localValue:3, serverValue:1801}] to server localhost:27017
22:20:48.699 [Thread-10] DEBUG org.mongodb.driver.protocol.command - Execution of command with request id 226 completed successfully in 2.02 ms on connection [connectionId{localValue:3, serverValue:1801}] to server localhost:27017
22:20:48.701 [AsyncGetter-3-thread-1] DEBUG org.mongodb.driver.protocol.command - Sending command '{"drop": "turno", "$db": "tenistas", "lsid": {"id": {"$binary": {"base64": "N5Yve4NDRC6QI73/tH5BRA==", "subType": "04"}}}}' with request id 227 to database tenistas on connection [connectionId{localValue:3, serverValue:1801}] to server localhost:27017
22:20:48.703 [Thread-9] DEBUG org.mongodb.driver.protocol.command - Execution of command with request id 227 completed successfully in 1.98 ms on connection [connectionId{localValue:3, serverValue:1801}] to server localhost:27017
22:20:48.705 [AsyncGetter-3-thread-1] DEBUG org.mongodb.driver.protocol.command - Sending command '{"drop": "maquinaPersonalizar", "$db": "tenistas", "lsid": {"id": {"$binary": {"base64": "N5Yve4NDRC6QI73/tH5BRA==", "subType": "04"}}}}' with request id 228 to database tenistas on connection [connectionId{localValue:3, serverValue:1801}] to server localhost:27017
22:20:48.706 [Thread-10] DEBUG org.mongodb.driver.protocol.command - Execution of command with request id 228 completed successfully in 1.49 ms on connection [connectionId{localValue:3, serverValue:1801}] to server localhost:27017
22:20:48.707 [AsyncGetter-3-thread-1] DEBUG org.mongodb.driver.protocol.command - Sending command '{"find": "user", "filter": {}, "batchSize": 64, "$db": "tenistas", "lsid": {"id": {"$binary": {"base64": "N5Yve4NDRC6QI73/tH5BRA==", "subType": "04"}}}}' with request id 229 to database tenistas on connection [connectionId{localValue:3, serverValue:1801}] to server localhost:27017
22:20:48.710 [Thread-9] DEBUG org.mongodb.driver.protocol.command - Execution of command with request id 229 completed successfully in 2.16 ms on connection [connectionId{localValue:3, serverValue:1801}] to server localhost:27017
22:20:48.710 [Thread-9] DEBUG org.mongodb.driver.operation - Received batch of 0 documents with cursorId 0 from server localhost:27017
22:20:48.711 [AsyncGetter-3-thread-1] DEBUG org.mongodb.driver.operation - retryWrites set to true but the server is a standalone server.
22:20:48.712 [AsyncGetter-3-thread-1] DEBUG org.mongodb.driver.protocol.command - Sending command '{"update": "user", "ordered": true, "$db": "tenistas", "lsid": {"id": {"$binary": {"base64": "N5Yve4NDRC6QI73/tH5BRA==", "subType": "04"}}}, "updates": [{"q": {"_id": "32"}, "u": {"id": "37", "name": "dsgs", "username": "e23d", "email": "juan", "password": "974f3036f39834082e23f4d70f1feba9d4805b3ee2cedb50b6f1f49f72dd83616c2155f9ff6e08a1cefbf9e6ba2f4aaa45233c8c066a65e002924abfa51590c4", "tipoUser": "CLIENTE", "phone": "3453", "website": "http://www.gfgd"}, "upsert": true}]}' with request id 230 to database tenistas on connection [connectionId{localValue:3, serverValue:1801}] to server localhost:27017
22:20:48.722 [Thread-10] DEBUG org.mongodb.driver.protocol.command - Execution of command with request id 230 completed successfully in 10.42 ms on connection [connectionId{localValue:3, serverValue:1801}] to server localhost:27017
22:20:48.724 [AsyncGetter-3-thread-1] DEBUG org.mongodb.driver.protocol.command - Sending command '{"find": "user", "filter": {"_id": "32"}, "limit": 1, "singleBatch": true, "$db": "tenistas", "lsid": {"id": {"$binary": {"base64": "N5Yve4NDRC6QI73/tH5BRA==", "subType": "04"}}}}' with request id 231 to database tenistas on connection [connectionId{localValue:3, serverValue:1801}] to server localhost:27017
22:20:48.725 [Thread-9] DEBUG org.mongodb.driver.protocol.command - Execution of command with request id 231 completed successfully in 1.08 ms on connection [connectionId{localValue:3, serverValue:1801}] to server localhost:27017
22:20:48.726 [Thread-9] DEBUG org.mongodb.driver.operation - Received batch of 1 documents with cursorId 0 from server localhost:27017
22:20:48.729 [AsyncGetter-3-thread-1] DEBUG org.mongodb.driver.operation - retryWrites set to true but the server is a standalone server.
22:20:48.730 [AsyncGetter-3-thread-1] DEBUG org.mongodb.driver.protocol.command - Sending command '{"update": "turno", "ordered": true, "$db": "tenistas", "lsid": {"id": {"$binary": {"base64": "N5Yve4NDRC6QI73/tH5BRA==", "subType": "04"}}}, "updates": [{"q": {"_id": "123"}, "u": {"fechaInicio": {"$date": "2022-02-15T00:00:00Z"}, "fechaFinal": {"$date": "2024-12-16T00:00:00Z"}, "usuario_id": "32"}, "upsert": true}]}' with request id 232 to database tenistas on connection [connectionId{localValue:3, serverValue:1801}] to server localhost:27017
22:20:48.741 [Thread-10] DEBUG org.mongodb.driver.protocol.command - Execution of command with request id 232 completed successfully in 11.56 ms on connection [connectionId{localValue:3, serverValue:1801}] to server localhost:27017
22:20:48.744 [AsyncGetter-3-thread-1] DEBUG org.mongodb.driver.protocol.command - Sending command '{"find": "turno", "filter": {}, "batchSize": 64, "$db": "tenistas", "lsid": {"id": {"$binary": {"base64": "N5Yve4NDRC6QI73/tH5BRA==", "subType": "04"}}}}' with request id 233 to database tenistas on connection [connectionId{localValue:3, serverValue:1801}] to server localhost:27017
22:20:48.745 [Thread-9] DEBUG org.mongodb.driver.protocol.command - Execution of command with request id 233 completed successfully in 1.07 ms on connection [connectionId{localValue:3, serverValue:1801}] to server localhost:27017
22:20:48.745 [Thread-9] DEBUG org.mongodb.driver.operation - Received batch of 1 documents with cursorId 0 from server localhost:27017
22:20:48.747 [AsyncGetter-3-thread-1] DEBUG org.mongodb.driver.operation - retryWrites set to true but the server is a standalone server.
22:20:48.748 [AsyncGetter-3-thread-1] DEBUG org.mongodb.driver.protocol.command - Sending command '{"update": "maquinaPersonalizar", "ordered": true, "$db": "tenistas", "lsid": {"id": {"$binary": {"base64": "N5Yve4NDRC6QI73/tH5BRA==", "subType": "04"}}}, "updates": [{"q": {"_id": "63e01dabcc53d942a0b0e430"}, "u": {"marca": "Maquina marca Personalizacion 1", "modelo": "Maquina modelo Personalizacion 1", "fechaAdquisicion": {"$date": "2022-12-27T00:00:00Z"}, "numeroSerie": "3345", "swingweight": "true", "balance": 12.32, "rigidez": 11.0, "turno_id": "123"}, "upsert": true}]}' with request id 234 to database tenistas on connection [connectionId{localValue:3, serverValue:1801}] to server localhost:27017
22:20:48.760 [Thread-10] DEBUG org.mongodb.driver.protocol.command - Execution of command with request id 234 completed successfully in 12.09 ms on connection [connectionId{localValue:3, serverValue:1801}] to server localhost:27017
22:20:48.763 [AsyncGetter-3-thread-1] DEBUG org.mongodb.driver.protocol.command - Sending command '{"find": "maquinaPersonalizar", "filter": {}, "batchSize": 64, "$db": "tenistas", "lsid": {"id": {"$binary": {"base64": "N5Yve4NDRC6QI73/tH5BRA==", "subType": "04"}}}}' with request id 235 to database tenistas on connection [connectionId{localValue:3, serverValue:1801}] to server localhost:27017
22:20:48.764 [Thread-9] DEBUG org.mongodb.driver.protocol.command - Execution of command with request id 235 completed successfully in 1.14 ms on connection [connectionId{localValue:3, serverValue:1801}] to server localhost:27017
22:20:48.765 [Thread-9] DEBUG org.mongodb.driver.operation - Received batch of 1 documents with cursorId 0 from server localhost:27017
22:20:48.766 [AsyncGetter-3-thread-1] DEBUG org.mongodb.driver.operation - retryWrites set to true but the server is a standalone server.
22:20:48.767 [AsyncGetter-3-thread-1] DEBUG org.mongodb.driver.protocol.command - Sending command '{"delete": "tareaPersonalizacion", "ordered": true, "$db": "tenistas", "lsid": {"id": {"$binary": {"base64": "N5Yve4NDRC6QI73/tH5BRA==", "subType": "04"}}}, "deletes": [{"q": {"_id": "63e01dabcc53d942a0b0e430"}, "limit": 1}]}' with request id 236 to database tenistas on connection [connectionId{localValue:3, serverValue:1801}] to server localhost:27017
22:20:48.767 [Thread-10] DEBUG org.mongodb.driver.protocol.command - Execution of command with request id 236 completed successfully in 0.99 ms on connection [connectionId{localValue:3, serverValue:1801}] to server localhost:27017
22:20:48.768 [AsyncGetter-3-thread-1] DEBUG org.mongodb.driver.operation - retryWrites set to true but the server is a standalone server.
22:20:48.769 [AsyncGetter-3-thread-1] DEBUG org.mongodb.driver.protocol.command - Sending command '{"delete": "turno", "ordered": true, "$db": "tenistas", "lsid": {"id": {"$binary": {"base64": "N5Yve4NDRC6QI73/tH5BRA==", "subType": "04"}}}, "deletes": [{"q": {"_id": "123"}, "limit": 1}]}' with request id 237 to database tenistas on connection [connectionId{localValue:3, serverValue:1801}] to server localhost:27017
22:20:48.770 [Thread-9] DEBUG org.mongodb.driver.protocol.command - Execution of command with request id 237 completed successfully in 1.00 ms on connection [connectionId{localValue:3, serverValue:1801}] to server localhost:27017
22:20:48.770 [AsyncGetter-3-thread-1] DEBUG org.mongodb.driver.operation - retryWrites set to true but the server is a standalone server.
22:20:48.771 [AsyncGetter-3-thread-1] DEBUG org.mongodb.driver.protocol.command - Sending command '{"delete": "user", "ordered": true, "$db": "tenistas", "lsid": {"id": {"$binary": {"base64": "N5Yve4NDRC6QI73/tH5BRA==", "subType": "04"}}}, "deletes": [{"q": {"_id": "32"}, "limit": 1}]}' with request id 238 to database tenistas on connection [connectionId{localValue:3, serverValue:1801}] to server localhost:27017
22:20:48.772 [Thread-10] DEBUG org.mongodb.driver.protocol.command - Execution of command with request id 238 completed successfully in 0.84 ms on connection [connectionId{localValue:3, serverValue:1801}] to server localhost:27017
22:20:48.777 [AsyncGetter-3-thread-1] DEBUG org.mongodb.driver.protocol.command - Sending command '{"drop": "user", "$db": "tenistas", "lsid": {"id": {"$binary": {"base64": "N5Yve4NDRC6QI73/tH5BRA==", "subType": "04"}}}}' with request id 239 to database tenistas on connection [connectionId{localValue:3, serverValue:1801}] to server localhost:27017
22:20:48.778 [Thread-9] DEBUG org.mongodb.driver.protocol.command - Execution of command with request id 239 completed successfully in 1.49 ms on connection [connectionId{localValue:3, serverValue:1801}] to server localhost:27017
22:20:48.779 [AsyncGetter-3-thread-1] DEBUG org.mongodb.driver.protocol.command - Sending command '{"find": "user", "filter": {}, "batchSize": 64, "$db": "tenistas", "lsid": {"id": {"$binary": {"base64": "N5Yve4NDRC6QI73/tH5BRA==", "subType": "04"}}}}' with request id 240 to database tenistas on connection [connectionId{localValue:3, serverValue:1801}] to server localhost:27017
22:20:48.780 [Thread-10] DEBUG org.mongodb.driver.protocol.command - Execution of command with request id 240 completed successfully in 0.67 ms on connection [connectionId{localValue:3, serverValue:1801}] to server localhost:27017
22:20:48.780 [Thread-10] DEBUG org.mongodb.driver.operation - Received batch of 0 documents with cursorId 0 from server localhost:27017
22:20:48.781 [AsyncGetter-3-thread-1] DEBUG org.mongodb.driver.operation - retryWrites set to true but the server is a standalone server.
22:20:48.782 [AsyncGetter-3-thread-1] DEBUG org.mongodb.driver.protocol.command - Sending command '{"update": "user", "ordered": true, "$db": "tenistas", "lsid": {"id": {"$binary": {"base64": "N5Yve4NDRC6QI73/tH5BRA==", "subType": "04"}}}, "updates": [{"q": {"_id": "32"}, "u": {"id": "37", "name": "dsgs", "username": "e23d", "email": "juan", "password": "974f3036f39834082e23f4d70f1feba9d4805b3ee2cedb50b6f1f49f72dd83616c2155f9ff6e08a1cefbf9e6ba2f4aaa45233c8c066a65e002924abfa51590c4", "tipoUser": "CLIENTE", "phone": "3453", "website": "http://www.gfgd"}, "upsert": true}]}' with request id 241 to database tenistas on connection [connectionId{localValue:3, serverValue:1801}] to server localhost:27017
22:20:48.794 [Thread-9] DEBUG org.mongodb.driver.protocol.command - Execution of command with request id 241 completed successfully in 13.81 ms on connection [connectionId{localValue:3, serverValue:1801}] to server localhost:27017
22:20:48.797 [AsyncGetter-3-thread-1] DEBUG org.mongodb.driver.protocol.command - Sending command '{"find": "user", "filter": {"_id": "32"}, "limit": 1, "singleBatch": true, "$db": "tenistas", "lsid": {"id": {"$binary": {"base64": "N5Yve4NDRC6QI73/tH5BRA==", "subType": "04"}}}}' with request id 242 to database tenistas on connection [connectionId{localValue:3, serverValue:1801}] to server localhost:27017
22:20:48.798 [Thread-10] DEBUG org.mongodb.driver.protocol.command - Execution of command with request id 242 completed successfully in 0.98 ms on connection [connectionId{localValue:3, serverValue:1801}] to server localhost:27017
22:20:48.799 [Thread-10] DEBUG org.mongodb.driver.operation - Received batch of 1 documents with cursorId 0 from server localhost:27017
22:20:48.799 [AsyncGetter-3-thread-1] DEBUG org.mongodb.driver.operation - retryWrites set to true but the server is a standalone server.
22:20:48.800 [AsyncGetter-3-thread-1] DEBUG org.mongodb.driver.protocol.command - Sending command '{"update": "turno", "ordered": true, "$db": "tenistas", "lsid": {"id": {"$binary": {"base64": "N5Yve4NDRC6QI73/tH5BRA==", "subType": "04"}}}, "updates": [{"q": {"_id": "123"}, "u": {"fechaInicio": {"$date": "2022-02-15T00:00:00Z"}, "fechaFinal": {"$date": "2024-12-16T00:00:00Z"}, "usuario_id": "32"}, "upsert": true}]}' with request id 243 to database tenistas on connection [connectionId{localValue:3, serverValue:1801}] to server localhost:27017
22:20:48.801 [Thread-9] DEBUG org.mongodb.driver.protocol.command - Execution of command with request id 243 completed successfully in 1.50 ms on connection [connectionId{localValue:3, serverValue:1801}] to server localhost:27017
22:20:48.803 [AsyncGetter-3-thread-1] DEBUG org.mongodb.driver.protocol.command - Sending command '{"find": "turno", "filter": {}, "batchSize": 64, "$db": "tenistas", "lsid": {"id": {"$binary": {"base64": "N5Yve4NDRC6QI73/tH5BRA==", "subType": "04"}}}}' with request id 244 to database tenistas on connection [connectionId{localValue:3, serverValue:1801}] to server localhost:27017
22:20:48.804 [Thread-10] DEBUG org.mongodb.driver.protocol.command - Execution of command with request id 244 completed successfully in 1.47 ms on connection [connectionId{localValue:3, serverValue:1801}] to server localhost:27017
22:20:48.804 [Thread-10] DEBUG org.mongodb.driver.operation - Received batch of 1 documents with cursorId 0 from server localhost:27017
22:20:48.806 [AsyncGetter-3-thread-1] DEBUG org.mongodb.driver.operation - retryWrites set to true but the server is a standalone server.
22:20:48.807 [AsyncGetter-3-thread-1] DEBUG org.mongodb.driver.protocol.command - Sending command '{"delete": "turno", "ordered": true, "$db": "tenistas", "lsid": {"id": {"$binary": {"base64": "N5Yve4NDRC6QI73/tH5BRA==", "subType": "04"}}}, "deletes": [{"q": {"_id": "123"}, "limit": 1}]}' with request id 245 to database tenistas on connection [connectionId{localValue:3, serverValue:1801}] to server localhost:27017
22:20:48.809 [Thread-9] DEBUG org.mongodb.driver.protocol.command - Execution of command with request id 245 completed successfully in 1.95 ms on connection [connectionId{localValue:3, serverValue:1801}] to server localhost:27017
22:20:48.811 [AsyncGetter-3-thread-1] DEBUG org.mongodb.driver.operation - retryWrites set to true but the server is a standalone server.
22:20:48.812 [AsyncGetter-3-thread-1] DEBUG org.mongodb.driver.protocol.command - Sending command '{"delete": "user", "ordered": true, "$db": "tenistas", "lsid": {"id": {"$binary": {"base64": "N5Yve4NDRC6QI73/tH5BRA==", "subType": "04"}}}, "deletes": [{"q": {"_id": "32"}, "limit": 1}]}' with request id 246 to database tenistas on connection [connectionId{localValue:3, serverValue:1801}] to server localhost:27017
22:20:48.813 [Thread-10] DEBUG org.mongodb.driver.protocol.command - Execution of command with request id 246 completed successfully in 1.72 ms on connection [connectionId{localValue:3, serverValue:1801}] to server localhost:27017
22:20:48.817 [AsyncGetter-3-thread-1] DEBUG org.mongodb.driver.protocol.command - Sending command '{"drop": "user", "$db": "tenistas", "lsid": {"id": {"$binary": {"base64": "N5Yve4NDRC6QI73/tH5BRA==", "subType": "04"}}}}' with request id 247 to database tenistas on connection [connectionId{localValue:3, serverValue:1801}] to server localhost:27017
22:20:48.818 [Thread-9] DEBUG org.mongodb.driver.protocol.command - Execution of command with request id 247 completed successfully in 1.52 ms on connection [connectionId{localValue:3, serverValue:1801}] to server localhost:27017
22:20:48.820 [AsyncGetter-3-thread-1] DEBUG org.mongodb.driver.protocol.command - Sending command '{"find": "user", "filter": {}, "batchSize": 64, "$db": "tenistas", "lsid": {"id": {"$binary": {"base64": "N5Yve4NDRC6QI73/tH5BRA==", "subType": "04"}}}}' with request id 248 to database tenistas on connection [connectionId{localValue:3, serverValue:1801}] to server localhost:27017
22:20:48.820 [Thread-10] DEBUG org.mongodb.driver.protocol.command - Execution of command with request id 248 completed successfully in 1.10 ms on connection [connectionId{localValue:3, serverValue:1801}] to server localhost:27017
22:20:48.821 [Thread-10] DEBUG org.mongodb.driver.operation - Received batch of 0 documents with cursorId 0 from server localhost:27017
22:20:48.822 [AsyncGetter-3-thread-1] DEBUG org.mongodb.driver.operation - retryWrites set to true but the server is a standalone server.
22:20:48.823 [AsyncGetter-3-thread-1] DEBUG org.mongodb.driver.protocol.command - Sending command '{"update": "user", "ordered": true, "$db": "tenistas", "lsid": {"id": {"$binary": {"base64": "N5Yve4NDRC6QI73/tH5BRA==", "subType": "04"}}}, "updates": [{"q": {"_id": "32"}, "u": {"id": "37", "name": "dsgs", "username": "e23d", "email": "juan", "password": "974f3036f39834082e23f4d70f1feba9d4805b3ee2cedb50b6f1f49f72dd83616c2155f9ff6e08a1cefbf9e6ba2f4aaa45233c8c066a65e002924abfa51590c4", "tipoUser": "CLIENTE", "phone": "3453", "website": "http://www.gfgd"}, "upsert": true}]}' with request id 249 to database tenistas on connection [connectionId{localValue:3, serverValue:1801}] to server localhost:27017
22:20:48.844 [Thread-9] DEBUG org.mongodb.driver.protocol.command - Execution of command with request id 249 completed successfully in 21.62 ms on connection [connectionId{localValue:3, serverValue:1801}] to server localhost:27017
22:20:48.847 [AsyncGetter-3-thread-1] DEBUG org.mongodb.driver.operation - retryWrites set to true but the server is a standalone server.
22:20:48.847 [AsyncGetter-3-thread-1] DEBUG org.mongodb.driver.protocol.command - Sending command '{"delete": "user", "ordered": true, "$db": "tenistas", "lsid": {"id": {"$binary": {"base64": "N5Yve4NDRC6QI73/tH5BRA==", "subType": "04"}}}, "deletes": [{"q": {"_id": "32"}, "limit": 1}]}' with request id 250 to database tenistas on connection [connectionId{localValue:3, serverValue:1801}] to server localhost:27017
22:20:48.848 [Thread-10] DEBUG org.mongodb.driver.protocol.command - Execution of command with request id 250 completed successfully in 1.43 ms on connection [connectionId{localValue:3, serverValue:1801}] to server localhost:27017
22:20:48.854 [AsyncGetter-3-thread-1] DEBUG org.mongodb.driver.protocol.command - Sending command '{"drop": "user", "$db": "tenistas", "lsid": {"id": {"$binary": {"base64": "N5Yve4NDRC6QI73/tH5BRA==", "subType": "04"}}}}' with request id 251 to database tenistas on connection [connectionId{localValue:3, serverValue:1801}] to server localhost:27017
22:20:48.856 [Thread-9] DEBUG org.mongodb.driver.protocol.command - Execution of command with request id 251 completed successfully in 1.12 ms on connection [connectionId{localValue:3, serverValue:1801}] to server localhost:27017
22:20:48.856 [AsyncGetter-3-thread-1] DEBUG org.mongodb.driver.protocol.command - Sending command '{"drop": "pedido", "$db": "tenistas", "lsid": {"id": {"$binary": {"base64": "N5Yve4NDRC6QI73/tH5BRA==", "subType": "04"}}}}' with request id 252 to database tenistas on connection [connectionId{localValue:3, serverValue:1801}] to server localhost:27017
22:20:48.858 [Thread-10] DEBUG org.mongodb.driver.protocol.command - Execution of command with request id 252 completed successfully in 1.40 ms on connection [connectionId{localValue:3, serverValue:1801}] to server localhost:27017
22:20:48.861 [AsyncGetter-3-thread-1] DEBUG org.mongodb.driver.protocol.command - Sending command '{"drop": "tareaPersonalizacion", "$db": "tenistas", "lsid": {"id": {"$binary": {"base64": "N5Yve4NDRC6QI73/tH5BRA==", "subType": "04"}}}}' with request id 253 to database tenistas on connection [connectionId{localValue:3, serverValue:1801}] to server localhost:27017
22:20:48.863 [Thread-9] DEBUG org.mongodb.driver.protocol.command - Execution of command with request id 253 completed successfully in 3.23 ms on connection [connectionId{localValue:3, serverValue:1801}] to server localhost:27017
22:20:48.864 [AsyncGetter-3-thread-1] DEBUG org.mongodb.driver.protocol.command - Sending command '{"find": "user", "filter": {}, "batchSize": 64, "$db": "tenistas", "lsid": {"id": {"$binary": {"base64": "N5Yve4NDRC6QI73/tH5BRA==", "subType": "04"}}}}' with request id 254 to database tenistas on connection [connectionId{localValue:3, serverValue:1801}] to server localhost:27017
22:20:48.866 [Thread-10] DEBUG org.mongodb.driver.protocol.command - Execution of command with request id 254 completed successfully in 1.47 ms on connection [connectionId{localValue:3, serverValue:1801}] to server localhost:27017
22:20:48.867 [Thread-10] DEBUG org.mongodb.driver.operation - Received batch of 0 documents with cursorId 0 from server localhost:27017
22:20:48.868 [AsyncGetter-3-thread-1] DEBUG org.mongodb.driver.operation - retryWrites set to true but the server is a standalone server.
22:20:48.868 [AsyncGetter-3-thread-1] DEBUG org.mongodb.driver.protocol.command - Sending command '{"update": "user", "ordered": true, "$db": "tenistas", "lsid": {"id": {"$binary": {"base64": "N5Yve4NDRC6QI73/tH5BRA==", "subType": "04"}}}, "updates": [{"q": {"_id": "32"}, "u": {"id": "37", "name": "dsgs", "username": "e23d", "email": "juan", "password": "974f3036f39834082e23f4d70f1feba9d4805b3ee2cedb50b6f1f49f72dd83616c2155f9ff6e08a1cefbf9e6ba2f4aaa45233c8c066a65e002924abfa51590c4", "tipoUser": "CLIENTE", "phone": "3453", "website": "http://www.gfgd"}, "upsert": true}]}' with request id 255 to database tenistas on connection [connectionId{localValue:3, serverValue:1801}] to server localhost:27017
22:20:48.884 [Thread-9] DEBUG org.mongodb.driver.protocol.command - Execution of command with request id 255 completed successfully in 15.85 ms on connection [connectionId{localValue:3, serverValue:1801}] to server localhost:27017
22:20:48.886 [AsyncGetter-3-thread-1] DEBUG org.mongodb.driver.protocol.command - Sending command '{"find": "user", "filter": {"_id": "32"}, "limit": 1, "singleBatch": true, "$db": "tenistas", "lsid": {"id": {"$binary": {"base64": "N5Yve4NDRC6QI73/tH5BRA==", "subType": "04"}}}}' with request id 256 to database tenistas on connection [connectionId{localValue:3, serverValue:1801}] to server localhost:27017
22:20:48.887 [Thread-10] DEBUG org.mongodb.driver.protocol.command - Execution of command with request id 256 completed successfully in 0.76 ms on connection [connectionId{localValue:3, serverValue:1801}] to server localhost:27017
22:20:48.887 [Thread-10] DEBUG org.mongodb.driver.operation - Received batch of 1 documents with cursorId 0 from server localhost:27017
22:20:48.888 [AsyncGetter-3-thread-1] DEBUG org.mongodb.driver.operation - retryWrites set to true but the server is a standalone server.
22:20:48.888 [AsyncGetter-3-thread-1] DEBUG org.mongodb.driver.protocol.command - Sending command '{"update": "pedido", "ordered": true, "$db": "tenistas", "lsid": {"id": {"$binary": {"base64": "N5Yve4NDRC6QI73/tH5BRA==", "subType": "04"}}}, "updates": [{"q": {"_id": "123456789"}, "u": {"estado": "EN_PROCESO", "fechaEntrada": {"$date": "2022-12-27T00:00:00Z"}, "fechaSalidaProgramada": {"$date": "2022-12-27T00:00:00Z"}, "fechaEntrega": {"$date": "2022-12-27T00:00:00Z"}, "precio": 222.2, "usuario_id": "32"}, "upsert": true}]}' with request id 257 to database tenistas on connection [connectionId{localValue:3, serverValue:1801}] to server localhost:27017
22:20:48.910 [Thread-9] DEBUG org.mongodb.driver.protocol.command - Execution of command with request id 257 completed successfully in 21.38 ms on connection [connectionId{localValue:3, serverValue:1801}] to server localhost:27017
22:20:48.913 [AsyncGetter-3-thread-1] DEBUG org.mongodb.driver.protocol.command - Sending command '{"find": "pedido", "filter": {"_id": "123456789"}, "limit": 1, "singleBatch": true, "$db": "tenistas", "lsid": {"id": {"$binary": {"base64": "N5Yve4NDRC6QI73/tH5BRA==", "subType": "04"}}}}' with request id 258 to database tenistas on connection [connectionId{localValue:3, serverValue:1801}] to server localhost:27017
22:20:48.915 [Thread-10] DEBUG org.mongodb.driver.protocol.command - Execution of command with request id 258 completed successfully in 1.97 ms on connection [connectionId{localValue:3, serverValue:1801}] to server localhost:27017
22:20:48.915 [Thread-10] DEBUG org.mongodb.driver.operation - Received batch of 1 documents with cursorId 0 from server localhost:27017
22:20:49.221 [Test worker @background work runner#341] DEBUG repositories.ktorfit.KtorfitRepository - create(TareaDto(userId=32, id=63e01dabcc53d942a0b0e42e, title=Tarea Personalizacio, completed=EN_PROCESO)) - OK
22:20:49.222 [AsyncGetter-3-thread-1] DEBUG org.mongodb.driver.protocol.command - Sending command '{"find": "pedido", "filter": {"_id": "123456789"}, "limit": 1, "singleBatch": true, "$db": "tenistas", "lsid": {"id": {"$binary": {"base64": "N5Yve4NDRC6QI73/tH5BRA==", "subType": "04"}}}}' with request id 259 to database tenistas on connection [connectionId{localValue:3, serverValue:1801}] to server localhost:27017
22:20:49.223 [Thread-9] DEBUG org.mongodb.driver.protocol.command - Execution of command with request id 259 completed successfully in 1.20 ms on connection [connectionId{localValue:3, serverValue:1801}] to server localhost:27017
22:20:49.224 [Thread-9] DEBUG org.mongodb.driver.operation - Received batch of 1 documents with cursorId 0 from server localhost:27017
22:20:49.226 [AsyncGetter-3-thread-1] DEBUG org.mongodb.driver.operation - retryWrites set to true but the server is a standalone server.
22:20:49.228 [AsyncGetter-3-thread-1] DEBUG org.mongodb.driver.protocol.command - Sending command '{"update": "tareaPersonalizacion", "ordered": true, "$db": "tenistas", "lsid": {"id": {"$binary": {"base64": "N5Yve4NDRC6QI73/tH5BRA==", "subType": "04"}}}, "updates": [{"q": {"_id": "63e01dabcc53d942a0b0e42e"}, "u": {"rigidez": 8.0, "peso": 1.2, "balance": 1.1, "precio": 222.2, "pedido_id": "123456789"}, "upsert": true}]}' with request id 260 to database tenistas on connection [connectionId{localValue:3, serverValue:1801}] to server localhost:27017
22:20:49.248 [Thread-10] DEBUG org.mongodb.driver.protocol.command - Execution of command with request id 260 completed successfully in 20.09 ms on connection [connectionId{localValue:3, serverValue:1801}] to server localhost:27017
22:20:49.250 [AsyncGetter-3-thread-1] DEBUG org.mongodb.driver.protocol.command - Sending command '{"find": "tareaPersonalizacion", "filter": {}, "batchSize": 64, "$db": "tenistas", "lsid": {"id": {"$binary": {"base64": "N5Yve4NDRC6QI73/tH5BRA==", "subType": "04"}}}}' with request id 261 to database tenistas on connection [connectionId{localValue:3, serverValue:1801}] to server localhost:27017
22:20:49.251 [Thread-9] DEBUG org.mongodb.driver.protocol.command - Execution of command with request id 261 completed successfully in 1.06 ms on connection [connectionId{localValue:3, serverValue:1801}] to server localhost:27017
22:20:49.251 [Thread-9] DEBUG org.mongodb.driver.operation - Received batch of 1 documents with cursorId 0 from server localhost:27017
22:20:49.253 [AsyncGetter-3-thread-1] DEBUG org.mongodb.driver.operation - retryWrites set to true but the server is a standalone server.
22:20:49.253 [AsyncGetter-3-thread-1] DEBUG org.mongodb.driver.protocol.command - Sending command '{"delete": "tareaPersonalizacion", "ordered": true, "$db": "tenistas", "lsid": {"id": {"$binary": {"base64": "N5Yve4NDRC6QI73/tH5BRA==", "subType": "04"}}}, "deletes": [{"q": {"_id": "63e01dabcc53d942a0b0e42e"}, "limit": 1}]}' with request id 262 to database tenistas on connection [connectionId{localValue:3, serverValue:1801}] to server localhost:27017
22:20:49.254 [Thread-10] DEBUG org.mongodb.driver.protocol.command - Execution of command with request id 262 completed successfully in 1.18 ms on connection [connectionId{localValue:3, serverValue:1801}] to server localhost:27017
22:20:49.256 [AsyncGetter-3-thread-1] DEBUG org.mongodb.driver.operation - retryWrites set to true but the server is a standalone server.
22:20:49.256 [AsyncGetter-3-thread-1] DEBUG org.mongodb.driver.protocol.command - Sending command '{"delete": "pedido", "ordered": true, "$db": "tenistas", "lsid": {"id": {"$binary": {"base64": "N5Yve4NDRC6QI73/tH5BRA==", "subType": "04"}}}, "deletes": [{"q": {"_id": "123456789"}, "limit": 1}]}' with request id 263 to database tenistas on connection [connectionId{localValue:3, serverValue:1801}] to server localhost:27017
22:20:49.257 [Thread-9] DEBUG org.mongodb.driver.protocol.command - Execution of command with request id 263 completed successfully in 0.92 ms on connection [connectionId{localValue:3, serverValue:1801}] to server localhost:27017
22:20:49.260 [AsyncGetter-3-thread-1] DEBUG org.mongodb.driver.operation - retryWrites set to true but the server is a standalone server.
22:20:49.262 [AsyncGetter-3-thread-1] DEBUG org.mongodb.driver.protocol.command - Sending command '{"delete": "user", "ordered": true, "$db": "tenistas", "lsid": {"id": {"$binary": {"base64": "N5Yve4NDRC6QI73/tH5BRA==", "subType": "04"}}}, "deletes": [{"q": {"_id": "32"}, "limit": 1}]}' with request id 264 to database tenistas on connection [connectionId{localValue:3, serverValue:1801}] to server localhost:27017
22:20:49.264 [Thread-10] DEBUG org.mongodb.driver.protocol.command - Execution of command with request id 264 completed successfully in 1.60 ms on connection [connectionId{localValue:3, serverValue:1801}] to server localhost:27017
22:20:49.269 [AsyncGetter-3-thread-1] DEBUG org.mongodb.driver.protocol.command - Sending command '{"drop": "user", "$db": "tenistas", "lsid": {"id": {"$binary": {"base64": "N5Yve4NDRC6QI73/tH5BRA==", "subType": "04"}}}}' with request id 265 to database tenistas on connection [connectionId{localValue:3, serverValue:1801}] to server localhost:27017
22:20:49.270 [Thread-9] DEBUG org.mongodb.driver.protocol.command - Execution of command with request id 265 completed successfully in 1.40 ms on connection [connectionId{localValue:3, serverValue:1801}] to server localhost:27017
22:20:49.272 [AsyncGetter-3-thread-1] DEBUG org.mongodb.driver.protocol.command - Sending command '{"drop": "turno", "$db": "tenistas", "lsid": {"id": {"$binary": {"base64": "N5Yve4NDRC6QI73/tH5BRA==", "subType": "04"}}}}' with request id 266 to database tenistas on connection [connectionId{localValue:3, serverValue:1801}] to server localhost:27017
22:20:49.273 [Thread-10] DEBUG org.mongodb.driver.protocol.command - Execution of command with request id 266 completed successfully in 1.69 ms on connection [connectionId{localValue:3, serverValue:1801}] to server localhost:27017
22:20:49.274 [AsyncGetter-3-thread-1] DEBUG org.mongodb.driver.protocol.command - Sending command '{"drop": "maquinaEncordar", "$db": "tenistas", "lsid": {"id": {"$binary": {"base64": "N5Yve4NDRC6QI73/tH5BRA==", "subType": "04"}}}}' with request id 267 to database tenistas on connection [connectionId{localValue:3, serverValue:1801}] to server localhost:27017
22:20:49.278 [Thread-9] DEBUG org.mongodb.driver.protocol.command - Execution of command with request id 267 completed successfully in 3.31 ms on connection [connectionId{localValue:3, serverValue:1801}] to server localhost:27017
22:20:49.280 [AsyncGetter-3-thread-1] DEBUG org.mongodb.driver.protocol.command - Sending command '{"find": "user", "filter": {}, "batchSize": 64, "$db": "tenistas", "lsid": {"id": {"$binary": {"base64": "N5Yve4NDRC6QI73/tH5BRA==", "subType": "04"}}}}' with request id 268 to database tenistas on connection [connectionId{localValue:3, serverValue:1801}] to server localhost:27017
22:20:49.282 [Thread-10] DEBUG org.mongodb.driver.protocol.command - Execution of command with request id 268 completed successfully in 1.51 ms on connection [connectionId{localValue:3, serverValue:1801}] to server localhost:27017
22:20:49.282 [Thread-10] DEBUG org.mongodb.driver.operation - Received batch of 0 documents with cursorId 0 from server localhost:27017
22:20:49.285 [AsyncGetter-3-thread-1] DEBUG org.mongodb.driver.operation - retryWrites set to true but the server is a standalone server.
22:20:49.285 [AsyncGetter-3-thread-1] DEBUG org.mongodb.driver.protocol.command - Sending command '{"update": "user", "ordered": true, "$db": "tenistas", "lsid": {"id": {"$binary": {"base64": "N5Yve4NDRC6QI73/tH5BRA==", "subType": "04"}}}, "updates": [{"q": {"_id": "32"}, "u": {"id": "37", "name": "dsgs", "username": "e23d", "email": "juan", "password": "974f3036f39834082e23f4d70f1feba9d4805b3ee2cedb50b6f1f49f72dd83616c2155f9ff6e08a1cefbf9e6ba2f4aaa45233c8c066a65e002924abfa51590c4", "tipoUser": "CLIENTE", "phone": "3453", "website": "http://www.gfgd"}, "upsert": true}]}' with request id 269 to database tenistas on connection [connectionId{localValue:3, serverValue:1801}] to server localhost:27017
22:20:49.299 [Thread-9] DEBUG org.mongodb.driver.protocol.command - Execution of command with request id 269 completed successfully in 14.57 ms on connection [connectionId{localValue:3, serverValue:1801}] to server localhost:27017
22:20:49.301 [AsyncGetter-3-thread-1] DEBUG org.mongodb.driver.protocol.command - Sending command '{"find": "user", "filter": {"_id": "32"}, "limit": 1, "singleBatch": true, "$db": "tenistas", "lsid": {"id": {"$binary": {"base64": "N5Yve4NDRC6QI73/tH5BRA==", "subType": "04"}}}}' with request id 270 to database tenistas on connection [connectionId{localValue:3, serverValue:1801}] to server localhost:27017
22:20:49.302 [Thread-10] DEBUG org.mongodb.driver.protocol.command - Execution of command with request id 270 completed successfully in 1.18 ms on connection [connectionId{localValue:3, serverValue:1801}] to server localhost:27017
22:20:49.302 [Thread-10] DEBUG org.mongodb.driver.operation - Received batch of 1 documents with cursorId 0 from server localhost:27017
22:20:49.303 [AsyncGetter-3-thread-1] DEBUG org.mongodb.driver.operation - retryWrites set to true but the server is a standalone server.
22:20:49.304 [AsyncGetter-3-thread-1] DEBUG org.mongodb.driver.protocol.command - Sending command '{"update": "turno", "ordered": true, "$db": "tenistas", "lsid": {"id": {"$binary": {"base64": "N5Yve4NDRC6QI73/tH5BRA==", "subType": "04"}}}, "updates": [{"q": {"_id": "123"}, "u": {"fechaInicio": {"$date": "2022-02-15T00:00:00Z"}, "fechaFinal": {"$date": "2024-12-16T00:00:00Z"}, "usuario_id": "32"}, "upsert": true}]}' with request id 271 to database tenistas on connection [connectionId{localValue:3, serverValue:1801}] to server localhost:27017
22:20:49.316 [Thread-9] DEBUG org.mongodb.driver.protocol.command - Execution of command with request id 271 completed successfully in 12.36 ms on connection [connectionId{localValue:3, serverValue:1801}] to server localhost:27017
22:20:49.317 [AsyncGetter-3-thread-1] DEBUG org.mongodb.driver.protocol.command - Sending command '{"find": "turno", "filter": {}, "batchSize": 64, "$db": "tenistas", "lsid": {"id": {"$binary": {"base64": "N5Yve4NDRC6QI73/tH5BRA==", "subType": "04"}}}}' with request id 272 to database tenistas on connection [connectionId{localValue:3, serverValue:1801}] to server localhost:27017
22:20:49.319 [Thread-10] DEBUG org.mongodb.driver.protocol.command - Execution of command with request id 272 completed successfully in 1.14 ms on connection [connectionId{localValue:3, serverValue:1801}] to server localhost:27017
22:20:49.319 [Thread-10] DEBUG org.mongodb.driver.operation - Received batch of 1 documents with cursorId 0 from server localhost:27017
22:20:49.320 [AsyncGetter-3-thread-1] DEBUG org.mongodb.driver.operation - retryWrites set to true but the server is a standalone server.
22:20:49.320 [AsyncGetter-3-thread-1] DEBUG org.mongodb.driver.protocol.command - Sending command '{"update": "maquinaEncordar", "ordered": true, "$db": "tenistas", "lsid": {"id": {"$binary": {"base64": "N5Yve4NDRC6QI73/tH5BRA==", "subType": "04"}}}, "updates": [{"q": {"_id": "63e01dabcc53d942a0b0e42f"}, "u": {"marca": "Maquina marca Encordado 1", "modelo": "Maquina modelo Encordado 1", "fechaAdquisicion": {"$date": "2022-12-27T00:00:00Z"}, "numeroSerie": "3345", "tipo": "AUTOMATICA", "tensionMaxima": 12.32, "tensionMinima": 11.0, "turno_id": "123"}, "upsert": true}]}' with request id 273 to database tenistas on connection [connectionId{localValue:3, serverValue:1801}] to server localhost:27017
22:20:49.334 [Thread-9] DEBUG org.mongodb.driver.protocol.command - Execution of command with request id 273 completed successfully in 13.64 ms on connection [connectionId{localValue:3, serverValue:1801}] to server localhost:27017
22:20:49.335 [AsyncGetter-3-thread-1] DEBUG org.mongodb.driver.protocol.command - Sending command '{"find": "maquinaEncordar", "filter": {}, "batchSize": 64, "$db": "tenistas", "lsid": {"id": {"$binary": {"base64": "N5Yve4NDRC6QI73/tH5BRA==", "subType": "04"}}}}' with request id 274 to database tenistas on connection [connectionId{localValue:3, serverValue:1801}] to server localhost:27017
22:20:49.336 [Thread-10] DEBUG org.mongodb.driver.protocol.command - Execution of command with request id 274 completed successfully in 0.86 ms on connection [connectionId{localValue:3, serverValue:1801}] to server localhost:27017
22:20:49.336 [Thread-10] DEBUG org.mongodb.driver.operation - Received batch of 1 documents with cursorId 0 from server localhost:27017
22:20:49.337 [AsyncGetter-3-thread-1] DEBUG org.mongodb.driver.operation - retryWrites set to true but the server is a standalone server.
22:20:49.338 [AsyncGetter-3-thread-1] DEBUG org.mongodb.driver.protocol.command - Sending command '{"delete": "maquinaEncordar", "ordered": true, "$db": "tenistas", "lsid": {"id": {"$binary": {"base64": "N5Yve4NDRC6QI73/tH5BRA==", "subType": "04"}}}, "deletes": [{"q": {"_id": "63e01dabcc53d942a0b0e42f"}, "limit": 1}]}' with request id 275 to database tenistas on connection [connectionId{localValue:3, serverValue:1801}] to server localhost:27017
22:20:49.339 [Thread-9] DEBUG org.mongodb.driver.protocol.command - Execution of command with request id 275 completed successfully in 0.82 ms on connection [connectionId{localValue:3, serverValue:1801}] to server localhost:27017
22:20:49.339 [AsyncGetter-3-thread-1] DEBUG org.mongodb.driver.operation - retryWrites set to true but the server is a standalone server.
22:20:49.340 [AsyncGetter-3-thread-1] DEBUG org.mongodb.driver.protocol.command - Sending command '{"delete": "turno", "ordered": true, "$db": "tenistas", "lsid": {"id": {"$binary": {"base64": "N5Yve4NDRC6QI73/tH5BRA==", "subType": "04"}}}, "deletes": [{"q": {"_id": "123"}, "limit": 1}]}' with request id 276 to database tenistas on connection [connectionId{localValue:3, serverValue:1801}] to server localhost:27017
22:20:49.340 [Thread-10] DEBUG org.mongodb.driver.protocol.command - Execution of command with request id 276 completed successfully in 0.77 ms on connection [connectionId{localValue:3, serverValue:1801}] to server localhost:27017
22:20:49.342 [AsyncGetter-3-thread-1] DEBUG org.mongodb.driver.operation - retryWrites set to true but the server is a standalone server.
22:20:49.343 [AsyncGetter-3-thread-1] DEBUG org.mongodb.driver.protocol.command - Sending command '{"delete": "user", "ordered": true, "$db": "tenistas", "lsid": {"id": {"$binary": {"base64": "N5Yve4NDRC6QI73/tH5BRA==", "subType": "04"}}}, "deletes": [{"q": {"_id": "32"}, "limit": 1}]}' with request id 277 to database tenistas on connection [connectionId{localValue:3, serverValue:1801}] to server localhost:27017
22:20:49.344 [Thread-9] DEBUG org.mongodb.driver.protocol.command - Execution of command with request id 277 completed successfully in 1.30 ms on connection [connectionId{localValue:3, serverValue:1801}] to server localhost:27017
22:20:49.348 [AsyncGetter-3-thread-1] DEBUG org.mongodb.driver.protocol.command - Sending command '{"drop": "user", "$db": "tenistas", "lsid": {"id": {"$binary": {"base64": "N5Yve4NDRC6QI73/tH5BRA==", "subType": "04"}}}}' with request id 278 to database tenistas on connection [connectionId{localValue:3, serverValue:1801}] to server localhost:27017
22:20:49.350 [Thread-10] DEBUG org.mongodb.driver.protocol.command - Execution of command with request id 278 completed successfully in 1.65 ms on connection [connectionId{localValue:3, serverValue:1801}] to server localhost:27017
22:20:49.351 [AsyncGetter-3-thread-1] DEBUG org.mongodb.driver.protocol.command - Sending command '{"drop": "pedido", "$db": "tenistas", "lsid": {"id": {"$binary": {"base64": "N5Yve4NDRC6QI73/tH5BRA==", "subType": "04"}}}}' with request id 279 to database tenistas on connection [connectionId{localValue:3, serverValue:1801}] to server localhost:27017
22:20:49.352 [Thread-9] DEBUG org.mongodb.driver.protocol.command - Execution of command with request id 279 completed successfully in 0.89 ms on connection [connectionId{localValue:3, serverValue:1801}] to server localhost:27017
22:20:49.352 [AsyncGetter-3-thread-1] DEBUG org.mongodb.driver.protocol.command - Sending command '{"drop": "tareaPersonalizacion", "$db": "tenistas", "lsid": {"id": {"$binary": {"base64": "N5Yve4NDRC6QI73/tH5BRA==", "subType": "04"}}}}' with request id 280 to database tenistas on connection [connectionId{localValue:3, serverValue:1801}] to server localhost:27017
22:20:49.353 [Thread-10] DEBUG org.mongodb.driver.protocol.command - Execution of command with request id 280 completed successfully in 0.87 ms on connection [connectionId{localValue:3, serverValue:1801}] to server localhost:27017
22:20:49.354 [AsyncGetter-3-thread-1] DEBUG org.mongodb.driver.protocol.command - Sending command '{"find": "user", "filter": {}, "batchSize": 64, "$db": "tenistas", "lsid": {"id": {"$binary": {"base64": "N5Yve4NDRC6QI73/tH5BRA==", "subType": "04"}}}}' with request id 281 to database tenistas on connection [connectionId{localValue:3, serverValue:1801}] to server localhost:27017
22:20:49.354 [Thread-9] DEBUG org.mongodb.driver.protocol.command - Execution of command with request id 281 completed successfully in 0.62 ms on connection [connectionId{localValue:3, serverValue:1801}] to server localhost:27017
22:20:49.355 [Thread-9] DEBUG org.mongodb.driver.operation - Received batch of 0 documents with cursorId 0 from server localhost:27017
22:20:49.355 [AsyncGetter-3-thread-1] DEBUG org.mongodb.driver.operation - retryWrites set to true but the server is a standalone server.
22:20:49.356 [AsyncGetter-3-thread-1] DEBUG org.mongodb.driver.protocol.command - Sending command '{"update": "user", "ordered": true, "$db": "tenistas", "lsid": {"id": {"$binary": {"base64": "N5Yve4NDRC6QI73/tH5BRA==", "subType": "04"}}}, "updates": [{"q": {"_id": "32"}, "u": {"id": "37", "name": "dsgs", "username": "e23d", "email": "juan", "password": "974f3036f39834082e23f4d70f1feba9d4805b3ee2cedb50b6f1f49f72dd83616c2155f9ff6e08a1cefbf9e6ba2f4aaa45233c8c066a65e002924abfa51590c4", "tipoUser": "CLIENTE", "phone": "3453", "website": "http://www.gfgd"}, "upsert": true}]}' with request id 282 to database tenistas on connection [connectionId{localValue:3, serverValue:1801}] to server localhost:27017
22:20:49.367 [Thread-10] DEBUG org.mongodb.driver.protocol.command - Execution of command with request id 282 completed successfully in 12.14 ms on connection [connectionId{localValue:3, serverValue:1801}] to server localhost:27017
22:20:49.368 [AsyncGetter-3-thread-1] DEBUG org.mongodb.driver.protocol.command - Sending command '{"find": "user", "filter": {"_id": "32"}, "limit": 1, "singleBatch": true, "$db": "tenistas", "lsid": {"id": {"$binary": {"base64": "N5Yve4NDRC6QI73/tH5BRA==", "subType": "04"}}}}' with request id 283 to database tenistas on connection [connectionId{localValue:3, serverValue:1801}] to server localhost:27017
22:20:49.369 [Thread-9] DEBUG org.mongodb.driver.protocol.command - Execution of command with request id 283 completed successfully in 0.72 ms on connection [connectionId{localValue:3, serverValue:1801}] to server localhost:27017
22:20:49.369 [Thread-9] DEBUG org.mongodb.driver.operation - Received batch of 1 documents with cursorId 0 from server localhost:27017
22:20:49.370 [AsyncGetter-3-thread-1] DEBUG org.mongodb.driver.operation - retryWrites set to true but the server is a standalone server.
22:20:49.370 [AsyncGetter-3-thread-1] DEBUG org.mongodb.driver.protocol.command - Sending command '{"update": "pedido", "ordered": true, "$db": "tenistas", "lsid": {"id": {"$binary": {"base64": "N5Yve4NDRC6QI73/tH5BRA==", "subType": "04"}}}, "updates": [{"q": {"_id": "123456789"}, "u": {"estado": "EN_PROCESO", "fechaEntrada": {"$date": "2022-12-27T00:00:00Z"}, "fechaSalidaProgramada": {"$date": "2022-12-27T00:00:00Z"}, "fechaEntrega": {"$date": "2022-12-27T00:00:00Z"}, "precio": 222.2, "usuario_id": "32"}, "upsert": true}]}' with request id 284 to database tenistas on connection [connectionId{localValue:3, serverValue:1801}] to server localhost:27017
22:20:49.382 [Thread-10] DEBUG org.mongodb.driver.protocol.command - Execution of command with request id 284 completed successfully in 11.74 ms on connection [connectionId{localValue:3, serverValue:1801}] to server localhost:27017
22:20:49.383 [AsyncGetter-3-thread-1] DEBUG org.mongodb.driver.protocol.command - Sending command '{"find": "pedido", "filter": {"_id": "123456789"}, "limit": 1, "singleBatch": true, "$db": "tenistas", "lsid": {"id": {"$binary": {"base64": "N5Yve4NDRC6QI73/tH5BRA==", "subType": "04"}}}}' with request id 285 to database tenistas on connection [connectionId{localValue:3, serverValue:1801}] to server localhost:27017
22:20:49.384 [Thread-9] DEBUG org.mongodb.driver.protocol.command - Execution of command with request id 285 completed successfully in 0.78 ms on connection [connectionId{localValue:3, serverValue:1801}] to server localhost:27017
22:20:49.384 [Thread-9] DEBUG org.mongodb.driver.operation - Received batch of 1 documents with cursorId 0 from server localhost:27017
22:20:49.683 [Test worker @background work runner#387] DEBUG repositories.ktorfit.KtorfitRepository - create(TareaDto(userId=32, id=63e01dabcc53d942a0b0e42e, title=Tarea Personalizacio, completed=EN_PROCESO)) - OK
22:20:49.684 [AsyncGetter-3-thread-1] DEBUG org.mongodb.driver.protocol.command - Sending command '{"find": "pedido", "filter": {"_id": "123456789"}, "limit": 1, "singleBatch": true, "$db": "tenistas", "lsid": {"id": {"$binary": {"base64": "N5Yve4NDRC6QI73/tH5BRA==", "subType": "04"}}}}' with request id 286 to database tenistas on connection [connectionId{localValue:3, serverValue:1801}] to server localhost:27017
22:20:49.685 [Thread-10] DEBUG org.mongodb.driver.protocol.command - Execution of command with request id 286 completed successfully in 0.88 ms on connection [connectionId{localValue:3, serverValue:1801}] to server localhost:27017
22:20:49.685 [Thread-10] DEBUG org.mongodb.driver.operation - Received batch of 1 documents with cursorId 0 from server localhost:27017
22:20:49.686 [AsyncGetter-3-thread-1] DEBUG org.mongodb.driver.operation - retryWrites set to true but the server is a standalone server.
22:20:49.686 [AsyncGetter-3-thread-1] DEBUG org.mongodb.driver.protocol.command - Sending command '{"update": "tareaPersonalizacion", "ordered": true, "$db": "tenistas", "lsid": {"id": {"$binary": {"base64": "N5Yve4NDRC6QI73/tH5BRA==", "subType": "04"}}}, "updates": [{"q": {"_id": "63e01dabcc53d942a0b0e42e"}, "u": {"rigidez": 8.0, "peso": 1.2, "balance": 1.1, "precio": 222.2, "pedido_id": "123456789"}, "upsert": true}]}' with request id 287 to database tenistas on connection [connectionId{localValue:3, serverValue:1801}] to server localhost:27017
22:20:49.702 [Thread-9] DEBUG org.mongodb.driver.protocol.command - Execution of command with request id 287 completed successfully in 15.29 ms on connection [connectionId{localValue:3, serverValue:1801}] to server localhost:27017
22:20:49.704 [AsyncGetter-3-thread-1] DEBUG org.mongodb.driver.protocol.command - Sending command '{"find": "tareaPersonalizacion", "filter": {}, "batchSize": 64, "$db": "tenistas", "lsid": {"id": {"$binary": {"base64": "N5Yve4NDRC6QI73/tH5BRA==", "subType": "04"}}}}' with request id 288 to database tenistas on connection [connectionId{localValue:3, serverValue:1801}] to server localhost:27017
22:20:49.704 [Thread-10] DEBUG org.mongodb.driver.protocol.command - Execution of command with request id 288 completed successfully in 1.01 ms on connection [connectionId{localValue:3, serverValue:1801}] to server localhost:27017
22:20:49.705 [Thread-10] DEBUG org.mongodb.driver.operation - Received batch of 1 documents with cursorId 0 from server localhost:27017
22:20:49.706 [AsyncGetter-3-thread-1] DEBUG org.mongodb.driver.operation - retryWrites set to true but the server is a standalone server.
22:20:49.706 [AsyncGetter-3-thread-1] DEBUG org.mongodb.driver.protocol.command - Sending command '{"delete": "tareaPersonalizacion", "ordered": true, "$db": "tenistas", "lsid": {"id": {"$binary": {"base64": "N5Yve4NDRC6QI73/tH5BRA==", "subType": "04"}}}, "deletes": [{"q": {"_id": "63e01dabcc53d942a0b0e42e"}, "limit": 1}]}' with request id 289 to database tenistas on connection [connectionId{localValue:3, serverValue:1801}] to server localhost:27017
22:20:49.707 [Thread-9] DEBUG org.mongodb.driver.protocol.command - Execution of command with request id 289 completed successfully in 1.28 ms on connection [connectionId{localValue:3, serverValue:1801}] to server localhost:27017
22:20:49.708 [AsyncGetter-3-thread-1] DEBUG org.mongodb.driver.operation - retryWrites set to true but the server is a standalone server.
22:20:49.709 [AsyncGetter-3-thread-1] DEBUG org.mongodb.driver.protocol.command - Sending command '{"delete": "pedido", "ordered": true, "$db": "tenistas", "lsid": {"id": {"$binary": {"base64": "N5Yve4NDRC6QI73/tH5BRA==", "subType": "04"}}}, "deletes": [{"q": {"_id": "123456789"}, "limit": 1}]}' with request id 290 to database tenistas on connection [connectionId{localValue:3, serverValue:1801}] to server localhost:27017
22:20:49.711 [Thread-10] DEBUG org.mongodb.driver.protocol.command - Execution of command with request id 290 completed successfully in 1.62 ms on connection [connectionId{localValue:3, serverValue:1801}] to server localhost:27017
22:20:49.712 [AsyncGetter-3-thread-1] DEBUG org.mongodb.driver.operation - retryWrites set to true but the server is a standalone server.
22:20:49.713 [AsyncGetter-3-thread-1] DEBUG org.mongodb.driver.protocol.command - Sending command '{"delete": "user", "ordered": true, "$db": "tenistas", "lsid": {"id": {"$binary": {"base64": "N5Yve4NDRC6QI73/tH5BRA==", "subType": "04"}}}, "deletes": [{"q": {"_id": "32"}, "limit": 1}]}' with request id 291 to database tenistas on connection [connectionId{localValue:3, serverValue:1801}] to server localhost:27017
22:20:49.714 [Thread-9] DEBUG org.mongodb.driver.protocol.command - Execution of command with request id 291 completed successfully in 1.22 ms on connection [connectionId{localValue:3, serverValue:1801}] to server localhost:27017
22:20:49.719 [AsyncGetter-3-thread-1] DEBUG org.mongodb.driver.protocol.command - Sending command '{"drop": "user", "$db": "tenistas", "lsid": {"id": {"$binary": {"base64": "N5Yve4NDRC6QI73/tH5BRA==", "subType": "04"}}}}' with request id 292 to database tenistas on connection [connectionId{localValue:3, serverValue:1801}] to server localhost:27017
22:20:49.721 [Thread-10] DEBUG org.mongodb.driver.protocol.command - Execution of command with request id 292 completed successfully in 1.82 ms on connection [connectionId{localValue:3, serverValue:1801}] to server localhost:27017
22:20:49.722 [AsyncGetter-3-thread-1] DEBUG org.mongodb.driver.protocol.command - Sending command '{"drop": "turno", "$db": "tenistas", "lsid": {"id": {"$binary": {"base64": "N5Yve4NDRC6QI73/tH5BRA==", "subType": "04"}}}}' with request id 293 to database tenistas on connection [connectionId{localValue:3, serverValue:1801}] to server localhost:27017
22:20:49.724 [Thread-9] DEBUG org.mongodb.driver.protocol.command - Execution of command with request id 293 completed successfully in 1.42 ms on connection [connectionId{localValue:3, serverValue:1801}] to server localhost:27017
22:20:49.725 [AsyncGetter-3-thread-1] DEBUG org.mongodb.driver.protocol.command - Sending command '{"drop": "maquinaEncordar", "$db": "tenistas", "lsid": {"id": {"$binary": {"base64": "N5Yve4NDRC6QI73/tH5BRA==", "subType": "04"}}}}' with request id 294 to database tenistas on connection [connectionId{localValue:3, serverValue:1801}] to server localhost:27017
22:20:49.729 [Thread-10] DEBUG org.mongodb.driver.protocol.command - Execution of command with request id 294 completed successfully in 3.62 ms on connection [connectionId{localValue:3, serverValue:1801}] to server localhost:27017
22:20:49.731 [AsyncGetter-3-thread-1] DEBUG org.mongodb.driver.protocol.command - Sending command '{"find": "user", "filter": {}, "batchSize": 64, "$db": "tenistas", "lsid": {"id": {"$binary": {"base64": "N5Yve4NDRC6QI73/tH5BRA==", "subType": "04"}}}}' with request id 295 to database tenistas on connection [connectionId{localValue:3, serverValue:1801}] to server localhost:27017
22:20:49.732 [Thread-9] DEBUG org.mongodb.driver.protocol.command - Execution of command with request id 295 completed successfully in 1.22 ms on connection [connectionId{localValue:3, serverValue:1801}] to server localhost:27017
22:20:49.732 [Thread-9] DEBUG org.mongodb.driver.operation - Received batch of 0 documents with cursorId 0 from server localhost:27017
22:20:49.734 [AsyncGetter-3-thread-1] DEBUG org.mongodb.driver.operation - retryWrites set to true but the server is a standalone server.
22:20:49.734 [AsyncGetter-3-thread-1] DEBUG org.mongodb.driver.protocol.command - Sending command '{"update": "user", "ordered": true, "$db": "tenistas", "lsid": {"id": {"$binary": {"base64": "N5Yve4NDRC6QI73/tH5BRA==", "subType": "04"}}}, "updates": [{"q": {"_id": "32"}, "u": {"id": "37", "name": "dsgs", "username": "e23d", "email": "juan", "password": "974f3036f39834082e23f4d70f1feba9d4805b3ee2cedb50b6f1f49f72dd83616c2155f9ff6e08a1cefbf9e6ba2f4aaa45233c8c066a65e002924abfa51590c4", "tipoUser": "CLIENTE", "phone": "3453", "website": "http://www.gfgd"}, "upsert": true}]}' with request id 296 to database tenistas on connection [connectionId{localValue:3, serverValue:1801}] to server localhost:27017
22:20:49.750 [Thread-10] DEBUG org.mongodb.driver.protocol.command - Execution of command with request id 296 completed successfully in 15.75 ms on connection [connectionId{localValue:3, serverValue:1801}] to server localhost:27017
22:20:49.752 [AsyncGetter-3-thread-1] DEBUG org.mongodb.driver.protocol.command - Sending command '{"find": "user", "filter": {"_id": "32"}, "limit": 1, "singleBatch": true, "$db": "tenistas", "lsid": {"id": {"$binary": {"base64": "N5Yve4NDRC6QI73/tH5BRA==", "subType": "04"}}}}' with request id 297 to database tenistas on connection [connectionId{localValue:3, serverValue:1801}] to server localhost:27017
22:20:49.752 [Thread-9] DEBUG org.mongodb.driver.protocol.command - Execution of command with request id 297 completed successfully in 0.99 ms on connection [connectionId{localValue:3, serverValue:1801}] to server localhost:27017
22:20:49.753 [Thread-9] DEBUG org.mongodb.driver.operation - Received batch of 1 documents with cursorId 0 from server localhost:27017
22:20:49.754 [AsyncGetter-3-thread-1] DEBUG org.mongodb.driver.operation - retryWrites set to true but the server is a standalone server.
22:20:49.754 [AsyncGetter-3-thread-1] DEBUG org.mongodb.driver.protocol.command - Sending command '{"update": "turno", "ordered": true, "$db": "tenistas", "lsid": {"id": {"$binary": {"base64": "N5Yve4NDRC6QI73/tH5BRA==", "subType": "04"}}}, "updates": [{"q": {"_id": "123"}, "u": {"fechaInicio": {"$date": "2022-02-15T00:00:00Z"}, "fechaFinal": {"$date": "2024-12-16T00:00:00Z"}, "usuario_id": "32"}, "upsert": true}]}' with request id 298 to database tenistas on connection [connectionId{localValue:3, serverValue:1801}] to server localhost:27017
22:20:49.770 [Thread-10] DEBUG org.mongodb.driver.protocol.command - Execution of command with request id 298 completed successfully in 15.74 ms on connection [connectionId{localValue:3, serverValue:1801}] to server localhost:27017
22:20:49.772 [AsyncGetter-3-thread-1] DEBUG org.mongodb.driver.protocol.command - Sending command '{"find": "turno", "filter": {}, "batchSize": 64, "$db": "tenistas", "lsid": {"id": {"$binary": {"base64": "N5Yve4NDRC6QI73/tH5BRA==", "subType": "04"}}}}' with request id 299 to database tenistas on connection [connectionId{localValue:3, serverValue:1801}] to server localhost:27017
22:20:49.772 [Thread-9] DEBUG org.mongodb.driver.protocol.command - Execution of command with request id 299 completed successfully in 1.02 ms on connection [connectionId{localValue:3, serverValue:1801}] to server localhost:27017
22:20:49.773 [Thread-9] DEBUG org.mongodb.driver.operation - Received batch of 1 documents with cursorId 0 from server localhost:27017
22:20:49.774 [AsyncGetter-3-thread-1] DEBUG org.mongodb.driver.operation - retryWrites set to true but the server is a standalone server.
22:20:49.777 [AsyncGetter-3-thread-1] DEBUG org.mongodb.driver.protocol.command - Sending command '{"update": "maquinaEncordar", "ordered": true, "$db": "tenistas", "lsid": {"id": {"$binary": {"base64": "N5Yve4NDRC6QI73/tH5BRA==", "subType": "04"}}}, "updates": [{"q": {"_id": "63e01dabcc53d942a0b0e42f"}, "u": {"marca": "Maquina marca Encordado 1", "modelo": "Maquina modelo Encordado 1", "fechaAdquisicion": {"$date": "2022-12-27T00:00:00Z"}, "numeroSerie": "3345", "tipo": "AUTOMATICA", "tensionMaxima": 12.32, "tensionMinima": 11.0, "turno_id": "123"}, "upsert": true}]}' with request id 300 to database tenistas on connection [connectionId{localValue:3, serverValue:1801}] to server localhost:27017
22:20:49.789 [Thread-10] DEBUG org.mongodb.driver.protocol.command - Execution of command with request id 300 completed successfully in 13.71 ms on connection [connectionId{localValue:3, serverValue:1801}] to server localhost:27017
22:20:49.793 [AsyncGetter-3-thread-1] DEBUG org.mongodb.driver.operation - retryWrites set to true but the server is a standalone server.
22:20:49.796 [AsyncGetter-3-thread-1] DEBUG org.mongodb.driver.protocol.command - Sending command '{"update": "maquinaEncordar", "ordered": true, "$db": "tenistas", "lsid": {"id": {"$binary": {"base64": "N5Yve4NDRC6QI73/tH5BRA==", "subType": "04"}}}, "updates": [{"q": {"_id": "63e01db1cc53d942a0b0e435"}, "u": {"$set": {"marca": "Maquina marca Encordado 12", "modelo": "Maquina modelo Encordado 1", "fechaAdquisicion": {"$date": "2022-12-27T00:00:00Z"}, "numeroSerie": "3345", "tipo": "AUTOMATICA", "tensionMaxima": 12.32, "tensionMinima": 11.0, "turno_id": "123"}}}]}' with request id 301 to database tenistas on connection [connectionId{localValue:3, serverValue:1801}] to server localhost:27017
22:20:49.798 [Thread-9] DEBUG org.mongodb.driver.protocol.command - Execution of command with request id 301 completed successfully in 2.31 ms on connection [connectionId{localValue:3, serverValue:1801}] to server localhost:27017
22:20:49.800 [AsyncGetter-3-thread-1] DEBUG org.mongodb.driver.protocol.command - Sending command '{"find": "maquinaEncordar", "filter": {}, "batchSize": 64, "$db": "tenistas", "lsid": {"id": {"$binary": {"base64": "N5Yve4NDRC6QI73/tH5BRA==", "subType": "04"}}}}' with request id 302 to database tenistas on connection [connectionId{localValue:3, serverValue:1801}] to server localhost:27017
22:20:49.801 [Thread-10] DEBUG org.mongodb.driver.protocol.command - Execution of command with request id 302 completed successfully in 1.10 ms on connection [connectionId{localValue:3, serverValue:1801}] to server localhost:27017
22:20:49.801 [Thread-10] DEBUG org.mongodb.driver.operation - Received batch of 1 documents with cursorId 0 from server localhost:27017
22:20:49.804 [AsyncGetter-3-thread-1] DEBUG org.mongodb.driver.operation - retryWrites set to true but the server is a standalone server.
22:20:49.805 [AsyncGetter-3-thread-1] DEBUG org.mongodb.driver.protocol.command - Sending command '{"delete": "maquinaEncordar", "ordered": true, "$db": "tenistas", "lsid": {"id": {"$binary": {"base64": "N5Yve4NDRC6QI73/tH5BRA==", "subType": "04"}}}, "deletes": [{"q": {"_id": "63e01dabcc53d942a0b0e42f"}, "limit": 1}]}' with request id 303 to database tenistas on connection [connectionId{localValue:3, serverValue:1801}] to server localhost:27017
22:20:49.805 [Thread-9] DEBUG org.mongodb.driver.protocol.command - Execution of command with request id 303 completed successfully in 1.21 ms on connection [connectionId{localValue:3, serverValue:1801}] to server localhost:27017
22:20:49.806 [AsyncGetter-3-thread-1] DEBUG org.mongodb.driver.operation - retryWrites set to true but the server is a standalone server.
22:20:49.807 [AsyncGetter-3-thread-1] DEBUG org.mongodb.driver.protocol.command - Sending command '{"delete": "turno", "ordered": true, "$db": "tenistas", "lsid": {"id": {"$binary": {"base64": "N5Yve4NDRC6QI73/tH5BRA==", "subType": "04"}}}, "deletes": [{"q": {"_id": "123"}, "limit": 1}]}' with request id 304 to database tenistas on connection [connectionId{localValue:3, serverValue:1801}] to server localhost:27017
22:20:49.808 [Thread-10] DEBUG org.mongodb.driver.protocol.command - Execution of command with request id 304 completed successfully in 0.99 ms on connection [connectionId{localValue:3, serverValue:1801}] to server localhost:27017
22:20:49.810 [AsyncGetter-3-thread-1] DEBUG org.mongodb.driver.operation - retryWrites set to true but the server is a standalone server.
22:20:49.811 [AsyncGetter-3-thread-1] DEBUG org.mongodb.driver.protocol.command - Sending command '{"delete": "user", "ordered": true, "$db": "tenistas", "lsid": {"id": {"$binary": {"base64": "N5Yve4NDRC6QI73/tH5BRA==", "subType": "04"}}}, "deletes": [{"q": {"_id": "32"}, "limit": 1}]}' with request id 305 to database tenistas on connection [connectionId{localValue:3, serverValue:1801}] to server localhost:27017
22:20:49.812 [Thread-9] DEBUG org.mongodb.driver.protocol.command - Execution of command with request id 305 completed successfully in 1.44 ms on connection [connectionId{localValue:3, serverValue:1801}] to server localhost:27017
]]></system-out>
  <system-err><![CDATA[]]></system-err>
</testsuite>
